

Microchip MPLAB XC8 Assembler V2.50 build 20240725155939 
                                                                                               Fri Mar 07 03:59:06 2025

Microchip MPLAB XC8 C Compiler v2.50 (Free license) build 20240725155939 Og9 
     1                           	processor	18F4550
     2                           	fnconf	rparam,??,?,0
     3                           	pagewidth 120
     4                           	opt	flic
     5                           	psect	cinit,global,reloc=2,class=CODE,space=0,delta=1
     6                           	psect	bssCOMRAM,global,class=COMRAM,space=1,delta=1,lowdata,noexec
     7                           	psect	cstackCOMRAM,global,class=COMRAM,space=1,delta=1,lowdata,noexec
     8                           	psect	text0,global,reloc=2,class=CODE,space=0,delta=1
     9                           	psect	text1,global,reloc=2,class=CODE,space=0,delta=1
    10                           	psect	text2,global,reloc=2,class=CODE,space=0,delta=1,group=1
    11                           	psect	text3,global,reloc=2,class=CODE,space=0,delta=1
    12                           	psect	text4,global,reloc=2,class=CODE,space=0,delta=1
    13                           	psect	smallconst,global,reloc=2,class=SMALLCONST,space=0,delta=1,noexec
    14                           	psect	intsave_regs,global,class=BIGRAM,space=1,delta=1,noexec
    15                           	psect	rparam,global,class=COMRAM,space=1,delta=1,noexec
    16                           	psect	idloc,global,abs,ovrld,class=IDLOC,space=5,delta=1,noexec
    17                           	psect	config,global,abs,ovrld,class=CONFIG,space=4,delta=1,noexec
    18   000000                     
    19                           ; Generated 25/07/2024 GMT
    20                           ; 
    21                           ; Copyright © 2024, Microchip Technology Inc. and its subsidiaries ("Microchip")
    22                           ; All rights reserved.
    23                           ; 
    24                           ; This software is developed by Microchip Technology Inc. and its subsidiaries ("Microch
      +                          ip").
    25                           ; 
    26                           ; Redistribution and use in source and binary forms, with or without modification, are
    27                           ; permitted provided that the following conditions are met:
    28                           ; 
    29                           ;     1. Redistributions of source code must retain the above copyright notice, this lis
      +                          t of
    30                           ;        conditions and the following disclaimer.
    31                           ; 
    32                           ;     2. Redistributions in binary form must reproduce the above copyright notice, this 
      +                          list
    33                           ;        of conditions and the following disclaimer in the documentation and/or other
    34                           ;        materials provided with the distribution. Publication is not required when
    35                           ;        this file is used in an embedded application.
    36                           ; 
    37                           ;     3. Microchip's name may not be used to endorse or promote products derived from th
      +                          is
    38                           ;        software without specific prior written permission.
    39                           ; 
    40                           ; THIS SOFTWARE IS PROVIDED BY MICROCHIP "AS IS" AND ANY EXPRESS OR IMPLIED WARRANTIES,
    41                           ; INCLUDING, BUT NOT LIMITED TO, THE IMPLIED WARRANTIES OF MERCHANTABILITY AND FITNESS F
      +                          OR
    42                           ; PURPOSE ARE DISCLAIMED.  IN NO EVENT SHALL MICROCHIP BE LIABLE FOR ANY DIRECT, INDIREC
      +                          T,
    43                           ; INCIDENTAL, SPECIAL, EXEMPLARY, OR CONSEQUENTIAL DAMAGES (INCLUDING BUT NOT LIMITED TO
    44                           ; PROCUREMENT OF SUBSTITUTE GOODS OR SERVICES; LOSS OF USE, DATA OR PROFITS; OR BUSINESS
    45                           ; INTERRUPTION) HOWSOEVER CAUSED AND ON ANY THEORY OF LIABILITY, WHETHER IN CONTRACT, ST
      +                          RICT
    46                           ; LIABILITY, OR TORT (INCLUDING NEGLIGENCE OR OTHERWISE) ARISING IN ANY WAY OUT OF THE U
      +                          SE OF
    47                           ; THIS SOFTWARE, EVEN IF ADVISED OF THE POSSIBILITY OF SUCH DAMAGE.
    48                           ; 
    49                           ; 
    50                           ; Code-generator required, PIC18F4550 Definitions
    51                           ; 
    52                           ; SFR Addresses
    53   000FE0                     bsr             equ	4064
    54   000FE9                     fsr0            equ	4073
    55   000FEA                     fsr0h           equ	4074
    56   000FE9                     fsr0l           equ	4073
    57   000FE1                     fsr1            equ	4065
    58   000FE2                     fsr1h           equ	4066
    59   000FE1                     fsr1l           equ	4065
    60   000FD9                     fsr2            equ	4057
    61   000FDA                     fsr2h           equ	4058
    62   000FD9                     fsr2l           equ	4057
    63   000FEF                     indf0           equ	4079
    64   000FE7                     indf1           equ	4071
    65   000FDF                     indf2           equ	4063
    66   000FF2                     intcon          equ	4082
    67   000000                     nvmcon          equ	0
    68   000FF9                     pcl             equ	4089
    69   000FFA                     pclath          equ	4090
    70   000FFB                     pclatu          equ	4091
    71   000FEB                     plusw0          equ	4075
    72   000FE3                     plusw1          equ	4067
    73   000FDB                     plusw2          equ	4059
    74   000FED                     postdec0        equ	4077
    75   000FE5                     postdec1        equ	4069
    76   000FDD                     postdec2        equ	4061
    77   000FEE                     postinc0        equ	4078
    78   000FE6                     postinc1        equ	4070
    79   000FDE                     postinc2        equ	4062
    80   000FEC                     preinc0         equ	4076
    81   000FE4                     preinc1         equ	4068
    82   000FDC                     preinc2         equ	4060
    83   000FF3                     prod            equ	4083
    84   000FF4                     prodh           equ	4084
    85   000FF3                     prodl           equ	4083
    86   000FD8                     status          equ	4056
    87   000FF5                     tablat          equ	4085
    88   000FF6                     tblptr          equ	4086
    89   000FF7                     tblptrh         equ	4087
    90   000FF6                     tblptrl         equ	4086
    91   000FF8                     tblptru         equ	4088
    92   000FFD                     tosl            equ	4093
    93   000FE8                     wreg            equ	4072
    94   000F62                     SPPDATA         equ	3938	;# 
    95   000F63                     SPPCFG          equ	3939	;# 
    96   000F64                     SPPEPS          equ	3940	;# 
    97   000F65                     SPPCON          equ	3941	;# 
    98   000F66                     UFRM            equ	3942	;# 
    99   000F66                     UFRML           equ	3942	;# 
   100   000F67                     UFRMH           equ	3943	;# 
   101   000F68                     UIR             equ	3944	;# 
   102   000F69                     UIE             equ	3945	;# 
   103   000F6A                     UEIR            equ	3946	;# 
   104   000F6B                     UEIE            equ	3947	;# 
   105   000F6C                     USTAT           equ	3948	;# 
   106   000F6D                     UCON            equ	3949	;# 
   107   000F6E                     UADDR           equ	3950	;# 
   108   000F6F                     UCFG            equ	3951	;# 
   109   000F70                     UEP0            equ	3952	;# 
   110   000F71                     UEP1            equ	3953	;# 
   111   000F72                     UEP2            equ	3954	;# 
   112   000F73                     UEP3            equ	3955	;# 
   113   000F74                     UEP4            equ	3956	;# 
   114   000F75                     UEP5            equ	3957	;# 
   115   000F76                     UEP6            equ	3958	;# 
   116   000F77                     UEP7            equ	3959	;# 
   117   000F78                     UEP8            equ	3960	;# 
   118   000F79                     UEP9            equ	3961	;# 
   119   000F7A                     UEP10           equ	3962	;# 
   120   000F7B                     UEP11           equ	3963	;# 
   121   000F7C                     UEP12           equ	3964	;# 
   122   000F7D                     UEP13           equ	3965	;# 
   123   000F7E                     UEP14           equ	3966	;# 
   124   000F7F                     UEP15           equ	3967	;# 
   125   000F80                     PORTA           equ	3968	;# 
   126   000F81                     PORTB           equ	3969	;# 
   127   000F82                     PORTC           equ	3970	;# 
   128   000F83                     PORTD           equ	3971	;# 
   129   000F84                     PORTE           equ	3972	;# 
   130   000F89                     LATA            equ	3977	;# 
   131   000F8A                     LATB            equ	3978	;# 
   132   000F8B                     LATC            equ	3979	;# 
   133   000F8C                     LATD            equ	3980	;# 
   134   000F8D                     LATE            equ	3981	;# 
   135   000F92                     TRISA           equ	3986	;# 
   136   000F92                     DDRA            equ	3986	;# 
   137   000F93                     TRISB           equ	3987	;# 
   138   000F93                     DDRB            equ	3987	;# 
   139   000F94                     TRISC           equ	3988	;# 
   140   000F94                     DDRC            equ	3988	;# 
   141   000F95                     TRISD           equ	3989	;# 
   142   000F95                     DDRD            equ	3989	;# 
   143   000F96                     TRISE           equ	3990	;# 
   144   000F96                     DDRE            equ	3990	;# 
   145   000F9B                     OSCTUNE         equ	3995	;# 
   146   000F9D                     PIE1            equ	3997	;# 
   147   000F9E                     PIR1            equ	3998	;# 
   148   000F9F                     IPR1            equ	3999	;# 
   149   000FA0                     PIE2            equ	4000	;# 
   150   000FA1                     PIR2            equ	4001	;# 
   151   000FA2                     IPR2            equ	4002	;# 
   152   000FA6                     EECON1          equ	4006	;# 
   153   000FA7                     EECON2          equ	4007	;# 
   154   000FA8                     EEDATA          equ	4008	;# 
   155   000FA9                     EEADR           equ	4009	;# 
   156   000FAB                     RCSTA           equ	4011	;# 
   157   000FAB                     RCSTA1          equ	4011	;# 
   158   000FAC                     TXSTA           equ	4012	;# 
   159   000FAC                     TXSTA1          equ	4012	;# 
   160   000FAD                     TXREG           equ	4013	;# 
   161   000FAD                     TXREG1          equ	4013	;# 
   162   000FAE                     RCREG           equ	4014	;# 
   163   000FAE                     RCREG1          equ	4014	;# 
   164   000FAF                     SPBRG           equ	4015	;# 
   165   000FAF                     SPBRG1          equ	4015	;# 
   166   000FB0                     SPBRGH          equ	4016	;# 
   167   000FB1                     T3CON           equ	4017	;# 
   168   000FB2                     TMR3            equ	4018	;# 
   169   000FB2                     TMR3L           equ	4018	;# 
   170   000FB3                     TMR3H           equ	4019	;# 
   171   000FB4                     CMCON           equ	4020	;# 
   172   000FB5                     CVRCON          equ	4021	;# 
   173   000FB6                     ECCP1AS         equ	4022	;# 
   174   000FB6                     CCP1AS          equ	4022	;# 
   175   000FB7                     ECCP1DEL        equ	4023	;# 
   176   000FB7                     CCP1DEL         equ	4023	;# 
   177   000FB8                     BAUDCON         equ	4024	;# 
   178   000FB8                     BAUDCTL         equ	4024	;# 
   179   000FBA                     CCP2CON         equ	4026	;# 
   180   000FBB                     CCPR2           equ	4027	;# 
   181   000FBB                     CCPR2L          equ	4027	;# 
   182   000FBC                     CCPR2H          equ	4028	;# 
   183   000FBD                     CCP1CON         equ	4029	;# 
   184   000FBD                     ECCP1CON        equ	4029	;# 
   185   000FBE                     CCPR1           equ	4030	;# 
   186   000FBE                     CCPR1L          equ	4030	;# 
   187   000FBF                     CCPR1H          equ	4031	;# 
   188   000FC0                     ADCON2          equ	4032	;# 
   189   000FC1                     ADCON1          equ	4033	;# 
   190   000FC2                     ADCON0          equ	4034	;# 
   191   000FC3                     ADRES           equ	4035	;# 
   192   000FC3                     ADRESL          equ	4035	;# 
   193   000FC4                     ADRESH          equ	4036	;# 
   194   000FC5                     SSPCON2         equ	4037	;# 
   195   000FC6                     SSPCON1         equ	4038	;# 
   196   000FC7                     SSPSTAT         equ	4039	;# 
   197   000FC8                     SSPADD          equ	4040	;# 
   198   000FC9                     SSPBUF          equ	4041	;# 
   199   000FCA                     T2CON           equ	4042	;# 
   200   000FCB                     PR2             equ	4043	;# 
   201   000FCB                     MEMCON          equ	4043	;# 
   202   000FCC                     TMR2            equ	4044	;# 
   203   000FCD                     T1CON           equ	4045	;# 
   204   000FCE                     TMR1            equ	4046	;# 
   205   000FCE                     TMR1L           equ	4046	;# 
   206   000FCF                     TMR1H           equ	4047	;# 
   207   000FD0                     RCON            equ	4048	;# 
   208   000FD1                     WDTCON          equ	4049	;# 
   209   000FD2                     HLVDCON         equ	4050	;# 
   210   000FD2                     LVDCON          equ	4050	;# 
   211   000FD3                     OSCCON          equ	4051	;# 
   212   000FD5                     T0CON           equ	4053	;# 
   213   000FD6                     TMR0            equ	4054	;# 
   214   000FD6                     TMR0L           equ	4054	;# 
   215   000FD7                     TMR0H           equ	4055	;# 
   216   000FD8                     STATUS          equ	4056	;# 
   217   000FD9                     FSR2            equ	4057	;# 
   218   000FD9                     FSR2L           equ	4057	;# 
   219   000FDA                     FSR2H           equ	4058	;# 
   220   000FDB                     PLUSW2          equ	4059	;# 
   221   000FDC                     PREINC2         equ	4060	;# 
   222   000FDD                     POSTDEC2        equ	4061	;# 
   223   000FDE                     POSTINC2        equ	4062	;# 
   224   000FDF                     INDF2           equ	4063	;# 
   225   000FE0                     BSR             equ	4064	;# 
   226   000FE1                     FSR1            equ	4065	;# 
   227   000FE1                     FSR1L           equ	4065	;# 
   228   000FE2                     FSR1H           equ	4066	;# 
   229   000FE3                     PLUSW1          equ	4067	;# 
   230   000FE4                     PREINC1         equ	4068	;# 
   231   000FE5                     POSTDEC1        equ	4069	;# 
   232   000FE6                     POSTINC1        equ	4070	;# 
   233   000FE7                     INDF1           equ	4071	;# 
   234   000FE8                     WREG            equ	4072	;# 
   235   000FE9                     FSR0            equ	4073	;# 
   236   000FE9                     FSR0L           equ	4073	;# 
   237   000FEA                     FSR0H           equ	4074	;# 
   238   000FEB                     PLUSW0          equ	4075	;# 
   239   000FEC                     PREINC0         equ	4076	;# 
   240   000FED                     POSTDEC0        equ	4077	;# 
   241   000FEE                     POSTINC0        equ	4078	;# 
   242   000FEF                     INDF0           equ	4079	;# 
   243   000FF0                     INTCON3         equ	4080	;# 
   244   000FF1                     INTCON2         equ	4081	;# 
   245   000FF2                     INTCON          equ	4082	;# 
   246   000FF3                     PROD            equ	4083	;# 
   247   000FF3                     PRODL           equ	4083	;# 
   248   000FF4                     PRODH           equ	4084	;# 
   249   000FF5                     TABLAT          equ	4085	;# 
   250   000FF6                     TBLPTR          equ	4086	;# 
   251   000FF6                     TBLPTRL         equ	4086	;# 
   252   000FF7                     TBLPTRH         equ	4087	;# 
   253   000FF8                     TBLPTRU         equ	4088	;# 
   254   000FF9                     PCLAT           equ	4089	;# 
   255   000FF9                     PC              equ	4089	;# 
   256   000FF9                     PCL             equ	4089	;# 
   257   000FFA                     PCLATH          equ	4090	;# 
   258   000FFB                     PCLATU          equ	4091	;# 
   259   000FFC                     STKPTR          equ	4092	;# 
   260   000FFD                     TOS             equ	4093	;# 
   261   000FFD                     TOSL            equ	4093	;# 
   262   000FFE                     TOSH            equ	4094	;# 
   263   000FFF                     TOSU            equ	4095	;# 
   264   007E81                     _POR            set	32385
   265   000F8D                     _LATE           set	3981
   266   000FA7                     _EECON2         set	4007
   267   000FF2                     _INTCONbits     set	4082
   268   000FA6                     _EECON1bits     set	4006
   269   000FA8                     _EEDATA         set	4008
   270   000FA9                     _EEADR          set	4009
   271   000F8C                     _LATD           set	3980
   272   000F96                     _TRISE          set	3990
   273   000F95                     _TRISD          set	3989
   274                           
   275                           ; #config settings
   276                           
   277                           	psect	cinit
   278   0008EE                     __pcinit:
   279                           	callstack 0
   280   0008EE                     start_initialization:
   281                           	callstack 0
   282   0008EE                     __initialization:
   283                           	callstack 0
   284                           
   285                           ; Clear objects allocated to COMRAM (1 bytes)
   286   0008EE  6A07               	clrf	__pbssCOMRAM& (0+255),c
   287   0008F0                     end_of_initialization:
   288                           	callstack 0
   289   0008F0                     __end_of__initialization:
   290                           	callstack 0
   291   0008F0  0100               	movlb	0
   292   0008F2  EF2B  F004         	goto	_main	;jump to C main() function
   293                           
   294                           	psect	bssCOMRAM
   295   000007                     __pbssCOMRAM:
   296                           	callstack 0
   297   000007                     _contadas:
   298                           	callstack 0
   299   000007                     	ds	1
   300                           
   301                           	psect	cstackCOMRAM
   302   000001                     __pcstackCOMRAM:
   303                           	callstack 0
   304   000001                     EEPROM_Write@data:
   305                           	callstack 0
   306   000001                     EEPROM_Read@address:
   307                           	callstack 0
   308   000001                     ___lbmod@divisor:
   309                           	callstack 0
   310   000001                     
   311                           ; 1 bytes @ 0x0
   312   000001                     	ds	1
   313   000002                     EEPROM_Write@address:
   314                           	callstack 0
   315   000002                     ___lbmod@dividend:
   316                           	callstack 0
   317   000002                     
   318                           ; 1 bytes @ 0x1
   319   000002                     	ds	1
   320   000003                     ___lbmod@counter:
   321                           	callstack 0
   322                           
   323                           ; 1 bytes @ 0x2
   324   000003                     	ds	1
   325   000004                     ___lbmod@rem:
   326                           	callstack 0
   327                           
   328                           ; 1 bytes @ 0x3
   329   000004                     	ds	1
   330   000005                     main@data_read:
   331                           	callstack 0
   332   000005                     
   333                           ; 1 bytes @ 0x4
   334   000005                     	ds	1
   335   000006                     main@address:
   336                           	callstack 0
   337                           
   338                           ; 1 bytes @ 0x5
   339   000006                     	ds	1
   340                           
   341 ;;
   342 ;;Main: autosize = 0, tempsize = 0, incstack = 0, save=0
   343 ;;
   344 ;; *************** function _main *****************
   345 ;; Defined at:
   346 ;;		line 16 in file "Oruebas.c"
   347 ;; Parameters:    Size  Location     Type
   348 ;;		None
   349 ;; Auto vars:     Size  Location     Type
   350 ;;  address         1    5[COMRAM] unsigned char 
   351 ;;  data_read       1    4[COMRAM] unsigned char 
   352 ;;  data_written    1    0        unsigned char 
   353 ;;  apagar          1    0        unsigned char 
   354 ;; Return value:  Size  Location     Type
   355 ;;                  1    wreg      void 
   356 ;; Registers used:
   357 ;;		wreg, status,2, status,0, cstack
   358 ;; Tracked objects:
   359 ;;		On entry : 0/0
   360 ;;		On exit  : 0/0
   361 ;;		Unchanged: 0/0
   362 ;; Data sizes:     COMRAM   BANK0   BANK1   BANK2   BANK3   BANK4   BANK5   BANK6   BANK7
   363 ;;      Params:         0       0       0       0       0       0       0       0       0
   364 ;;      Locals:         2       0       0       0       0       0       0       0       0
   365 ;;      Temps:          0       0       0       0       0       0       0       0       0
   366 ;;      Totals:         2       0       0       0       0       0       0       0       0
   367 ;;Total ram usage:        2 bytes
   368 ;; Hardware stack levels required when called: 2
   369 ;; This function calls:
   370 ;;		_EEPROM_Read
   371 ;;		_EEPROM_Write
   372 ;;		_MostrarNumeros
   373 ;; This function is called by:
   374 ;;		Startup code after reset
   375 ;; This function uses a non-reentrant model
   376 ;;
   377                           
   378                           	psect	text0
   379   000856                     __ptext0:
   380                           	callstack 0
   381   000856                     _main:
   382                           	callstack 29
   383                           
   384                           ;Oruebas.c: 17: TRISD = 0;
   385                           
   386                           ;incstack = 0
   387   000856  6A95               	clrf	149,c	;volatile
   388                           
   389                           ;Oruebas.c: 18: TRISE = 0;
   390   000858  6A96               	clrf	150,c	;volatile
   391                           
   392                           ;Oruebas.c: 19: LATD = 1;
   393   00085A  0E01               	movlw	1
   394   00085C  6E8C               	movwf	140,c	;volatile
   395                           
   396                           ;Oruebas.c: 20: LATD=1;
   397   00085E  0E01               	movlw	1
   398   000860  6E8C               	movwf	140,c	;volatile
   399                           
   400                           ;Oruebas.c: 21: contadas = 0;
   401   000862  6A07               	clrf	_contadas^0,c
   402                           
   403                           ;Oruebas.c: 23: unsigned char data_read;;Oruebas.c: 24: unsigned char address = 0x10;
   404   000864  0E10               	movlw	16
   405   000866  6E06               	movwf	main@address^0,c
   406                           
   407                           ;Oruebas.c: 25: unsigned char apagar;;Oruebas.c: 28: if(POR == 0){
   408   000868  B2D0               	btfsc	4048,1,c	;volatile
   409   00086A  D006               	goto	l975
   410                           
   411                           ;Oruebas.c: 29: data_read = EEPROM_Read(address);
   412   00086C  0E10               	movlw	16
   413   00086E  EC70  F004         	call	_EEPROM_Read
   414   000872  6E05               	movwf	main@data_read^0,c
   415                           
   416                           ;Oruebas.c: 30: POR = 1;
   417   000874  82D0               	bsf	4048,1,c	;volatile
   418                           
   419                           ;Oruebas.c: 31: } else {
   420   000876  D004               	goto	l977
   421   000878                     l975:
   422                           
   423                           ;Oruebas.c: 32: data_read = EEPROM_Read(1);
   424   000878  0E01               	movlw	1
   425   00087A  EC70  F004         	call	_EEPROM_Read
   426   00087E  6E05               	movwf	main@data_read^0,c
   427   000880                     l977:
   428                           
   429                           ;Oruebas.c: 44: contadas = data_read;
   430   000880  C005  F007         	movff	main@data_read,_contadas
   431                           
   432                           ;Oruebas.c: 45: MostrarNumeros();
   433   000884  EC01  F004         	call	_MostrarNumeros	;wreg free
   434                           
   435                           ;Oruebas.c: 46: EEPROM_Write(address, 4);
   436   000888  0E04               	movlw	4
   437   00088A  6E01               	movwf	EEPROM_Write@data^0,c
   438   00088C  5006               	movf	main@address^0,w,c
   439   00088E  EC5E  F004         	call	_EEPROM_Write
   440   000892  D7F6               	goto	l977
   441   000894                     __end_of_main:
   442                           	callstack 0
   443                           
   444 ;; *************** function _MostrarNumeros *****************
   445 ;; Defined at:
   446 ;;		line 78 in file "Oruebas.c"
   447 ;; Parameters:    Size  Location     Type
   448 ;;		None
   449 ;; Auto vars:     Size  Location     Type
   450 ;;		None
   451 ;; Return value:  Size  Location     Type
   452 ;;                  1    wreg      void 
   453 ;; Registers used:
   454 ;;		wreg, status,2, status,0, cstack
   455 ;; Tracked objects:
   456 ;;		On entry : 0/0
   457 ;;		On exit  : 0/0
   458 ;;		Unchanged: 0/0
   459 ;; Data sizes:     COMRAM   BANK0   BANK1   BANK2   BANK3   BANK4   BANK5   BANK6   BANK7
   460 ;;      Params:         0       0       0       0       0       0       0       0       0
   461 ;;      Locals:         0       0       0       0       0       0       0       0       0
   462 ;;      Temps:          0       0       0       0       0       0       0       0       0
   463 ;;      Totals:         0       0       0       0       0       0       0       0       0
   464 ;;Total ram usage:        0 bytes
   465 ;; Hardware stack levels used: 1
   466 ;; Hardware stack levels required when called: 1
   467 ;; This function calls:
   468 ;;		___lbmod
   469 ;; This function is called by:
   470 ;;		_main
   471 ;; This function uses a non-reentrant model
   472 ;;
   473                           
   474                           	psect	text1
   475   000802                     __ptext1:
   476                           	callstack 0
   477   000802                     _MostrarNumeros:
   478                           	callstack 29
   479                           
   480                           ;Oruebas.c: 81: LATD = contadas % 10;
   481                           
   482                           ;incstack = 0
   483   000802  0E0A               	movlw	10
   484   000804  6E01               	movwf	___lbmod@divisor^0,c
   485   000806  5007               	movf	_contadas^0,w,c
   486   000808  EC4A  F004         	call	___lbmod
   487   00080C  6E8C               	movwf	140,c	;volatile
   488                           
   489                           ;Oruebas.c: 84: if(contadas<10){
   490   00080E  0E0A               	movlw	10
   491   000810  6007               	cpfslt	_contadas^0,c
   492   000812  D003               	goto	l925
   493                           
   494                           ;Oruebas.c: 86: LATE = 0b101;
   495   000814  0E05               	movlw	5
   496   000816  6E8D               	movwf	141,c	;volatile
   497                           
   498                           ;Oruebas.c: 87: } else if(contadas<20){
   499   000818  0012               	return	
   500   00081A                     l925:
   501   00081A  0E14               	movlw	20
   502   00081C  6007               	cpfslt	_contadas^0,c
   503   00081E  D003               	goto	l929
   504                           
   505                           ;Oruebas.c: 89: LATE=0b100;
   506   000820  0E04               	movlw	4
   507   000822  6E8D               	movwf	141,c	;volatile
   508                           
   509                           ;Oruebas.c: 90: } else if (contadas<30){
   510   000824  0012               	return	
   511   000826                     l929:
   512   000826  0E1E               	movlw	30
   513   000828  6007               	cpfslt	_contadas^0,c
   514   00082A  D003               	goto	l933
   515                           
   516                           ;Oruebas.c: 92: LATE=0b110;
   517   00082C  0E06               	movlw	6
   518   00082E  6E8D               	movwf	141,c	;volatile
   519                           
   520                           ;Oruebas.c: 93: } else if (contadas<40){
   521   000830  0012               	return	
   522   000832                     l933:
   523   000832  0E28               	movlw	40
   524   000834  6007               	cpfslt	_contadas^0,c
   525   000836  D003               	goto	l937
   526                           
   527                           ;Oruebas.c: 95: LATE=0b010;
   528   000838  0E02               	movlw	2
   529   00083A  6E8D               	movwf	141,c	;volatile
   530                           
   531                           ;Oruebas.c: 96: } else if (contadas<50){
   532   00083C  0012               	return	
   533   00083E                     l937:
   534   00083E  0E32               	movlw	50
   535   000840  6007               	cpfslt	_contadas^0,c
   536   000842  D003               	goto	l941
   537                           
   538                           ;Oruebas.c: 98: LATE = 0b011;
   539   000844  0E03               	movlw	3
   540   000846  6E8D               	movwf	141,c	;volatile
   541                           
   542                           ;Oruebas.c: 99: } else if (contadas<60){
   543   000848  0012               	return	
   544   00084A                     l941:
   545   00084A  0E3C               	movlw	60
   546   00084C  6007               	cpfslt	_contadas^0,c
   547   00084E  0012               	return	
   548                           
   549                           ;Oruebas.c: 101: LATE = 0b111;
   550   000850  0E07               	movlw	7
   551   000852  6E8D               	movwf	141,c	;volatile
   552   000854  0012               	return	
   553   000856                     __end_of_MostrarNumeros:
   554                           	callstack 0
   555                           
   556 ;; *************** function ___lbmod *****************
   557 ;; Defined at:
   558 ;;		line 4 in file "D:\Program Files\Microchip\xc8\v2.50\pic\sources\c90\common\lbmod.c"
   559 ;; Parameters:    Size  Location     Type
   560 ;;  dividend        1    wreg     unsigned char 
   561 ;;  divisor         1    0[COMRAM] unsigned char 
   562 ;; Auto vars:     Size  Location     Type
   563 ;;  dividend        1    1[COMRAM] unsigned char 
   564 ;;  rem             1    3[COMRAM] unsigned char 
   565 ;;  counter         1    2[COMRAM] unsigned char 
   566 ;; Return value:  Size  Location     Type
   567 ;;                  1    wreg      unsigned char 
   568 ;; Registers used:
   569 ;;		wreg, status,2, status,0
   570 ;; Tracked objects:
   571 ;;		On entry : 0/0
   572 ;;		On exit  : 0/0
   573 ;;		Unchanged: 0/0
   574 ;; Data sizes:     COMRAM   BANK0   BANK1   BANK2   BANK3   BANK4   BANK5   BANK6   BANK7
   575 ;;      Params:         1       0       0       0       0       0       0       0       0
   576 ;;      Locals:         3       0       0       0       0       0       0       0       0
   577 ;;      Temps:          0       0       0       0       0       0       0       0       0
   578 ;;      Totals:         4       0       0       0       0       0       0       0       0
   579 ;;Total ram usage:        4 bytes
   580 ;; Hardware stack levels used: 1
   581 ;; This function calls:
   582 ;;		Nothing
   583 ;; This function is called by:
   584 ;;		_MostrarNumeros
   585 ;; This function uses a non-reentrant model
   586 ;;
   587                           
   588                           	psect	text2
   589   000894                     __ptext2:
   590                           	callstack 0
   591   000894                     ___lbmod:
   592                           	callstack 29
   593                           
   594                           ;incstack = 0
   595                           ;___lbmod@dividend stored from wreg
   596   000894  6E02               	movwf	___lbmod@dividend^0,c
   597   000896  0E08               	movlw	8
   598   000898  6E03               	movwf	___lbmod@counter^0,c
   599   00089A  6A04               	clrf	___lbmod@rem^0,c
   600   00089C                     l905:
   601   00089C  90D8               	bcf	status,0,c
   602   00089E  3402               	rlcf	___lbmod@dividend^0,w,c
   603   0008A0  3404               	rlcf	___lbmod@rem^0,w,c
   604   0008A2  6E04               	movwf	___lbmod@rem^0,c
   605   0008A4  90D8               	bcf	status,0,c
   606   0008A6  3602               	rlcf	___lbmod@dividend^0,f,c
   607   0008A8  5001               	movf	___lbmod@divisor^0,w,c
   608   0008AA  5C04               	subwf	___lbmod@rem^0,w,c
   609   0008AC  A0D8               	btfss	status,0,c
   610   0008AE  D002               	goto	l913
   611   0008B0  5001               	movf	___lbmod@divisor^0,w,c
   612   0008B2  5E04               	subwf	___lbmod@rem^0,f,c
   613   0008B4                     l913:
   614   0008B4  2E03               	decfsz	___lbmod@counter^0,f,c
   615   0008B6  D7F2               	goto	l905
   616   0008B8  5004               	movf	___lbmod@rem^0,w,c
   617   0008BA  0012               	return		;funcret
   618   0008BC                     __end_of___lbmod:
   619                           	callstack 0
   620                           
   621 ;; *************** function _EEPROM_Write *****************
   622 ;; Defined at:
   623 ;;		line 54 in file "Oruebas.c"
   624 ;; Parameters:    Size  Location     Type
   625 ;;  address         1    wreg     unsigned char 
   626 ;;  data            1    0[COMRAM] unsigned char 
   627 ;; Auto vars:     Size  Location     Type
   628 ;;  address         1    1[COMRAM] unsigned char 
   629 ;; Return value:  Size  Location     Type
   630 ;;                  1    wreg      void 
   631 ;; Registers used:
   632 ;;		wreg, status,2
   633 ;; Tracked objects:
   634 ;;		On entry : 0/0
   635 ;;		On exit  : 0/0
   636 ;;		Unchanged: 0/0
   637 ;; Data sizes:     COMRAM   BANK0   BANK1   BANK2   BANK3   BANK4   BANK5   BANK6   BANK7
   638 ;;      Params:         1       0       0       0       0       0       0       0       0
   639 ;;      Locals:         1       0       0       0       0       0       0       0       0
   640 ;;      Temps:          0       0       0       0       0       0       0       0       0
   641 ;;      Totals:         2       0       0       0       0       0       0       0       0
   642 ;;Total ram usage:        2 bytes
   643 ;; Hardware stack levels used: 1
   644 ;; This function calls:
   645 ;;		Nothing
   646 ;; This function is called by:
   647 ;;		_main
   648 ;; This function uses a non-reentrant model
   649 ;;
   650                           
   651                           	psect	text3
   652   0008BC                     __ptext3:
   653                           	callstack 0
   654   0008BC                     _EEPROM_Write:
   655                           	callstack 30
   656                           
   657                           ;incstack = 0
   658                           ;EEPROM_Write@address stored from wreg
   659   0008BC  6E02               	movwf	EEPROM_Write@address^0,c
   660                           
   661                           ;Oruebas.c: 55: EEADR = address;
   662   0008BE  C002  FFA9         	movff	EEPROM_Write@address,4009	;volatile
   663                           
   664                           ;Oruebas.c: 56: EEDATA = data;
   665   0008C2  C001  FFA8         	movff	EEPROM_Write@data,4008	;volatile
   666                           
   667                           ;Oruebas.c: 57: EECON1bits.EEPGD = 0;
   668   0008C6  9EA6               	bcf	166,7,c	;volsfr
   669                           
   670                           ;Oruebas.c: 58: EECON1bits.WREN = 1;
   671   0008C8  84A6               	bsf	166,2,c	;volsfr
   672                           
   673                           ;Oruebas.c: 61: INTCONbits.GIE = 0;
   674   0008CA  9EF2               	bcf	242,7,c	;volatile
   675                           
   676                           ;Oruebas.c: 62: EECON2 = 0x55;
   677   0008CC  0E55               	movlw	85
   678   0008CE  6EA7               	movwf	167,c	;volsfr
   679                           
   680                           ;Oruebas.c: 63: EECON2 = 0xAA;
   681   0008D0  0EAA               	movlw	170
   682   0008D2  6EA7               	movwf	167,c	;volsfr
   683                           
   684                           ;Oruebas.c: 64: EECON1bits.WR = 1;
   685   0008D4  82A6               	bsf	166,1,c	;volsfr
   686                           
   687                           ;Oruebas.c: 65: INTCONbits.GIE = 1;
   688   0008D6  8EF2               	bsf	242,7,c	;volatile
   689   0008D8                     l41:
   690   0008D8  B2A6               	btfsc	166,1,c	;volsfr
   691   0008DA  D7FE               	goto	l41
   692                           
   693                           ;Oruebas.c: 68: EECON1bits.WREN = 0;
   694   0008DC  94A6               	bcf	166,2,c	;volsfr
   695   0008DE  0012               	return		;funcret
   696   0008E0                     __end_of_EEPROM_Write:
   697                           	callstack 0
   698                           
   699 ;; *************** function _EEPROM_Read *****************
   700 ;; Defined at:
   701 ;;		line 71 in file "Oruebas.c"
   702 ;; Parameters:    Size  Location     Type
   703 ;;  address         1    wreg     unsigned char 
   704 ;; Auto vars:     Size  Location     Type
   705 ;;  address         1    0[COMRAM] unsigned char 
   706 ;; Return value:  Size  Location     Type
   707 ;;                  1    wreg      unsigned char 
   708 ;; Registers used:
   709 ;;		wreg, status,2
   710 ;; Tracked objects:
   711 ;;		On entry : 0/0
   712 ;;		On exit  : 0/0
   713 ;;		Unchanged: 0/0
   714 ;; Data sizes:     COMRAM   BANK0   BANK1   BANK2   BANK3   BANK4   BANK5   BANK6   BANK7
   715 ;;      Params:         0       0       0       0       0       0       0       0       0
   716 ;;      Locals:         1       0       0       0       0       0       0       0       0
   717 ;;      Temps:          0       0       0       0       0       0       0       0       0
   718 ;;      Totals:         1       0       0       0       0       0       0       0       0
   719 ;;Total ram usage:        1 bytes
   720 ;; Hardware stack levels used: 1
   721 ;; This function calls:
   722 ;;		Nothing
   723 ;; This function is called by:
   724 ;;		_main
   725 ;; This function uses a non-reentrant model
   726 ;;
   727                           
   728                           	psect	text4
   729   0008E0                     __ptext4:
   730                           	callstack 0
   731   0008E0                     _EEPROM_Read:
   732                           	callstack 30
   733                           
   734                           ;incstack = 0
   735                           ;EEPROM_Read@address stored from wreg
   736   0008E0  6E01               	movwf	EEPROM_Read@address^0,c
   737                           
   738                           ;Oruebas.c: 72: EEADR = address;
   739   0008E2  C001  FFA9         	movff	EEPROM_Read@address,4009	;volatile
   740                           
   741                           ;Oruebas.c: 73: EECON1bits.EEPGD = 0;
   742   0008E6  9EA6               	bcf	166,7,c	;volsfr
   743                           
   744                           ;Oruebas.c: 74: EECON1bits.RD = 1;
   745   0008E8  80A6               	bsf	166,0,c	;volsfr
   746                           
   747                           ;Oruebas.c: 75: return EEDATA;
   748   0008EA  50A8               	movf	168,w,c	;volatile
   749   0008EC  0012               	return		;funcret
   750   0008EE                     __end_of_EEPROM_Read:
   751                           	callstack 0
   752                           
   753                           	psect	smallconst
   754   000800                     __psmallconst:
   755                           	callstack 0
   756   000800  00                 	db	0
   757   000801  00                 	db	0	; dummy byte at the end
   758   000000                     __activetblptr  equ	0
   759                           
   760                           	psect	rparam
   761   000001                     ___rparam_used  equ	1
   762   000000                     ___param_bank   equ	0
   763   000000                     __Lparam        equ	__Lrparam
   764   000000                     __Hparam        equ	__Hrparam
   765                           
   766                           	psect	idloc
   767                           
   768                           ;Config register IDLOC0 @ 0x200000
   769                           ;	unspecified, using default values
   770   200000                     	org	2097152
   771   200000  FF                 	db	255
   772                           
   773                           ;Config register IDLOC1 @ 0x200001
   774                           ;	unspecified, using default values
   775   200001                     	org	2097153
   776   200001  FF                 	db	255
   777                           
   778                           ;Config register IDLOC2 @ 0x200002
   779                           ;	unspecified, using default values
   780   200002                     	org	2097154
   781   200002  FF                 	db	255
   782                           
   783                           ;Config register IDLOC3 @ 0x200003
   784                           ;	unspecified, using default values
   785   200003                     	org	2097155
   786   200003  FF                 	db	255
   787                           
   788                           ;Config register IDLOC4 @ 0x200004
   789                           ;	unspecified, using default values
   790   200004                     	org	2097156
   791   200004  FF                 	db	255
   792                           
   793                           ;Config register IDLOC5 @ 0x200005
   794                           ;	unspecified, using default values
   795   200005                     	org	2097157
   796   200005  FF                 	db	255
   797                           
   798                           ;Config register IDLOC6 @ 0x200006
   799                           ;	unspecified, using default values
   800   200006                     	org	2097158
   801   200006  FF                 	db	255
   802                           
   803                           ;Config register IDLOC7 @ 0x200007
   804                           ;	unspecified, using default values
   805   200007                     	org	2097159
   806   200007  FF                 	db	255
   807                           
   808                           	psect	config
   809                           
   810                           ;Config register CONFIG1L @ 0x300000
   811                           ;	unspecified, using default values
   812                           ;	PLL Prescaler Selection bits
   813                           ;	PLLDIV = 0x0, unprogrammed default
   814                           ;	System Clock Postscaler Selection bits
   815                           ;	CPUDIV = 0x0, unprogrammed default
   816                           ;	USB Clock Selection bit (used in Full-Speed USB mode only; UCFG:FSEN = 1)
   817                           ;	USBDIV = 0x0, unprogrammed default
   818   300000                     	org	3145728
   819   300000  00                 	db	0
   820                           
   821                           ;Config register CONFIG1H @ 0x300001
   822                           ;	Oscillator Selection bits
   823                           ;	FOSC = INTOSC_EC, Internal oscillator, CLKO function on RA6, EC used by USB (INTCKO)
   824                           ;	Fail-Safe Clock Monitor Enable bit
   825                           ;	FCMEN = 0x0, unprogrammed default
   826                           ;	Internal/External Oscillator Switchover bit
   827                           ;	IESO = 0x0, unprogrammed default
   828   300001                     	org	3145729
   829   300001  09                 	db	9
   830                           
   831                           ;Config register CONFIG2L @ 0x300002
   832                           ;	unspecified, using default values
   833                           ;	Power-up Timer Enable bit
   834                           ;	PWRT = 0x1, unprogrammed default
   835                           ;	Brown-out Reset Enable bits
   836                           ;	BOR = 0x3, unprogrammed default
   837                           ;	Brown-out Reset Voltage bits
   838                           ;	BORV = 0x3, unprogrammed default
   839                           ;	USB Voltage Regulator Enable bit
   840                           ;	VREGEN = 0x0, unprogrammed default
   841   300002                     	org	3145730
   842   300002  1F                 	db	31
   843                           
   844                           ;Config register CONFIG2H @ 0x300003
   845                           ;	Watchdog Timer Enable bit
   846                           ;	WDT = OFF, WDT disabled (control is placed on the SWDTEN bit)
   847                           ;	Watchdog Timer Postscale Select bits
   848                           ;	WDTPS = 0xF, unprogrammed default
   849   300003                     	org	3145731
   850   300003  1E                 	db	30
   851                           
   852                           ; Padding undefined space
   853   300004                     	org	3145732
   854   300004  FF                 	db	255
   855                           
   856                           ;Config register CONFIG3H @ 0x300005
   857                           ;	unspecified, using default values
   858                           ;	CCP2 MUX bit
   859                           ;	CCP2MX = 0x1, unprogrammed default
   860                           ;	PORTB A/D Enable bit
   861                           ;	PBADEN = 0x1, unprogrammed default
   862                           ;	Low-Power Timer 1 Oscillator Enable bit
   863                           ;	LPT1OSC = 0x0, unprogrammed default
   864                           ;	MCLR Pin Enable bit
   865                           ;	MCLRE = 0x1, unprogrammed default
   866   300005                     	org	3145733
   867   300005  83                 	db	131
   868                           
   869                           ;Config register CONFIG4L @ 0x300006
   870                           ;	Stack Full/Underflow Reset Enable bit
   871                           ;	STVREN = 0x1, unprogrammed default
   872                           ;	Single-Supply ICSP Enable bit
   873                           ;	LVP = OFF, Single-Supply ICSP disabled
   874                           ;	Dedicated In-Circuit Debug/Programming Port (ICPORT) Enable bit
   875                           ;	ICPRT = 0x0, unprogrammed default
   876                           ;	Extended Instruction Set Enable bit
   877                           ;	XINST = 0x0, unprogrammed default
   878                           ;	Background Debugger Enable bit
   879                           ;	DEBUG = 0x1, unprogrammed default
   880   300006                     	org	3145734
   881   300006  81                 	db	129
   882                           
   883                           ; Padding undefined space
   884   300007                     	org	3145735
   885   300007  FF                 	db	255
   886                           
   887                           ;Config register CONFIG5L @ 0x300008
   888                           ;	unspecified, using default values
   889                           ;	Code Protection bit
   890                           ;	CP0 = 0x1, unprogrammed default
   891                           ;	Code Protection bit
   892                           ;	CP1 = 0x1, unprogrammed default
   893                           ;	Code Protection bit
   894                           ;	CP2 = 0x1, unprogrammed default
   895                           ;	Code Protection bit
   896                           ;	CP3 = 0x1, unprogrammed default
   897   300008                     	org	3145736
   898   300008  0F                 	db	15
   899                           
   900                           ;Config register CONFIG5H @ 0x300009
   901                           ;	unspecified, using default values
   902                           ;	Boot Block Code Protection bit
   903                           ;	CPB = 0x1, unprogrammed default
   904                           ;	Data EEPROM Code Protection bit
   905                           ;	CPD = 0x1, unprogrammed default
   906   300009                     	org	3145737
   907   300009  C0                 	db	192
   908                           
   909                           ;Config register CONFIG6L @ 0x30000A
   910                           ;	unspecified, using default values
   911                           ;	Write Protection bit
   912                           ;	WRT0 = 0x1, unprogrammed default
   913                           ;	Write Protection bit
   914                           ;	WRT1 = 0x1, unprogrammed default
   915                           ;	Write Protection bit
   916                           ;	WRT2 = 0x1, unprogrammed default
   917                           ;	Write Protection bit
   918                           ;	WRT3 = 0x1, unprogrammed default
   919   30000A                     	org	3145738
   920   30000A  0F                 	db	15
   921                           
   922                           ;Config register CONFIG6H @ 0x30000B
   923                           ;	unspecified, using default values
   924                           ;	Configuration Register Write Protection bit
   925                           ;	WRTC = 0x1, unprogrammed default
   926                           ;	Boot Block Write Protection bit
   927                           ;	WRTB = 0x1, unprogrammed default
   928                           ;	Data EEPROM Write Protection bit
   929                           ;	WRTD = 0x1, unprogrammed default
   930   30000B                     	org	3145739
   931   30000B  E0                 	db	224
   932                           
   933                           ;Config register CONFIG7L @ 0x30000C
   934                           ;	unspecified, using default values
   935                           ;	Table Read Protection bit
   936                           ;	EBTR0 = 0x1, unprogrammed default
   937                           ;	Table Read Protection bit
   938                           ;	EBTR1 = 0x1, unprogrammed default
   939                           ;	Table Read Protection bit
   940                           ;	EBTR2 = 0x1, unprogrammed default
   941                           ;	Table Read Protection bit
   942                           ;	EBTR3 = 0x1, unprogrammed default
   943   30000C                     	org	3145740
   944   30000C  0F                 	db	15
   945                           
   946                           ;Config register CONFIG7H @ 0x30000D
   947                           ;	unspecified, using default values
   948                           ;	Boot Block Table Read Protection bit
   949                           ;	EBTRB = 0x1, unprogrammed default
   950   30000D                     	org	3145741
   951   30000D  40                 	db	64
   952                           tosu	equ	0xFFF
   953                           tosh	equ	0xFFE
   954                           tosl	equ	0xFFD
   955                           stkptr	equ	0xFFC
   956                           pclatu	equ	0xFFB
   957                           pclath	equ	0xFFA
   958                           pcl	equ	0xFF9
   959                           tblptru	equ	0xFF8
   960                           tblptrh	equ	0xFF7
   961                           tblptrl	equ	0xFF6
   962                           tablat	equ	0xFF5
   963                           prodh	equ	0xFF4
   964                           prodl	equ	0xFF3
   965                           indf0	equ	0xFEF
   966                           postinc0	equ	0xFEE
   967                           postdec0	equ	0xFED
   968                           preinc0	equ	0xFEC
   969                           plusw0	equ	0xFEB
   970                           fsr0h	equ	0xFEA
   971                           fsr0l	equ	0xFE9
   972                           wreg	equ	0xFE8
   973                           indf1	equ	0xFE7
   974                           postinc1	equ	0xFE6
   975                           postdec1	equ	0xFE5
   976                           preinc1	equ	0xFE4
   977                           plusw1	equ	0xFE3
   978                           fsr1h	equ	0xFE2
   979                           fsr1l	equ	0xFE1
   980                           bsr	equ	0xFE0
   981                           indf2	equ	0xFDF
   982                           postinc2	equ	0xFDE
   983                           postdec2	equ	0xFDD
   984                           preinc2	equ	0xFDC
   985                           plusw2	equ	0xFDB
   986                           fsr2h	equ	0xFDA
   987                           fsr2l	equ	0xFD9
   988                           status	equ	0xFD8

Data Sizes:
    Strings     0
    Constant    0
    Data        0
    BSS         1
    Persistent  0
    Stack       0

Auto Spaces:
    Space          Size  Autos    Used
    COMRAM           95      6       7
    BANK0           160      0       0
    BANK1           256      0       0
    BANK2           256      0       0
    BANK3           256      0       0
    BANK4           256      0       0
    BANK5           256      0       0
    BANK6           256      0       0
    BANK7           256      0       0

Pointer List with Targets:

    None.

Critical Paths under _main in COMRAM

    _MostrarNumeros->___lbmod

Critical Paths under _main in BANK0

    None.

Critical Paths under _main in BANK1

    None.

Critical Paths under _main in BANK2

    None.

Critical Paths under _main in BANK3

    None.

Critical Paths under _main in BANK4

    None.

Critical Paths under _main in BANK5

    None.

Critical Paths under _main in BANK6

    None.

Critical Paths under _main in BANK7

    None.

Call Graph Tables:

 ---------------------------------------------------------------------------------
 (Depth) Function   	        Calls       Base Space   Used Autos Params    Refs
 ---------------------------------------------------------------------------------
 (0) _main                                                 4     4      0     305
                                              4 COMRAM     2     2      0
                        _EEPROM_Read
                       _EEPROM_Write
                     _MostrarNumeros
 ---------------------------------------------------------------------------------
 (1) _MostrarNumeros                                       0     0      0     168
                            ___lbmod
 ---------------------------------------------------------------------------------
 (2) ___lbmod                                              4     3      1     168
                                              0 COMRAM     4     3      1
 ---------------------------------------------------------------------------------
 (1) _EEPROM_Write                                         2     1      1      52
                                              0 COMRAM     2     1      1
 ---------------------------------------------------------------------------------
 (1) _EEPROM_Read                                          1     1      0      15
                                              0 COMRAM     1     1      0
 ---------------------------------------------------------------------------------
 Estimated maximum stack depth 2
 ---------------------------------------------------------------------------------

 Call Graph Graphs:

 _main (ROOT)
   _EEPROM_Read
   _EEPROM_Write
   _MostrarNumeros
     ___lbmod

Address spaces:
Name               Size   Autos  Total    Usage
BIGRAM            2047      0       0      0.0%
BITBANK7           256      0       0      0.0%
BANK7              256      0       0      0.0%
BITBANK6           256      0       0      0.0%
BANK6              256      0       0      0.0%
BITBANK5           256      0       0      0.0%
BANK5              256      0       0      0.0%
BITBANK4           256      0       0      0.0%
BANK4              256      0       0      0.0%
BITBANK3           256      0       0      0.0%
BANK3              256      0       0      0.0%
BITBANK2           256      0       0      0.0%
BANK2              256      0       0      0.0%
BITBANK1           256      0       0      0.0%
BANK1              256      0       0      0.0%
BITBANK0           160      0       0      0.0%
BANK0              160      0       0      0.0%
BITCOMRAM           95      0       0      0.0%
COMRAM              95      6       7      7.4%
BITBIGSFRh          88      0       0      0.0%
BITBIGSFRll         44      0       0      0.0%
BITBIGSFRlh         25      0       0      0.0%
STACK                0      0       0      0.0%
DATA                 0      0       7      0.0%


Microchip Technology PIC18 Macro Assembler V2.50 build 20240725155939 
Symbol Table                                                                                   Fri Mar 07 03:59:06 2025

                     l41 08D8                      l913 08B4                      l905 089C  
                    l941 084A                      l933 0832                      l925 081A  
                    l937 083E                      l929 0826                      l975 0878  
                    l977 0880                      _POR 7E81              main@address 0006  
                   _LATD 0F8C                     _LATE 0F8D                     _main 0856  
                   start 0000             ___param_bank 0000     __end_of_EEPROM_Write 08E0  
                  ?_main 0001                    _EEADR 0FA9          __end_of___lbmod 08BC  
                  _TRISD 0F95                    _TRISE 0F96                    status 0FD8  
       EEPROM_Write@data 0001          __initialization 08EE             __end_of_main 0894  
          main@data_read 0005                   ??_main 0005            __activetblptr 0000  
                 _EEDATA 0FA8                   _EECON2 0FA7                ??___lbmod 0002  
                 isa$std 0001             __mediumconst 0000          ___lbmod@divisor 0001  
             __accesstop 0060  __end_of__initialization 08F0          ___lbmod@counter 0003  
          ___rparam_used 0001           __pcstackCOMRAM 0001             _EEPROM_Write 08BC  
         _MostrarNumeros 0802                  __Hparam 0000                  __Lparam 0000  
 __end_of_MostrarNumeros 0856                  ___lbmod 0894             __psmallconst 0800  
                __pcinit 08EE                  __ramtop 0800                  __ptext0 0856  
                __ptext1 0802                  __ptext2 0894                  __ptext3 08BC  
                __ptext4 08E0     end_of_initialization 08F0            ??_EEPROM_Read 0001  
        ?_MostrarNumeros 0001         ___lbmod@dividend 0002              ___lbmod@rem 0004  
    __end_of_EEPROM_Read 08EE      start_initialization 08EE              __pbssCOMRAM 0007  
            _EEPROM_Read 08E0                 ?___lbmod 0001              __smallconst 0800  
       ??_MostrarNumeros 0005               _EECON1bits 0FA6                 __Hrparam 0000  
               __Lrparam 0000            ?_EEPROM_Write 0001                 _contadas 0007  
               isa$xinst 0000               _INTCONbits 0FF2           ??_EEPROM_Write 0002  
           ?_EEPROM_Read 0001       EEPROM_Read@address 0001      EEPROM_Write@address 0002  
