

Microchip MPLAB XC8 Assembler V2.50 build 20240725155939 
                                                                                               Wed Feb 05 17:00:10 2025

Microchip MPLAB XC8 C Compiler v2.50 (Free license) build 20240725155939 Og9 
     1                           	processor	18F4550
     2                           	fnconf	rparam,??,?,0
     3                           	pagewidth 120
     4                           	opt	flic
     5                           	psect	cinit,global,reloc=2,class=CODE,space=0,delta=1
     6                           	psect	bssCOMRAM,global,class=COMRAM,space=1,delta=1,lowdata,noexec
     7                           	psect	cstackCOMRAM,global,class=COMRAM,space=1,delta=1,lowdata,noexec
     8                           	psect	text0,global,reloc=2,class=CODE,space=0,delta=1
     9                           	psect	intcode,global,reloc=2,class=CODE,space=0,delta=1
    10                           	psect	intcode_body,global,reloc=2,class=CODE,space=0,delta=1
    11                           	psect	smallconst,global,reloc=2,class=SMALLCONST,space=0,delta=1,noexec
    12                           	psect	intsave_regs,global,class=BIGRAM,space=1,delta=1,noexec
    13                           	psect	rparam,global,class=COMRAM,space=1,delta=1,noexec
    14                           	psect	temp,global,ovrld,common,class=COMRAM,space=1,delta=1,lowdata
    15                           	psect	idloc,global,abs,ovrld,class=IDLOC,space=5,delta=1,noexec
    16                           	psect	config,global,abs,ovrld,class=CONFIG,space=4,delta=1,noexec
    17   000000                     
    18                           ; Generated 25/07/2024 GMT
    19                           ; 
    20                           ; Copyright © 2024, Microchip Technology Inc. and its subsidiaries ("Microchip")
    21                           ; All rights reserved.
    22                           ; 
    23                           ; This software is developed by Microchip Technology Inc. and its subsidiaries ("Microch
      +                          ip").
    24                           ; 
    25                           ; Redistribution and use in source and binary forms, with or without modification, are
    26                           ; permitted provided that the following conditions are met:
    27                           ; 
    28                           ;     1. Redistributions of source code must retain the above copyright notice, this lis
      +                          t of
    29                           ;        conditions and the following disclaimer.
    30                           ; 
    31                           ;     2. Redistributions in binary form must reproduce the above copyright notice, this 
      +                          list
    32                           ;        of conditions and the following disclaimer in the documentation and/or other
    33                           ;        materials provided with the distribution. Publication is not required when
    34                           ;        this file is used in an embedded application.
    35                           ; 
    36                           ;     3. Microchip's name may not be used to endorse or promote products derived from th
      +                          is
    37                           ;        software without specific prior written permission.
    38                           ; 
    39                           ; THIS SOFTWARE IS PROVIDED BY MICROCHIP "AS IS" AND ANY EXPRESS OR IMPLIED WARRANTIES,
    40                           ; INCLUDING, BUT NOT LIMITED TO, THE IMPLIED WARRANTIES OF MERCHANTABILITY AND FITNESS F
      +                          OR
    41                           ; PURPOSE ARE DISCLAIMED.  IN NO EVENT SHALL MICROCHIP BE LIABLE FOR ANY DIRECT, INDIREC
      +                          T,
    42                           ; INCIDENTAL, SPECIAL, EXEMPLARY, OR CONSEQUENTIAL DAMAGES (INCLUDING BUT NOT LIMITED TO
    43                           ; PROCUREMENT OF SUBSTITUTE GOODS OR SERVICES; LOSS OF USE, DATA OR PROFITS; OR BUSINESS
    44                           ; INTERRUPTION) HOWSOEVER CAUSED AND ON ANY THEORY OF LIABILITY, WHETHER IN CONTRACT, ST
      +                          RICT
    45                           ; LIABILITY, OR TORT (INCLUDING NEGLIGENCE OR OTHERWISE) ARISING IN ANY WAY OUT OF THE U
      +                          SE OF
    46                           ; THIS SOFTWARE, EVEN IF ADVISED OF THE POSSIBILITY OF SUCH DAMAGE.
    47                           ; 
    48                           ; 
    49                           ; Code-generator required, PIC18F4550 Definitions
    50                           ; 
    51                           ; SFR Addresses
    52   000FE0                     bsr             equ	4064
    53   000FE9                     fsr0            equ	4073
    54   000FEA                     fsr0h           equ	4074
    55   000FE9                     fsr0l           equ	4073
    56   000FE1                     fsr1            equ	4065
    57   000FE2                     fsr1h           equ	4066
    58   000FE1                     fsr1l           equ	4065
    59   000FD9                     fsr2            equ	4057
    60   000FDA                     fsr2h           equ	4058
    61   000FD9                     fsr2l           equ	4057
    62   000FEF                     indf0           equ	4079
    63   000FE7                     indf1           equ	4071
    64   000FDF                     indf2           equ	4063
    65   000FF2                     intcon          equ	4082
    66   000000                     nvmcon          equ	0
    67   000FF9                     pcl             equ	4089
    68   000FFA                     pclath          equ	4090
    69   000FFB                     pclatu          equ	4091
    70   000FEB                     plusw0          equ	4075
    71   000FE3                     plusw1          equ	4067
    72   000FDB                     plusw2          equ	4059
    73   000FED                     postdec0        equ	4077
    74   000FE5                     postdec1        equ	4069
    75   000FDD                     postdec2        equ	4061
    76   000FEE                     postinc0        equ	4078
    77   000FE6                     postinc1        equ	4070
    78   000FDE                     postinc2        equ	4062
    79   000FEC                     preinc0         equ	4076
    80   000FE4                     preinc1         equ	4068
    81   000FDC                     preinc2         equ	4060
    82   000FF3                     prod            equ	4083
    83   000FF4                     prodh           equ	4084
    84   000FF3                     prodl           equ	4083
    85   000FD8                     status          equ	4056
    86   000FF5                     tablat          equ	4085
    87   000FF6                     tblptr          equ	4086
    88   000FF7                     tblptrh         equ	4087
    89   000FF6                     tblptrl         equ	4086
    90   000FF8                     tblptru         equ	4088
    91   000FFD                     tosl            equ	4093
    92   000FE8                     wreg            equ	4072
    93   000F62                     SPPDATA         equ	3938	;# 
    94   000F63                     SPPCFG          equ	3939	;# 
    95   000F64                     SPPEPS          equ	3940	;# 
    96   000F65                     SPPCON          equ	3941	;# 
    97   000F66                     UFRM            equ	3942	;# 
    98   000F66                     UFRML           equ	3942	;# 
    99   000F67                     UFRMH           equ	3943	;# 
   100   000F68                     UIR             equ	3944	;# 
   101   000F69                     UIE             equ	3945	;# 
   102   000F6A                     UEIR            equ	3946	;# 
   103   000F6B                     UEIE            equ	3947	;# 
   104   000F6C                     USTAT           equ	3948	;# 
   105   000F6D                     UCON            equ	3949	;# 
   106   000F6E                     UADDR           equ	3950	;# 
   107   000F6F                     UCFG            equ	3951	;# 
   108   000F70                     UEP0            equ	3952	;# 
   109   000F71                     UEP1            equ	3953	;# 
   110   000F72                     UEP2            equ	3954	;# 
   111   000F73                     UEP3            equ	3955	;# 
   112   000F74                     UEP4            equ	3956	;# 
   113   000F75                     UEP5            equ	3957	;# 
   114   000F76                     UEP6            equ	3958	;# 
   115   000F77                     UEP7            equ	3959	;# 
   116   000F78                     UEP8            equ	3960	;# 
   117   000F79                     UEP9            equ	3961	;# 
   118   000F7A                     UEP10           equ	3962	;# 
   119   000F7B                     UEP11           equ	3963	;# 
   120   000F7C                     UEP12           equ	3964	;# 
   121   000F7D                     UEP13           equ	3965	;# 
   122   000F7E                     UEP14           equ	3966	;# 
   123   000F7F                     UEP15           equ	3967	;# 
   124   000F80                     PORTA           equ	3968	;# 
   125   000F81                     PORTB           equ	3969	;# 
   126   000F82                     PORTC           equ	3970	;# 
   127   000F83                     PORTD           equ	3971	;# 
   128   000F84                     PORTE           equ	3972	;# 
   129   000F89                     LATA            equ	3977	;# 
   130   000F8A                     LATB            equ	3978	;# 
   131   000F8B                     LATC            equ	3979	;# 
   132   000F8C                     LATD            equ	3980	;# 
   133   000F8D                     LATE            equ	3981	;# 
   134   000F92                     TRISA           equ	3986	;# 
   135   000F92                     DDRA            equ	3986	;# 
   136   000F93                     TRISB           equ	3987	;# 
   137   000F93                     DDRB            equ	3987	;# 
   138   000F94                     TRISC           equ	3988	;# 
   139   000F94                     DDRC            equ	3988	;# 
   140   000F95                     TRISD           equ	3989	;# 
   141   000F95                     DDRD            equ	3989	;# 
   142   000F96                     TRISE           equ	3990	;# 
   143   000F96                     DDRE            equ	3990	;# 
   144   000F9B                     OSCTUNE         equ	3995	;# 
   145   000F9D                     PIE1            equ	3997	;# 
   146   000F9E                     PIR1            equ	3998	;# 
   147   000F9F                     IPR1            equ	3999	;# 
   148   000FA0                     PIE2            equ	4000	;# 
   149   000FA1                     PIR2            equ	4001	;# 
   150   000FA2                     IPR2            equ	4002	;# 
   151   000FA6                     EECON1          equ	4006	;# 
   152   000FA7                     EECON2          equ	4007	;# 
   153   000FA8                     EEDATA          equ	4008	;# 
   154   000FA9                     EEADR           equ	4009	;# 
   155   000FAB                     RCSTA           equ	4011	;# 
   156   000FAB                     RCSTA1          equ	4011	;# 
   157   000FAC                     TXSTA           equ	4012	;# 
   158   000FAC                     TXSTA1          equ	4012	;# 
   159   000FAD                     TXREG           equ	4013	;# 
   160   000FAD                     TXREG1          equ	4013	;# 
   161   000FAE                     RCREG           equ	4014	;# 
   162   000FAE                     RCREG1          equ	4014	;# 
   163   000FAF                     SPBRG           equ	4015	;# 
   164   000FAF                     SPBRG1          equ	4015	;# 
   165   000FB0                     SPBRGH          equ	4016	;# 
   166   000FB1                     T3CON           equ	4017	;# 
   167   000FB2                     TMR3            equ	4018	;# 
   168   000FB2                     TMR3L           equ	4018	;# 
   169   000FB3                     TMR3H           equ	4019	;# 
   170   000FB4                     CMCON           equ	4020	;# 
   171   000FB5                     CVRCON          equ	4021	;# 
   172   000FB6                     ECCP1AS         equ	4022	;# 
   173   000FB6                     CCP1AS          equ	4022	;# 
   174   000FB7                     ECCP1DEL        equ	4023	;# 
   175   000FB7                     CCP1DEL         equ	4023	;# 
   176   000FB8                     BAUDCON         equ	4024	;# 
   177   000FB8                     BAUDCTL         equ	4024	;# 
   178   000FBA                     CCP2CON         equ	4026	;# 
   179   000FBB                     CCPR2           equ	4027	;# 
   180   000FBB                     CCPR2L          equ	4027	;# 
   181   000FBC                     CCPR2H          equ	4028	;# 
   182   000FBD                     CCP1CON         equ	4029	;# 
   183   000FBD                     ECCP1CON        equ	4029	;# 
   184   000FBE                     CCPR1           equ	4030	;# 
   185   000FBE                     CCPR1L          equ	4030	;# 
   186   000FBF                     CCPR1H          equ	4031	;# 
   187   000FC0                     ADCON2          equ	4032	;# 
   188   000FC1                     ADCON1          equ	4033	;# 
   189   000FC2                     ADCON0          equ	4034	;# 
   190   000FC3                     ADRES           equ	4035	;# 
   191   000FC3                     ADRESL          equ	4035	;# 
   192   000FC4                     ADRESH          equ	4036	;# 
   193   000FC5                     SSPCON2         equ	4037	;# 
   194   000FC6                     SSPCON1         equ	4038	;# 
   195   000FC7                     SSPSTAT         equ	4039	;# 
   196   000FC8                     SSPADD          equ	4040	;# 
   197   000FC9                     SSPBUF          equ	4041	;# 
   198   000FCA                     T2CON           equ	4042	;# 
   199   000FCB                     PR2             equ	4043	;# 
   200   000FCB                     MEMCON          equ	4043	;# 
   201   000FCC                     TMR2            equ	4044	;# 
   202   000FCD                     T1CON           equ	4045	;# 
   203   000FCE                     TMR1            equ	4046	;# 
   204   000FCE                     TMR1L           equ	4046	;# 
   205   000FCF                     TMR1H           equ	4047	;# 
   206   000FD0                     RCON            equ	4048	;# 
   207   000FD1                     WDTCON          equ	4049	;# 
   208   000FD2                     HLVDCON         equ	4050	;# 
   209   000FD2                     LVDCON          equ	4050	;# 
   210   000FD3                     OSCCON          equ	4051	;# 
   211   000FD5                     T0CON           equ	4053	;# 
   212   000FD6                     TMR0            equ	4054	;# 
   213   000FD6                     TMR0L           equ	4054	;# 
   214   000FD7                     TMR0H           equ	4055	;# 
   215   000FD8                     STATUS          equ	4056	;# 
   216   000FD9                     FSR2            equ	4057	;# 
   217   000FD9                     FSR2L           equ	4057	;# 
   218   000FDA                     FSR2H           equ	4058	;# 
   219   000FDB                     PLUSW2          equ	4059	;# 
   220   000FDC                     PREINC2         equ	4060	;# 
   221   000FDD                     POSTDEC2        equ	4061	;# 
   222   000FDE                     POSTINC2        equ	4062	;# 
   223   000FDF                     INDF2           equ	4063	;# 
   224   000FE0                     BSR             equ	4064	;# 
   225   000FE1                     FSR1            equ	4065	;# 
   226   000FE1                     FSR1L           equ	4065	;# 
   227   000FE2                     FSR1H           equ	4066	;# 
   228   000FE3                     PLUSW1          equ	4067	;# 
   229   000FE4                     PREINC1         equ	4068	;# 
   230   000FE5                     POSTDEC1        equ	4069	;# 
   231   000FE6                     POSTINC1        equ	4070	;# 
   232   000FE7                     INDF1           equ	4071	;# 
   233   000FE8                     WREG            equ	4072	;# 
   234   000FE9                     FSR0            equ	4073	;# 
   235   000FE9                     FSR0L           equ	4073	;# 
   236   000FEA                     FSR0H           equ	4074	;# 
   237   000FEB                     PLUSW0          equ	4075	;# 
   238   000FEC                     PREINC0         equ	4076	;# 
   239   000FED                     POSTDEC0        equ	4077	;# 
   240   000FEE                     POSTINC0        equ	4078	;# 
   241   000FEF                     INDF0           equ	4079	;# 
   242   000FF0                     INTCON3         equ	4080	;# 
   243   000FF1                     INTCON2         equ	4081	;# 
   244   000FF2                     INTCON          equ	4082	;# 
   245   000FF3                     PROD            equ	4083	;# 
   246   000FF3                     PRODL           equ	4083	;# 
   247   000FF4                     PRODH           equ	4084	;# 
   248   000FF5                     TABLAT          equ	4085	;# 
   249   000FF6                     TBLPTR          equ	4086	;# 
   250   000FF6                     TBLPTRL         equ	4086	;# 
   251   000FF7                     TBLPTRH         equ	4087	;# 
   252   000FF8                     TBLPTRU         equ	4088	;# 
   253   000FF9                     PCLAT           equ	4089	;# 
   254   000FF9                     PC              equ	4089	;# 
   255   000FF9                     PCL             equ	4089	;# 
   256   000FFA                     PCLATH          equ	4090	;# 
   257   000FFB                     PCLATU          equ	4091	;# 
   258   000FFC                     STKPTR          equ	4092	;# 
   259   000FFD                     TOS             equ	4093	;# 
   260   000FFD                     TOSL            equ	4093	;# 
   261   000FFE                     TOSH            equ	4094	;# 
   262   000FFF                     TOSU            equ	4095	;# 
   263   007C67                     _LATD7          set	31847
   264   007C0A                     _RB2            set	31754
   265   007C09                     _RB1            set	31753
   266   007C08                     _RB0            set	31752
   267   007C53                     _LATB3          set	31827
   268   007E84                     _RI             set	32388
   269   007EAF                     _TMR0ON         set	32431
   270   007F97                     _GIE            set	32663
   271   007F84                     _INT2IE         set	32644
   272   007F81                     _INT2IF         set	32641
   273   007F8C                     _INTEDG2        set	32652
   274   007F83                     _INT1IE         set	32643
   275   007F80                     _INT1IF         set	32640
   276   007F8D                     _INTEDG1        set	32653
   277   007F94                     _INT0IE         set	32660
   278   007F91                     _INT0IF         set	32657
   279   007F8E                     _INTEDG0        set	32654
   280   007F95                     _TMR0IE         set	32661
   281   007F92                     _TMR0IF         set	32658
   282   007D0A                     _HLVDIF         set	32010
   283   007E90                     _HLVDL0         set	32400
   284   007E91                     _HLVDL1         set	32401
   285   007E92                     _HLVDL2         set	32402
   286   007E93                     _HLVDL3         set	32403
   287   007E97                     _VDIRMAG        set	32407
   288   007E94                     _HLVDEN         set	32404
   289   000FD6                     _TMR0           set	4054
   290   000FD5                     _T0CON          set	4053
   291   000F8C                     _LATD           set	3980
   292   000F8D                     _LATE           set	3981
   293   000F89                     _LATA           set	3977
   294   000F93                     _TRISB          set	3987
   295   000F95                     _TRISD          set	3989
   296   000F96                     _TRISE          set	3990
   297   000F92                     _TRISA          set	3986
   298                           
   299                           ; #config settings
   300                           
   301                           	psect	cinit
   302   000A0C                     __pcinit:
   303                           	callstack 0
   304   000A0C                     start_initialization:
   305                           	callstack 0
   306   000A0C                     __initialization:
   307                           	callstack 0
   308                           
   309                           ; Clear objects allocated to COMRAM (2 bytes)
   310   000A0C  6A02               	clrf	(__pbssCOMRAM+1)& (0+255),c
   311   000A0E  6A01               	clrf	__pbssCOMRAM& (0+255),c
   312   000A10                     end_of_initialization:
   313                           	callstack 0
   314   000A10                     __end_of__initialization:
   315                           	callstack 0
   316   000A10  9005               	bcf	int$flags,0,c	;clear compiler interrupt flag (level 1)
   317   000A12  9205               	bcf	int$flags,1,c	;clear compiler interrupt flag (level 2)
   318   000A14  0100               	movlb	0
   319   000A16  EFD8  F004         	goto	_main	;jump to C main() function
   320                           
   321                           	psect	bssCOMRAM
   322   000001                     __pbssCOMRAM:
   323                           	callstack 0
   324   000001                     _countD:
   325                           	callstack 0
   326   000001                     	ds	1
   327   000002                     _contador:
   328                           	callstack 0
   329   000002                     	ds	1
   330                           
   331                           	psect	cstackCOMRAM
   332   000003                     __pcstackCOMRAM:
   333                           	callstack 0
   334   000003                     ??_ISR:
   335                           
   336                           ; 1 bytes @ 0x0
   337   000003                     	ds	2
   338   000005                     
   339                           ; 1 bytes @ 0x2
   340 ;;
   341 ;;Main: autosize = 0, tempsize = 0, incstack = 0, save=0
   342 ;;
   343 ;; *************** function _main *****************
   344 ;; Defined at:
   345 ;;		line 19 in file "LAB3INTENTO3.c"
   346 ;; Parameters:    Size  Location     Type
   347 ;;		None
   348 ;; Auto vars:     Size  Location     Type
   349 ;;		None
   350 ;; Return value:  Size  Location     Type
   351 ;;                  1    wreg      void 
   352 ;; Registers used:
   353 ;;		wreg, status,2
   354 ;; Tracked objects:
   355 ;;		On entry : 0/0
   356 ;;		On exit  : 0/0
   357 ;;		Unchanged: 0/0
   358 ;; Data sizes:     COMRAM   BANK0   BANK1   BANK2   BANK3   BANK4   BANK5   BANK6   BANK7
   359 ;;      Params:         0       0       0       0       0       0       0       0       0
   360 ;;      Locals:         0       0       0       0       0       0       0       0       0
   361 ;;      Temps:          0       0       0       0       0       0       0       0       0
   362 ;;      Totals:         0       0       0       0       0       0       0       0       0
   363 ;;Total ram usage:        0 bytes
   364 ;; Hardware stack levels required when called: 1
   365 ;; This function calls:
   366 ;;		Nothing
   367 ;; This function is called by:
   368 ;;		Startup code after reset
   369 ;; This function uses a non-reentrant model
   370 ;;
   371                           
   372                           	psect	text0
   373   0009B0                     __ptext0:
   374                           	callstack 0
   375   0009B0                     _main:
   376                           	callstack 30
   377                           
   378                           ;LAB3INTENTO3.c: 24: TRISA = 0x00;
   379                           
   380                           ;incstack = 0
   381   0009B0  6A92               	clrf	146,c	;volatile
   382                           
   383                           ;LAB3INTENTO3.c: 25: TRISE = 0x00;
   384   0009B2  6A96               	clrf	150,c	;volatile
   385                           
   386                           ;LAB3INTENTO3.c: 26: TRISD = 0X00;
   387   0009B4  6A95               	clrf	149,c	;volatile
   388                           
   389                           ;LAB3INTENTO3.c: 27: TRISB = 0xF7;
   390   0009B6  0EF7               	movlw	247
   391   0009B8  6E93               	movwf	147,c	;volatile
   392                           
   393                           ;LAB3INTENTO3.c: 31: LATA = 0xFF;
   394   0009BA  6889               	setf	137,c	;volatile
   395                           
   396                           ;LAB3INTENTO3.c: 32: LATE = 0x02;
   397   0009BC  0E02               	movlw	2
   398   0009BE  6E8D               	movwf	141,c	;volatile
   399                           
   400                           ;LAB3INTENTO3.c: 34: LATD = 0x00;
   401   0009C0  6A8C               	clrf	140,c	;volatile
   402                           
   403                           ;LAB3INTENTO3.c: 38: HLVDEN = 1;
   404   0009C2  88D2               	bsf	4050,4,c	;volatile
   405                           
   406                           ;LAB3INTENTO3.c: 39: VDIRMAG = 0;
   407   0009C4  9ED2               	bcf	4050,7,c	;volatile
   408                           
   409                           ;LAB3INTENTO3.c: 41: HLVDL3 = 1;
   410   0009C6  86D2               	bsf	4050,3,c	;volatile
   411                           
   412                           ;LAB3INTENTO3.c: 42: HLVDL2 = 0;
   413   0009C8  94D2               	bcf	4050,2,c	;volatile
   414                           
   415                           ;LAB3INTENTO3.c: 43: HLVDL1 = 1;
   416   0009CA  82D2               	bsf	4050,1,c	;volatile
   417                           
   418                           ;LAB3INTENTO3.c: 44: HLVDL0 = 0;
   419   0009CC  90D2               	bcf	4050,0,c	;volatile
   420                           
   421                           ;LAB3INTENTO3.c: 45: HLVDIF = 0;
   422   0009CE  94A1               	bcf	4001,2,c	;volatile
   423                           
   424                           ;LAB3INTENTO3.c: 49: T0CON = 0b00000010;
   425   0009D0  0E02               	movlw	2
   426   0009D2  6ED5               	movwf	213,c	;volatile
   427                           
   428                           ;LAB3INTENTO3.c: 50: TMR0 = 3036;
   429   0009D4  0E0B               	movlw	11
   430   0009D6  6ED7               	movwf	215,c	;volatile
   431   0009D8  0EDC               	movlw	220
   432   0009DA  6ED6               	movwf	214,c	;volatile
   433                           
   434                           ;LAB3INTENTO3.c: 53: TMR0IF = 0;
   435   0009DC  94F2               	bcf	4082,2,c	;volatile
   436                           
   437                           ;LAB3INTENTO3.c: 54: TMR0IE = 1;
   438   0009DE  8AF2               	bsf	4082,5,c	;volatile
   439                           
   440                           ;LAB3INTENTO3.c: 58: INTEDG0=1;
   441   0009E0  8CF1               	bsf	4081,6,c	;volatile
   442                           
   443                           ;LAB3INTENTO3.c: 59: INT0IF =0;
   444   0009E2  92F2               	bcf	4082,1,c	;volatile
   445                           
   446                           ;LAB3INTENTO3.c: 60: INT0IE=1;
   447   0009E4  88F2               	bsf	4082,4,c	;volatile
   448                           
   449                           ;LAB3INTENTO3.c: 63: INTEDG1=1;
   450   0009E6  8AF1               	bsf	4081,5,c	;volatile
   451                           
   452                           ;LAB3INTENTO3.c: 64: INT1IF =0;
   453   0009E8  90F0               	bcf	4080,0,c	;volatile
   454                           
   455                           ;LAB3INTENTO3.c: 65: INT1IE=1;
   456   0009EA  86F0               	bsf	4080,3,c	;volatile
   457                           
   458                           ;LAB3INTENTO3.c: 68: INTEDG2=1;
   459   0009EC  88F1               	bsf	4081,4,c	;volatile
   460                           
   461                           ;LAB3INTENTO3.c: 69: INT2IF =0;
   462   0009EE  92F0               	bcf	4080,1,c	;volatile
   463                           
   464                           ;LAB3INTENTO3.c: 70: INT2IE=1;
   465   0009F0  88F0               	bsf	4080,4,c	;volatile
   466                           
   467                           ;LAB3INTENTO3.c: 72: GIE=1;
   468   0009F2  8EF2               	bsf	4082,7,c	;volatile
   469                           
   470                           ;LAB3INTENTO3.c: 73: TMR0ON = 1;
   471   0009F4  8ED5               	bsf	4053,7,c	;volatile
   472                           
   473                           ;LAB3INTENTO3.c: 77: contador = 0;
   474   0009F6  6A02               	clrf	_contador^0,c
   475                           
   476                           ;LAB3INTENTO3.c: 78: countD = 0;
   477   0009F8  6A01               	clrf	_countD^0,c
   478                           
   479                           ;LAB3INTENTO3.c: 82: if(RI == 0){
   480   0009FA  B8D0               	btfsc	4048,4,c	;volatile
   481   0009FC  D006               	goto	l84
   482                           
   483                           ;LAB3INTENTO3.c: 83: LATD = 0x14;
   484   0009FE  0E14               	movlw	20
   485   000A00  6E8C               	movwf	140,c	;volatile
   486                           
   487                           ;LAB3INTENTO3.c: 85: LATA = 0xFF;
   488   000A02  6889               	setf	137,c	;volatile
   489                           
   490                           ;LAB3INTENTO3.c: 86: LATE = 0x02;
   491   000A04  0E02               	movlw	2
   492   000A06  6E8D               	movwf	141,c	;volatile
   493                           
   494                           ;LAB3INTENTO3.c: 87: RI = 1;
   495   000A08  88D0               	bsf	4048,4,c	;volatile
   496   000A0A                     l84:
   497   000A0A  D7FF               	goto	l84
   498   000A0C                     __end_of_main:
   499                           	callstack 0
   500                           
   501 ;; *************** function _ISR *****************
   502 ;; Defined at:
   503 ;;		line 101 in file "LAB3INTENTO3.c"
   504 ;; Parameters:    Size  Location     Type
   505 ;;		None
   506 ;; Auto vars:     Size  Location     Type
   507 ;;		None
   508 ;; Return value:  Size  Location     Type
   509 ;;                  1    wreg      void 
   510 ;; Registers used:
   511 ;;		wreg, status,2, status,0
   512 ;; Tracked objects:
   513 ;;		On entry : 0/0
   514 ;;		On exit  : 0/0
   515 ;;		Unchanged: 0/0
   516 ;; Data sizes:     COMRAM   BANK0   BANK1   BANK2   BANK3   BANK4   BANK5   BANK6   BANK7
   517 ;;      Params:         0       0       0       0       0       0       0       0       0
   518 ;;      Locals:         0       0       0       0       0       0       0       0       0
   519 ;;      Temps:          2       0       0       0       0       0       0       0       0
   520 ;;      Totals:         2       0       0       0       0       0       0       0       0
   521 ;;Total ram usage:        2 bytes
   522 ;; Hardware stack levels used: 1
   523 ;; This function calls:
   524 ;;		Nothing
   525 ;; This function is called by:
   526 ;;		Interrupt level 2
   527 ;; This function uses a non-reentrant model
   528 ;;
   529                           
   530                           	psect	intcode
   531   000008                     __pintcode:
   532                           	callstack 0
   533   000008                     _ISR:
   534                           	callstack 30
   535                           
   536                           ;incstack = 0
   537   000008  8205               	bsf	btemp,1,c	;set compiler interrupt flag (level 2)
   538   00000A  ED01  F004         	call	int_func,f	;refresh shadow registers
   539                           
   540                           	psect	intcode_body
   541   000802                     __pintcode_body:
   542                           	callstack 30
   543   000802                     int_func:
   544                           	callstack 30
   545   000802  0006               	pop		; remove dummy address from shadow register refresh
   546                           
   547                           ;LAB3INTENTO3.c: 104: if(TMR0IF == 1){
   548   000804  A4F2               	btfss	4082,2,c	;volatile
   549   000806  D011               	goto	i2u5_45
   550                           
   551                           ;LAB3INTENTO3.c: 106: if (HLVDIF) {
   552   000808  A4A1               	btfss	4001,2,c	;volatile
   553   00080A  D005               	goto	i2l955
   554                           
   555                           ;LAB3INTENTO3.c: 107: HLVDIF = 0;
   556   00080C  94A1               	bcf	4001,2,c	;volatile
   557                           
   558                           ;LAB3INTENTO3.c: 108: TMR0 = 49911;
   559   00080E  0EC2               	movlw	194
   560   000810  6ED7               	movwf	215,c	;volatile
   561   000812  0EF7               	movlw	247
   562   000814  D003               	goto	L1
   563   000816                     i2l955:
   564                           
   565                           ;LAB3INTENTO3.c: 110: TMR0 = 3036;
   566   000816  0E0B               	movlw	11
   567   000818  6ED7               	movwf	215,c	;volatile
   568   00081A  0EDC               	movlw	220
   569   00081C                     L1:
   570   00081C  6ED6               	movwf	214,c	;volatile
   571                           
   572                           ;LAB3INTENTO3.c: 111: };LAB3INTENTO3.c: 113: TMR0IF = 0;
   573   00081E  94F2               	bcf	4082,2,c	;volatile
   574                           
   575                           ;LAB3INTENTO3.c: 114: LATB3 = LATB3^1;
   576   000820  B68A               	btfsc	3978,3,c	;volatile
   577   000822  D002               	goto	i2u4_40
   578   000824  868A               	bsf	3978,3,c	;volatile
   579   000826  D001               	goto	i2u5_45
   580   000828                     i2u4_40:
   581   000828  968A               	bcf	3978,3,c	;volatile
   582   00082A                     i2u5_45:
   583                           
   584                           ;LAB3INTENTO3.c: 117: };LAB3INTENTO3.c: 120: if(INT0IF == 1){
   585   00082A  A2F2               	btfss	4082,1,c	;volatile
   586   00082C  D011               	goto	i2u9_40
   587                           
   588                           ;LAB3INTENTO3.c: 121: INT0IF = 0;
   589   00082E  92F2               	bcf	4082,1,c	;volatile
   590                           
   591                           ;LAB3INTENTO3.c: 122: _delay((unsigned long)((50)*(4000000/4000.0)));
   592   000830  0E41               	movlw	65
   593   000832  6E03               	movwf	??_ISR^0,c
   594   000834  0EEE               	movlw	238
   595   000836                     i2u35_47:
   596   000836  2EE8               	decfsz	wreg,f,c
   597   000838  D7FE               	bra	i2u35_47
   598   00083A  2E03               	decfsz	??_ISR^0,f,c
   599   00083C  D7FC               	bra	i2u35_47
   600   00083E  D000               	nop2	
   601                           
   602                           ;LAB3INTENTO3.c: 123: if(RB0 == 1){
   603   000840  B081               	btfsc	3969,0,c	;volatile
   604   000842  D003               	goto	i2l973
   605   000844  D005               	goto	i2u9_40
   606   000846                     i2l971:
   607                           
   608                           ;LAB3INTENTO3.c: 127: LATD = 0x10;
   609   000846  0E10               	movlw	16
   610   000848  6E8C               	movwf	140,c	;volatile
   611   00084A                     i2l973:
   612   00084A  A081               	btfss	3969,0,c	;volatile
   613   00084C  A081               	btfss	3969,0,c	;volatile
   614   00084E  D7FB               	goto	i2l971
   615   000850                     i2u9_40:
   616                           
   617                           ;LAB3INTENTO3.c: 128: };LAB3INTENTO3.c: 129: };LAB3INTENTO3.c: 130: };LAB3INTENTO3.c: 13
      +                          3: if(INT1IF == 1){
   618   000850  A0F0               	btfss	4080,0,c	;volatile
   619   000852  D00E               	goto	i2l100
   620                           
   621                           ;LAB3INTENTO3.c: 134: INT1IF = 0;
   622   000854  90F0               	bcf	4080,0,c	;volatile
   623                           
   624                           ;LAB3INTENTO3.c: 135: _delay((unsigned long)((50)*(4000000/4000.0)));
   625   000856  0E41               	movlw	65
   626   000858  6E03               	movwf	??_ISR^0,c
   627   00085A  0EEE               	movlw	238
   628   00085C                     i2u36_47:
   629   00085C  2EE8               	decfsz	wreg,f,c
   630   00085E  D7FE               	bra	i2u36_47
   631   000860  2E03               	decfsz	??_ISR^0,f,c
   632   000862  D7FC               	bra	i2u36_47
   633   000864  D000               	nop2	
   634                           
   635                           ;LAB3INTENTO3.c: 136: if(RB1 == 0){
   636   000866  B281               	btfsc	3969,1,c	;volatile
   637   000868  D002               	goto	i2l101
   638                           
   639                           ;LAB3INTENTO3.c: 138: __nop();
   640   00086A  0000               	nop	
   641                           
   642                           ;LAB3INTENTO3.c: 139: } else {
   643   00086C  D001               	goto	i2l100
   644   00086E                     i2l101:
   645   00086E  00FF               	reset		;# 
   646   000870                     i2l100:
   647                           
   648                           ;LAB3INTENTO3.c: 142: };LAB3INTENTO3.c: 143: };LAB3INTENTO3.c: 146: if(INT2IF == 1){
   649   000870  A2F0               	btfss	4080,1,c	;volatile
   650   000872  D09C               	goto	i2l139
   651                           
   652                           ;LAB3INTENTO3.c: 147: _delay((unsigned long)((50)*(4000000/4000.0)));
   653   000874  0E41               	movlw	65
   654   000876  6E03               	movwf	??_ISR^0,c
   655   000878  0EEE               	movlw	238
   656   00087A                     i2u37_47:
   657   00087A  2EE8               	decfsz	wreg,f,c
   658   00087C  D7FE               	bra	i2u37_47
   659   00087E  2E03               	decfsz	??_ISR^0,f,c
   660   000880  D7FC               	bra	i2u37_47
   661   000882  D000               	nop2	
   662                           
   663                           ;LAB3INTENTO3.c: 148: if(RB2 == 1 && RB0 == 0){
   664   000884  B481               	btfsc	3969,2,c	;volatile
   665   000886  B081               	btfsc	3969,0,c	;volatile
   666   000888  D090               	goto	i2l133
   667                           
   668                           ;LAB3INTENTO3.c: 152: contador = contador + 1;
   669   00088A  2802               	incf	_contador^0,w,c
   670   00088C  6E02               	movwf	_contador^0,c
   671                           
   672                           ;LAB3INTENTO3.c: 155: if(contador > 9){
   673   00088E  0E09               	movlw	9
   674   000890  6402               	cpfsgt	_contador^0,c
   675   000892  D010               	goto	i2l1003
   676                           
   677                           ;LAB3INTENTO3.c: 157: LATD7=1;
   678   000894  8E8C               	bsf	3980,7,c	;volatile
   679                           
   680                           ;LAB3INTENTO3.c: 158: _delay((unsigned long)((500)*(4000000/4000.0)));
   681   000896  0E03               	movlw	3
   682   000898  6E04               	movwf	(??_ISR+1)^0,c
   683   00089A  0E8A               	movlw	138
   684   00089C  6E03               	movwf	??_ISR^0,c
   685   00089E  0E56               	movlw	86
   686   0008A0                     i2u38_47:
   687   0008A0  2EE8               	decfsz	wreg,f,c
   688   0008A2  D7FE               	bra	i2u38_47
   689   0008A4  2E03               	decfsz	??_ISR^0,f,c
   690   0008A6  D7FC               	bra	i2u38_47
   691   0008A8  2E04               	decfsz	(??_ISR+1)^0,f,c
   692   0008AA  D7FA               	bra	i2u38_47
   693                           
   694                           ;LAB3INTENTO3.c: 159: LATD7=0;
   695   0008AC  9E8C               	bcf	3980,7,c	;volatile
   696                           
   697                           ;LAB3INTENTO3.c: 160: contador = 0;
   698   0008AE  6A02               	clrf	_contador^0,c
   699                           
   700                           ;LAB3INTENTO3.c: 161: countD = countD + 1;
   701   0008B0  2801               	incf	_countD^0,w,c
   702   0008B2  6E01               	movwf	_countD^0,c
   703   0008B4                     i2l1003:
   704                           
   705                           ;LAB3INTENTO3.c: 162: };LAB3INTENTO3.c: 165: if(countD == 6){
   706   0008B4  0E06               	movlw	6
   707   0008B6  1801               	xorwf	_countD^0,w,c
   708   0008B8  A4D8               	btfss	status,2,c
   709   0008BA  D00E               	goto	i2l1013
   710                           
   711                           ;LAB3INTENTO3.c: 167: LATD7=1;
   712   0008BC  8E8C               	bsf	3980,7,c	;volatile
   713                           
   714                           ;LAB3INTENTO3.c: 168: _delay((unsigned long)((1000)*(4000000/4000.0)));
   715   0008BE  0E06               	movlw	6
   716   0008C0  6E04               	movwf	(??_ISR+1)^0,c
   717   0008C2  0E13               	movlw	19
   718   0008C4  6E03               	movwf	??_ISR^0,c
   719   0008C6  0EAE               	movlw	174
   720   0008C8                     i2u39_47:
   721   0008C8  2EE8               	decfsz	wreg,f,c
   722   0008CA  D7FE               	bra	i2u39_47
   723   0008CC  2E03               	decfsz	??_ISR^0,f,c
   724   0008CE  D7FC               	bra	i2u39_47
   725   0008D0  2E04               	decfsz	(??_ISR+1)^0,f,c
   726   0008D2  D7FA               	bra	i2u39_47
   727                           
   728                           ;LAB3INTENTO3.c: 169: LATD7=0;
   729   0008D4  9E8C               	bcf	3980,7,c	;volatile
   730                           
   731                           ;LAB3INTENTO3.c: 170: countD = 0;
   732   0008D6  6A01               	clrf	_countD^0,c
   733   0008D8                     i2l1013:
   734                           
   735                           ;LAB3INTENTO3.c: 171: };LAB3INTENTO3.c: 175: if(countD == 0 && contador == 0){
   736   0008D8  5001               	movf	_countD^0,w,c
   737   0008DA  A4D8               	btfss	status,2,c
   738   0008DC  D005               	goto	i2l1019
   739   0008DE  5002               	movf	_contador^0,w,c
   740   0008E0  A4D8               	btfss	status,2,c
   741   0008E2  D002               	goto	i2l1019
   742   0008E4                     i2u18_40:
   743                           
   744                           ;LAB3INTENTO3.c: 178: LATD = 0x14;
   745   0008E4  0E14               	movlw	20
   746   0008E6  D01F               	goto	L7
   747   0008E8                     i2l1019:
   748   0008E8  5001               	movf	_countD^0,w,c
   749   0008EA  B4D8               	btfsc	status,2,c
   750   0008EC  D7FB               	goto	i2u18_40
   751   0008EE  0401               	decf	_countD^0,w,c
   752   0008F0  A4D8               	btfss	status,2,c
   753   0008F2  D002               	goto	i2l1027
   754                           
   755                           ;LAB3INTENTO3.c: 186: LATD = 0x04;
   756   0008F4  0E04               	movlw	4
   757   0008F6  D017               	goto	L7
   758   0008F8                     i2l1027:
   759   0008F8  0E02               	movlw	2
   760   0008FA  1801               	xorwf	_countD^0,w,c
   761   0008FC  A4D8               	btfss	status,2,c
   762   0008FE  D002               	goto	i2l1031
   763                           
   764                           ;LAB3INTENTO3.c: 190: LATD = 0x0C;
   765   000900  0E0C               	movlw	12
   766   000902  D011               	goto	L7
   767   000904                     i2l1031:
   768   000904  0E03               	movlw	3
   769   000906  1801               	xorwf	_countD^0,w,c
   770   000908  A4D8               	btfss	status,2,c
   771   00090A  D002               	goto	i2l1035
   772                           
   773                           ;LAB3INTENTO3.c: 194: LATD = 0x08;
   774   00090C  0E08               	movlw	8
   775   00090E  D00B               	goto	L7
   776   000910                     i2l1035:
   777   000910  0E04               	movlw	4
   778   000912  1801               	xorwf	_countD^0,w,c
   779   000914  A4D8               	btfss	status,2,c
   780   000916  D002               	goto	i2l1039
   781                           
   782                           ;LAB3INTENTO3.c: 198: LATD = 0x18;
   783   000918  0E18               	movlw	24
   784   00091A  D005               	goto	L7
   785   00091C                     i2l1039:
   786   00091C  0E05               	movlw	5
   787   00091E  1801               	xorwf	_countD^0,w,c
   788   000920  A4D8               	btfss	status,2,c
   789   000922  D002               	goto	i2l114
   790                           
   791                           ;LAB3INTENTO3.c: 202: LATD = 0x1C;
   792   000924  0E1C               	movlw	28
   793   000926                     L7:
   794   000926  6E8C               	movwf	140,c	;volatile
   795   000928                     i2l114:
   796                           
   797                           ;LAB3INTENTO3.c: 204: };LAB3INTENTO3.c: 207: if(contador == 0){
   798   000928  5002               	movf	_contador^0,w,c
   799   00092A  A4D8               	btfss	status,2,c
   800   00092C  D003               	goto	i2l1047
   801                           
   802                           ;LAB3INTENTO3.c: 209: LATA = 0xFF;
   803   00092E  6889               	setf	137,c	;volatile
   804                           
   805                           ;LAB3INTENTO3.c: 210: LATE = 0x02;
   806   000930  0E02               	movlw	2
   807   000932  D03A               	goto	L10
   808   000934                     i2l1047:
   809   000934  0402               	decf	_contador^0,w,c
   810   000936  A4D8               	btfss	status,2,c
   811   000938  D004               	goto	i2l1053
   812                           
   813                           ;LAB3INTENTO3.c: 214: LATA = 0x0D;
   814   00093A  0E0D               	movlw	13
   815   00093C  6E89               	movwf	137,c	;volatile
   816                           
   817                           ;LAB3INTENTO3.c: 215: LATE = 0x00;
   818   00093E  6A8D               	clrf	141,c	;volatile
   819                           
   820                           ;LAB3INTENTO3.c: 217: } else if (contador == 2){
   821   000940  D034               	goto	i2l133
   822   000942                     i2l1053:
   823   000942  0E02               	movlw	2
   824   000944  1802               	xorwf	_contador^0,w,c
   825   000946  A4D8               	btfss	status,2,c
   826   000948  D002               	goto	i2l1057
   827                           
   828                           ;LAB3INTENTO3.c: 219: LATA = 0xFB;
   829   00094A  0EFB               	movlw	251
   830   00094C  D005               	goto	L9
   831   00094E                     i2l1057:
   832   00094E  0E03               	movlw	3
   833   000950  1802               	xorwf	_contador^0,w,c
   834   000952  A4D8               	btfss	status,2,c
   835   000954  D004               	goto	i2l1061
   836                           
   837                           ;LAB3INTENTO3.c: 224: LATA = 0xEF;
   838   000956  0EEF               	movlw	239
   839   000958                     L9:
   840   000958  6E89               	movwf	137,c	;volatile
   841                           
   842                           ;LAB3INTENTO3.c: 225: LATE = 0x01;
   843   00095A  0E01               	movlw	1
   844   00095C  D025               	goto	L10
   845   00095E                     i2l1061:
   846   00095E  0E04               	movlw	4
   847   000960  1802               	xorwf	_contador^0,w,c
   848   000962  A4D8               	btfss	status,2,c
   849   000964  D002               	goto	i2l1065
   850                           
   851                           ;LAB3INTENTO3.c: 229: LATA = 0xCD;
   852   000966  0ECD               	movlw	205
   853   000968  D01D               	goto	L11
   854   00096A                     i2l1065:
   855   00096A  0E05               	movlw	5
   856   00096C  1802               	xorwf	_contador^0,w,c
   857   00096E  A4D8               	btfss	status,2,c
   858   000970  D002               	goto	i2l1069
   859                           
   860                           ;LAB3INTENTO3.c: 234: LATA = 0xEE;
   861   000972  0EEE               	movlw	238
   862   000974  D017               	goto	L11
   863   000976                     i2l1069:
   864   000976  0E06               	movlw	6
   865   000978  1802               	xorwf	_contador^0,w,c
   866   00097A  A4D8               	btfss	status,2,c
   867   00097C  D002               	goto	i2l1073
   868                           
   869                           ;LAB3INTENTO3.c: 239: LATA = 0xFE;
   870   00097E  0EFE               	movlw	254
   871   000980  D011               	goto	L11
   872   000982                     i2l1073:
   873   000982  0E07               	movlw	7
   874   000984  1802               	xorwf	_contador^0,w,c
   875   000986  A4D8               	btfss	status,2,c
   876   000988  D002               	goto	i2l1079
   877                           
   878                           ;LAB3INTENTO3.c: 244: LATA = 0xCF;
   879   00098A  0ECF               	movlw	207
   880   00098C  D7D7               	goto	L2
   881   00098E                     i2l1079:
   882   00098E  0E08               	movlw	8
   883   000990  1802               	xorwf	_contador^0,w,c
   884   000992  A4D8               	btfss	status,2,c
   885   000994  D002               	goto	i2l1085
   886                           
   887                           ;LAB3INTENTO3.c: 249: LATA = 0xFF;
   888   000996  6889               	setf	137,c	;volatile
   889   000998  D006               	goto	L12
   890   00099A                     i2l1085:
   891   00099A  0E09               	movlw	9
   892   00099C  1802               	xorwf	_contador^0,w,c
   893   00099E  A4D8               	btfss	status,2,c
   894   0009A0  D004               	goto	i2l133
   895                           
   896                           ;LAB3INTENTO3.c: 254: LATA = 0xEF;
   897   0009A2  0EEF               	movlw	239
   898   0009A4                     L11:
   899   0009A4  6E89               	movwf	137,c	;volatile
   900   0009A6                     L12:
   901                           
   902                           ;LAB3INTENTO3.c: 255: LATE = 0x03;
   903   0009A6  0E03               	movlw	3
   904   0009A8                     L10:
   905   0009A8  6E8D               	movwf	141,c	;volatile
   906   0009AA                     i2l133:
   907                           
   908                           ;LAB3INTENTO3.c: 257: };LAB3INTENTO3.c: 258: };LAB3INTENTO3.c: 260: INT2IF = 0;
   909   0009AA  92F0               	bcf	4080,1,c	;volatile
   910   0009AC                     i2l139:
   911   0009AC  9205               	bcf	btemp,1,c	;clear compiler interrupt flag (level 2)
   912   0009AE  0011               	retfie		f
   913   0009B0                     __end_of_ISR:
   914                           	callstack 0
   915                           
   916                           	psect	smallconst
   917   000800                     __psmallconst:
   918                           	callstack 0
   919   000800  00                 	db	0
   920   000801  00                 	db	0	; dummy byte at the end
   921   000000                     __activetblptr  equ	0
   922                           
   923                           	psect	rparam
   924   000001                     ___rparam_used  equ	1
   925   000000                     ___param_bank   equ	0
   926   000000                     __Lparam        equ	__Lrparam
   927   000000                     __Hparam        equ	__Hrparam
   928                           
   929                           	psect	temp
   930   000005                     btemp:
   931                           	callstack 0
   932   000005                     	ds	1
   933   000005                     int$flags       set	btemp
   934   000006                     wtemp8          set	btemp+1
   935   000006                     ttemp5          set	btemp+1
   936   000009                     ttemp6          set	btemp+4
   937   00000D                     ttemp7          set	btemp+8
   938                           
   939                           	psect	idloc
   940                           
   941                           ;Config register IDLOC0 @ 0x200000
   942                           ;	unspecified, using default values
   943   200000                     	org	2097152
   944   200000  FF                 	db	255
   945                           
   946                           ;Config register IDLOC1 @ 0x200001
   947                           ;	unspecified, using default values
   948   200001                     	org	2097153
   949   200001  FF                 	db	255
   950                           
   951                           ;Config register IDLOC2 @ 0x200002
   952                           ;	unspecified, using default values
   953   200002                     	org	2097154
   954   200002  FF                 	db	255
   955                           
   956                           ;Config register IDLOC3 @ 0x200003
   957                           ;	unspecified, using default values
   958   200003                     	org	2097155
   959   200003  FF                 	db	255
   960                           
   961                           ;Config register IDLOC4 @ 0x200004
   962                           ;	unspecified, using default values
   963   200004                     	org	2097156
   964   200004  FF                 	db	255
   965                           
   966                           ;Config register IDLOC5 @ 0x200005
   967                           ;	unspecified, using default values
   968   200005                     	org	2097157
   969   200005  FF                 	db	255
   970                           
   971                           ;Config register IDLOC6 @ 0x200006
   972                           ;	unspecified, using default values
   973   200006                     	org	2097158
   974   200006  FF                 	db	255
   975                           
   976                           ;Config register IDLOC7 @ 0x200007
   977                           ;	unspecified, using default values
   978   200007                     	org	2097159
   979   200007  FF                 	db	255
   980                           
   981                           	psect	config
   982                           
   983                           ;Config register CONFIG1L @ 0x300000
   984                           ;	unspecified, using default values
   985                           ;	PLL Prescaler Selection bits
   986                           ;	PLLDIV = 0x0, unprogrammed default
   987                           ;	System Clock Postscaler Selection bits
   988                           ;	CPUDIV = 0x0, unprogrammed default
   989                           ;	USB Clock Selection bit (used in Full-Speed USB mode only; UCFG:FSEN = 1)
   990                           ;	USBDIV = 0x0, unprogrammed default
   991   300000                     	org	3145728
   992   300000  00                 	db	0
   993                           
   994                           ;Config register CONFIG1H @ 0x300001
   995                           ;	Oscillator Selection bits
   996                           ;	FOSC = HS, HS oscillator (HS)
   997                           ;	Fail-Safe Clock Monitor Enable bit
   998                           ;	FCMEN = 0x0, unprogrammed default
   999                           ;	Internal/External Oscillator Switchover bit
  1000                           ;	IESO = 0x0, unprogrammed default
  1001   300001                     	org	3145729
  1002   300001  0C                 	db	12
  1003                           
  1004                           ;Config register CONFIG2L @ 0x300002
  1005                           ;	unspecified, using default values
  1006                           ;	Power-up Timer Enable bit
  1007                           ;	PWRT = 0x1, unprogrammed default
  1008                           ;	Brown-out Reset Enable bits
  1009                           ;	BOR = 0x3, unprogrammed default
  1010                           ;	Brown-out Reset Voltage bits
  1011                           ;	BORV = 0x3, unprogrammed default
  1012                           ;	USB Voltage Regulator Enable bit
  1013                           ;	VREGEN = 0x0, unprogrammed default
  1014   300002                     	org	3145730
  1015   300002  1F                 	db	31
  1016                           
  1017                           ;Config register CONFIG2H @ 0x300003
  1018                           ;	Watchdog Timer Enable bit
  1019                           ;	WDT = OFF, WDT disabled (control is placed on the SWDTEN bit)
  1020                           ;	Watchdog Timer Postscale Select bits
  1021                           ;	WDTPS = 0xF, unprogrammed default
  1022   300003                     	org	3145731
  1023   300003  1E                 	db	30
  1024                           
  1025                           ; Padding undefined space
  1026   300004                     	org	3145732
  1027   300004  FF                 	db	255
  1028                           
  1029                           ;Config register CONFIG3H @ 0x300005
  1030                           ;	CCP2 MUX bit
  1031                           ;	CCP2MX = 0x1, unprogrammed default
  1032                           ;	PORTB A/D Enable bit
  1033                           ;	PBADEN = OFF, PORTB<4:0> pins are configured as digital I/O on Reset
  1034                           ;	Low-Power Timer 1 Oscillator Enable bit
  1035                           ;	LPT1OSC = 0x0, unprogrammed default
  1036                           ;	MCLR Pin Enable bit
  1037                           ;	MCLRE = 0x1, unprogrammed default
  1038   300005                     	org	3145733
  1039   300005  81                 	db	129
  1040                           
  1041                           ;Config register CONFIG4L @ 0x300006
  1042                           ;	Stack Full/Underflow Reset Enable bit
  1043                           ;	STVREN = 0x1, unprogrammed default
  1044                           ;	Single-Supply ICSP Enable bit
  1045                           ;	LVP = OFF, Single-Supply ICSP disabled
  1046                           ;	Dedicated In-Circuit Debug/Programming Port (ICPORT) Enable bit
  1047                           ;	ICPRT = 0x0, unprogrammed default
  1048                           ;	Extended Instruction Set Enable bit
  1049                           ;	XINST = 0x0, unprogrammed default
  1050                           ;	Background Debugger Enable bit
  1051                           ;	DEBUG = 0x1, unprogrammed default
  1052   300006                     	org	3145734
  1053   300006  81                 	db	129
  1054                           
  1055                           ; Padding undefined space
  1056   300007                     	org	3145735
  1057   300007  FF                 	db	255
  1058                           
  1059                           ;Config register CONFIG5L @ 0x300008
  1060                           ;	unspecified, using default values
  1061                           ;	Code Protection bit
  1062                           ;	CP0 = 0x1, unprogrammed default
  1063                           ;	Code Protection bit
  1064                           ;	CP1 = 0x1, unprogrammed default
  1065                           ;	Code Protection bit
  1066                           ;	CP2 = 0x1, unprogrammed default
  1067                           ;	Code Protection bit
  1068                           ;	CP3 = 0x1, unprogrammed default
  1069   300008                     	org	3145736
  1070   300008  0F                 	db	15
  1071                           
  1072                           ;Config register CONFIG5H @ 0x300009
  1073                           ;	unspecified, using default values
  1074                           ;	Boot Block Code Protection bit
  1075                           ;	CPB = 0x1, unprogrammed default
  1076                           ;	Data EEPROM Code Protection bit
  1077                           ;	CPD = 0x1, unprogrammed default
  1078   300009                     	org	3145737
  1079   300009  C0                 	db	192
  1080                           
  1081                           ;Config register CONFIG6L @ 0x30000A
  1082                           ;	unspecified, using default values
  1083                           ;	Write Protection bit
  1084                           ;	WRT0 = 0x1, unprogrammed default
  1085                           ;	Write Protection bit
  1086                           ;	WRT1 = 0x1, unprogrammed default
  1087                           ;	Write Protection bit
  1088                           ;	WRT2 = 0x1, unprogrammed default
  1089                           ;	Write Protection bit
  1090                           ;	WRT3 = 0x1, unprogrammed default
  1091   30000A                     	org	3145738
  1092   30000A  0F                 	db	15
  1093                           
  1094                           ;Config register CONFIG6H @ 0x30000B
  1095                           ;	unspecified, using default values
  1096                           ;	Configuration Register Write Protection bit
  1097                           ;	WRTC = 0x1, unprogrammed default
  1098                           ;	Boot Block Write Protection bit
  1099                           ;	WRTB = 0x1, unprogrammed default
  1100                           ;	Data EEPROM Write Protection bit
  1101                           ;	WRTD = 0x1, unprogrammed default
  1102   30000B                     	org	3145739
  1103   30000B  E0                 	db	224
  1104                           
  1105                           ;Config register CONFIG7L @ 0x30000C
  1106                           ;	unspecified, using default values
  1107                           ;	Table Read Protection bit
  1108                           ;	EBTR0 = 0x1, unprogrammed default
  1109                           ;	Table Read Protection bit
  1110                           ;	EBTR1 = 0x1, unprogrammed default
  1111                           ;	Table Read Protection bit
  1112                           ;	EBTR2 = 0x1, unprogrammed default
  1113                           ;	Table Read Protection bit
  1114                           ;	EBTR3 = 0x1, unprogrammed default
  1115   30000C                     	org	3145740
  1116   30000C  0F                 	db	15
  1117                           
  1118                           ;Config register CONFIG7H @ 0x30000D
  1119                           ;	unspecified, using default values
  1120                           ;	Boot Block Table Read Protection bit
  1121                           ;	EBTRB = 0x1, unprogrammed default
  1122   30000D                     	org	3145741
  1123   30000D  40                 	db	64
  1124                           tosu	equ	0xFFF
  1125                           tosh	equ	0xFFE
  1126                           tosl	equ	0xFFD
  1127                           stkptr	equ	0xFFC
  1128                           pclatu	equ	0xFFB
  1129                           pclath	equ	0xFFA
  1130                           pcl	equ	0xFF9
  1131                           tblptru	equ	0xFF8
  1132                           tblptrh	equ	0xFF7
  1133                           tblptrl	equ	0xFF6
  1134                           tablat	equ	0xFF5
  1135                           prodh	equ	0xFF4
  1136                           prodl	equ	0xFF3
  1137                           indf0	equ	0xFEF
  1138                           postinc0	equ	0xFEE
  1139                           postdec0	equ	0xFED
  1140                           preinc0	equ	0xFEC
  1141                           plusw0	equ	0xFEB
  1142                           fsr0h	equ	0xFEA
  1143                           fsr0l	equ	0xFE9
  1144                           wreg	equ	0xFE8
  1145                           indf1	equ	0xFE7
  1146                           postinc1	equ	0xFE6
  1147                           postdec1	equ	0xFE5
  1148                           preinc1	equ	0xFE4
  1149                           plusw1	equ	0xFE3
  1150                           fsr1h	equ	0xFE2
  1151                           fsr1l	equ	0xFE1
  1152                           bsr	equ	0xFE0
  1153                           indf2	equ	0xFDF
  1154                           postinc2	equ	0xFDE
  1155                           postdec2	equ	0xFDD
  1156                           preinc2	equ	0xFDC
  1157                           plusw2	equ	0xFDB
  1158                           fsr2h	equ	0xFDA
  1159                           fsr2l	equ	0xFD9
  1160                           status	equ	0xFD8

Data Sizes:
    Strings     0
    Constant    0
    Data        0
    BSS         2
    Persistent  0
    Stack       0

Auto Spaces:
    Space          Size  Autos    Used
    COMRAM           94      2       4
    BANK0           160      0       0
    BANK1           256      0       0
    BANK2           256      0       0
    BANK3           256      0       0
    BANK4           256      0       0
    BANK5           256      0       0
    BANK6           256      0       0
    BANK7           256      0       0

Pointer List with Targets:

    None.

Critical Paths under _main in COMRAM

    None.

Critical Paths under _ISR in COMRAM

    None.

Critical Paths under _main in BANK0

    None.

Critical Paths under _ISR in BANK0

    None.

Critical Paths under _main in BANK1

    None.

Critical Paths under _ISR in BANK1

    None.

Critical Paths under _main in BANK2

    None.

Critical Paths under _ISR in BANK2

    None.

Critical Paths under _main in BANK3

    None.

Critical Paths under _ISR in BANK3

    None.

Critical Paths under _main in BANK4

    None.

Critical Paths under _ISR in BANK4

    None.

Critical Paths under _main in BANK5

    None.

Critical Paths under _ISR in BANK5

    None.

Critical Paths under _main in BANK6

    None.

Critical Paths under _ISR in BANK6

    None.

Critical Paths under _main in BANK7

    None.

Critical Paths under _ISR in BANK7

    None.

Call Graph Tables:

 ---------------------------------------------------------------------------------
 (Depth) Function   	        Calls       Base Space   Used Autos Params    Refs
 ---------------------------------------------------------------------------------
 (0) _main                                                 0     0      0       0
 ---------------------------------------------------------------------------------
 Estimated maximum stack depth 0
 ---------------------------------------------------------------------------------
 (Depth) Function   	        Calls       Base Space   Used Autos Params    Refs
 ---------------------------------------------------------------------------------
 (1) _ISR                                                  2     2      0       0
                                              0 COMRAM     2     2      0
 ---------------------------------------------------------------------------------
 Estimated maximum stack depth 1
 ---------------------------------------------------------------------------------

 Call Graph Graphs:

 _main (ROOT)

 _ISR (ROOT)

Address spaces:
Name               Size   Autos  Total    Usage
BIGRAM            2047      0       0      0.0%
BITBANK7           256      0       0      0.0%
BANK7              256      0       0      0.0%
BITBANK6           256      0       0      0.0%
BANK6              256      0       0      0.0%
BITBANK5           256      0       0      0.0%
BANK5              256      0       0      0.0%
BITBANK4           256      0       0      0.0%
BANK4              256      0       0      0.0%
BITBANK3           256      0       0      0.0%
BANK3              256      0       0      0.0%
BITBANK2           256      0       0      0.0%
BANK2              256      0       0      0.0%
BITBANK1           256      0       0      0.0%
BANK1              256      0       0      0.0%
BITBANK0           160      0       0      0.0%
BANK0              160      0       0      0.0%
BITBIGSFRh         115      0       0      0.0%
BITCOMRAM           94      0       0      0.0%
COMRAM              94      2       4      4.3%
BITBIGSFRll         33      0       0      0.0%
BITBIGSFRlh         10      0       0      0.0%
STACK                0      0       0      0.0%
DATA                 0      0       4      0.0%


Microchip Technology PIC18 Macro Assembler V2.50 build 20240725155939 
Symbol Table                                                                                   Wed Feb 05 17:00:10 2025

                     l84 0A0A                       _RI 7E84                      _GIE 7F97  
                    _RB0 7C08                      _RB1 7C09                      _RB2 7C0A  
                    _ISR 0008                      wreg 0FE8                     ?_ISR 0003  
                   _LATA 0F89                     _LATD 0F8C                     _LATE 0F8D  
                   _TMR0 0FD6                     _main 09B0                     btemp 0005  
                   start 000E             ___param_bank 0000                    ??_ISR 0003  
                  ?_main 0003                    _T0CON 0FD5                    _LATB3 7C53  
                  _LATD7 7C67                    i2l100 0870                    i2l101 086E  
                  i2l114 0928                    i2l133 09AA                    i2l139 09AC  
                  i2l971 0846                    i2l955 0816                    i2l973 084A  
                  _TRISA 0F92                    _TRISB 0F93                    _TRISD 0F95  
                  _TRISE 0F96                    ttemp5 0006                    ttemp6 0009  
                  ttemp7 000D                    status 0FD8                    wtemp8 0006  
        __initialization 0A0C             __end_of_main 0A0C                   ??_main 0005  
          __activetblptr 0000                   _INT0IE 7F94                   _INT0IF 7F91  
                 _INT1IE 7F83                   _INT1IF 7F80                   _INT2IE 7F84  
                 _INT2IF 7F81                   _HLVDL0 7E90                   _HLVDL1 7E91  
                 _HLVDL2 7E92                   _HLVDL3 7E93                   _HLVDEN 7E94  
                 _HLVDIF 7D0A                   i2l1003 08B4                   i2l1013 08D8  
                 i2l1031 0904                   i2l1035 0910                   i2l1027 08F8  
                 i2l1019 08E8                   i2l1061 095E                   i2l1053 0942  
                 i2l1047 0934                   i2l1039 091C                   i2l1073 0982  
                 i2l1065 096A                   i2l1057 094E                   i2l1085 099A  
                 i2l1069 0976                   i2l1079 098E                   _TMR0IE 7F95  
                 _TMR0IF 7F92                   _TMR0ON 7EAF                   i2u4_40 0828  
                 i2u5_45 082A                   i2u9_40 0850                   _countD 0001  
                 isa$std 0001             __mediumconst 0000               __accesstop 0060  
__end_of__initialization 0A10            ___rparam_used 0001           __pcstackCOMRAM 0003  
                _INTEDG0 7F8E                  _INTEDG1 7F8D                  _INTEDG2 7F8C  
                i2u18_40 08E4                  i2u35_47 0836                  i2u36_47 085C  
                _VDIRMAG 7E97                  i2u37_47 087A                  i2u38_47 08A0  
                i2u39_47 08C8                  __Hparam 0000                  __Lparam 0000  
           __psmallconst 0800                  __pcinit 0A0C                  __ramtop 0800  
                __ptext0 09B0           __pintcode_body 0802     end_of_initialization 0A10  
                int_func 0802      start_initialization 0A0C              __end_of_ISR 09B0  
            __pbssCOMRAM 0001                __pintcode 0008              __smallconst 0800  
               __Hrparam 0000                 __Lrparam 0000                 _contador 0002  
               isa$xinst 0000                 int$flags 0005                 intlevel2 0000  
