

Microchip MPLAB XC8 Assembler V2.50 build 20240725155939 
                                                                                               Thu Mar 06 14:55:04 2025

Microchip MPLAB XC8 C Compiler v2.50 (Free license) build 20240725155939 Og9 
     1                           	processor	18F4550
     2                           	fnconf	rparam,??,?,0
     3                           	pagewidth 120
     4                           	opt	flic
     5                           	psect	cinit,global,reloc=2,class=CODE,space=0,delta=1
     6                           	psect	cstackCOMRAM,global,class=COMRAM,space=1,delta=1,lowdata,noexec
     7                           	psect	text0,global,reloc=2,class=CODE,space=0,delta=1
     8                           	psect	smallconst,global,reloc=2,class=SMALLCONST,space=0,delta=1,noexec
     9                           	psect	intsave_regs,global,class=BIGRAM,space=1,delta=1,noexec
    10                           	psect	rparam,global,class=COMRAM,space=1,delta=1,noexec
    11                           	psect	idloc,global,abs,ovrld,class=IDLOC,space=5,delta=1,noexec
    12                           	psect	config,global,abs,ovrld,class=CONFIG,space=4,delta=1,noexec
    13   000000                     
    14                           ; Generated 25/07/2024 GMT
    15                           ; 
    16                           ; Copyright © 2024, Microchip Technology Inc. and its subsidiaries ("Microchip")
    17                           ; All rights reserved.
    18                           ; 
    19                           ; This software is developed by Microchip Technology Inc. and its subsidiaries ("Microch
      +                          ip").
    20                           ; 
    21                           ; Redistribution and use in source and binary forms, with or without modification, are
    22                           ; permitted provided that the following conditions are met:
    23                           ; 
    24                           ;     1. Redistributions of source code must retain the above copyright notice, this lis
      +                          t of
    25                           ;        conditions and the following disclaimer.
    26                           ; 
    27                           ;     2. Redistributions in binary form must reproduce the above copyright notice, this 
      +                          list
    28                           ;        of conditions and the following disclaimer in the documentation and/or other
    29                           ;        materials provided with the distribution. Publication is not required when
    30                           ;        this file is used in an embedded application.
    31                           ; 
    32                           ;     3. Microchip's name may not be used to endorse or promote products derived from th
      +                          is
    33                           ;        software without specific prior written permission.
    34                           ; 
    35                           ; THIS SOFTWARE IS PROVIDED BY MICROCHIP "AS IS" AND ANY EXPRESS OR IMPLIED WARRANTIES,
    36                           ; INCLUDING, BUT NOT LIMITED TO, THE IMPLIED WARRANTIES OF MERCHANTABILITY AND FITNESS F
      +                          OR
    37                           ; PURPOSE ARE DISCLAIMED.  IN NO EVENT SHALL MICROCHIP BE LIABLE FOR ANY DIRECT, INDIREC
      +                          T,
    38                           ; INCIDENTAL, SPECIAL, EXEMPLARY, OR CONSEQUENTIAL DAMAGES (INCLUDING BUT NOT LIMITED TO
    39                           ; PROCUREMENT OF SUBSTITUTE GOODS OR SERVICES; LOSS OF USE, DATA OR PROFITS; OR BUSINESS
    40                           ; INTERRUPTION) HOWSOEVER CAUSED AND ON ANY THEORY OF LIABILITY, WHETHER IN CONTRACT, ST
      +                          RICT
    41                           ; LIABILITY, OR TORT (INCLUDING NEGLIGENCE OR OTHERWISE) ARISING IN ANY WAY OUT OF THE U
      +                          SE OF
    42                           ; THIS SOFTWARE, EVEN IF ADVISED OF THE POSSIBILITY OF SUCH DAMAGE.
    43                           ; 
    44                           ; 
    45                           ; Code-generator required, PIC18F4550 Definitions
    46                           ; 
    47                           ; SFR Addresses
    48   000FE0                     bsr             equ	4064
    49   000FE9                     fsr0            equ	4073
    50   000FEA                     fsr0h           equ	4074
    51   000FE9                     fsr0l           equ	4073
    52   000FE1                     fsr1            equ	4065
    53   000FE2                     fsr1h           equ	4066
    54   000FE1                     fsr1l           equ	4065
    55   000FD9                     fsr2            equ	4057
    56   000FDA                     fsr2h           equ	4058
    57   000FD9                     fsr2l           equ	4057
    58   000FEF                     indf0           equ	4079
    59   000FE7                     indf1           equ	4071
    60   000FDF                     indf2           equ	4063
    61   000FF2                     intcon          equ	4082
    62   000000                     nvmcon          equ	0
    63   000FF9                     pcl             equ	4089
    64   000FFA                     pclath          equ	4090
    65   000FFB                     pclatu          equ	4091
    66   000FEB                     plusw0          equ	4075
    67   000FE3                     plusw1          equ	4067
    68   000FDB                     plusw2          equ	4059
    69   000FED                     postdec0        equ	4077
    70   000FE5                     postdec1        equ	4069
    71   000FDD                     postdec2        equ	4061
    72   000FEE                     postinc0        equ	4078
    73   000FE6                     postinc1        equ	4070
    74   000FDE                     postinc2        equ	4062
    75   000FEC                     preinc0         equ	4076
    76   000FE4                     preinc1         equ	4068
    77   000FDC                     preinc2         equ	4060
    78   000FF3                     prod            equ	4083
    79   000FF4                     prodh           equ	4084
    80   000FF3                     prodl           equ	4083
    81   000FD8                     status          equ	4056
    82   000FF5                     tablat          equ	4085
    83   000FF6                     tblptr          equ	4086
    84   000FF7                     tblptrh         equ	4087
    85   000FF6                     tblptrl         equ	4086
    86   000FF8                     tblptru         equ	4088
    87   000FFD                     tosl            equ	4093
    88   000FE8                     wreg            equ	4072
    89   000F62                     SPPDATA         equ	3938	;# 
    90   000F63                     SPPCFG          equ	3939	;# 
    91   000F64                     SPPEPS          equ	3940	;# 
    92   000F65                     SPPCON          equ	3941	;# 
    93   000F66                     UFRM            equ	3942	;# 
    94   000F66                     UFRML           equ	3942	;# 
    95   000F67                     UFRMH           equ	3943	;# 
    96   000F68                     UIR             equ	3944	;# 
    97   000F69                     UIE             equ	3945	;# 
    98   000F6A                     UEIR            equ	3946	;# 
    99   000F6B                     UEIE            equ	3947	;# 
   100   000F6C                     USTAT           equ	3948	;# 
   101   000F6D                     UCON            equ	3949	;# 
   102   000F6E                     UADDR           equ	3950	;# 
   103   000F6F                     UCFG            equ	3951	;# 
   104   000F70                     UEP0            equ	3952	;# 
   105   000F71                     UEP1            equ	3953	;# 
   106   000F72                     UEP2            equ	3954	;# 
   107   000F73                     UEP3            equ	3955	;# 
   108   000F74                     UEP4            equ	3956	;# 
   109   000F75                     UEP5            equ	3957	;# 
   110   000F76                     UEP6            equ	3958	;# 
   111   000F77                     UEP7            equ	3959	;# 
   112   000F78                     UEP8            equ	3960	;# 
   113   000F79                     UEP9            equ	3961	;# 
   114   000F7A                     UEP10           equ	3962	;# 
   115   000F7B                     UEP11           equ	3963	;# 
   116   000F7C                     UEP12           equ	3964	;# 
   117   000F7D                     UEP13           equ	3965	;# 
   118   000F7E                     UEP14           equ	3966	;# 
   119   000F7F                     UEP15           equ	3967	;# 
   120   000F80                     PORTA           equ	3968	;# 
   121   000F81                     PORTB           equ	3969	;# 
   122   000F82                     PORTC           equ	3970	;# 
   123   000F83                     PORTD           equ	3971	;# 
   124   000F84                     PORTE           equ	3972	;# 
   125   000F89                     LATA            equ	3977	;# 
   126   000F8A                     LATB            equ	3978	;# 
   127   000F8B                     LATC            equ	3979	;# 
   128   000F8C                     LATD            equ	3980	;# 
   129   000F8D                     LATE            equ	3981	;# 
   130   000F92                     TRISA           equ	3986	;# 
   131   000F92                     DDRA            equ	3986	;# 
   132   000F93                     TRISB           equ	3987	;# 
   133   000F93                     DDRB            equ	3987	;# 
   134   000F94                     TRISC           equ	3988	;# 
   135   000F94                     DDRC            equ	3988	;# 
   136   000F95                     TRISD           equ	3989	;# 
   137   000F95                     DDRD            equ	3989	;# 
   138   000F96                     TRISE           equ	3990	;# 
   139   000F96                     DDRE            equ	3990	;# 
   140   000F9B                     OSCTUNE         equ	3995	;# 
   141   000F9D                     PIE1            equ	3997	;# 
   142   000F9E                     PIR1            equ	3998	;# 
   143   000F9F                     IPR1            equ	3999	;# 
   144   000FA0                     PIE2            equ	4000	;# 
   145   000FA1                     PIR2            equ	4001	;# 
   146   000FA2                     IPR2            equ	4002	;# 
   147   000FA6                     EECON1          equ	4006	;# 
   148   000FA7                     EECON2          equ	4007	;# 
   149   000FA8                     EEDATA          equ	4008	;# 
   150   000FA9                     EEADR           equ	4009	;# 
   151   000FAB                     RCSTA           equ	4011	;# 
   152   000FAB                     RCSTA1          equ	4011	;# 
   153   000FAC                     TXSTA           equ	4012	;# 
   154   000FAC                     TXSTA1          equ	4012	;# 
   155   000FAD                     TXREG           equ	4013	;# 
   156   000FAD                     TXREG1          equ	4013	;# 
   157   000FAE                     RCREG           equ	4014	;# 
   158   000FAE                     RCREG1          equ	4014	;# 
   159   000FAF                     SPBRG           equ	4015	;# 
   160   000FAF                     SPBRG1          equ	4015	;# 
   161   000FB0                     SPBRGH          equ	4016	;# 
   162   000FB1                     T3CON           equ	4017	;# 
   163   000FB2                     TMR3            equ	4018	;# 
   164   000FB2                     TMR3L           equ	4018	;# 
   165   000FB3                     TMR3H           equ	4019	;# 
   166   000FB4                     CMCON           equ	4020	;# 
   167   000FB5                     CVRCON          equ	4021	;# 
   168   000FB6                     ECCP1AS         equ	4022	;# 
   169   000FB6                     CCP1AS          equ	4022	;# 
   170   000FB7                     ECCP1DEL        equ	4023	;# 
   171   000FB7                     CCP1DEL         equ	4023	;# 
   172   000FB8                     BAUDCON         equ	4024	;# 
   173   000FB8                     BAUDCTL         equ	4024	;# 
   174   000FBA                     CCP2CON         equ	4026	;# 
   175   000FBB                     CCPR2           equ	4027	;# 
   176   000FBB                     CCPR2L          equ	4027	;# 
   177   000FBC                     CCPR2H          equ	4028	;# 
   178   000FBD                     CCP1CON         equ	4029	;# 
   179   000FBD                     ECCP1CON        equ	4029	;# 
   180   000FBE                     CCPR1           equ	4030	;# 
   181   000FBE                     CCPR1L          equ	4030	;# 
   182   000FBF                     CCPR1H          equ	4031	;# 
   183   000FC0                     ADCON2          equ	4032	;# 
   184   000FC1                     ADCON1          equ	4033	;# 
   185   000FC2                     ADCON0          equ	4034	;# 
   186   000FC3                     ADRES           equ	4035	;# 
   187   000FC3                     ADRESL          equ	4035	;# 
   188   000FC4                     ADRESH          equ	4036	;# 
   189   000FC5                     SSPCON2         equ	4037	;# 
   190   000FC6                     SSPCON1         equ	4038	;# 
   191   000FC7                     SSPSTAT         equ	4039	;# 
   192   000FC8                     SSPADD          equ	4040	;# 
   193   000FC9                     SSPBUF          equ	4041	;# 
   194   000FCA                     T2CON           equ	4042	;# 
   195   000FCB                     PR2             equ	4043	;# 
   196   000FCB                     MEMCON          equ	4043	;# 
   197   000FCC                     TMR2            equ	4044	;# 
   198   000FCD                     T1CON           equ	4045	;# 
   199   000FCE                     TMR1            equ	4046	;# 
   200   000FCE                     TMR1L           equ	4046	;# 
   201   000FCF                     TMR1H           equ	4047	;# 
   202   000FD0                     RCON            equ	4048	;# 
   203   000FD1                     WDTCON          equ	4049	;# 
   204   000FD2                     HLVDCON         equ	4050	;# 
   205   000FD2                     LVDCON          equ	4050	;# 
   206   000FD3                     OSCCON          equ	4051	;# 
   207   000FD5                     T0CON           equ	4053	;# 
   208   000FD6                     TMR0            equ	4054	;# 
   209   000FD6                     TMR0L           equ	4054	;# 
   210   000FD7                     TMR0H           equ	4055	;# 
   211   000FD8                     STATUS          equ	4056	;# 
   212   000FD9                     FSR2            equ	4057	;# 
   213   000FD9                     FSR2L           equ	4057	;# 
   214   000FDA                     FSR2H           equ	4058	;# 
   215   000FDB                     PLUSW2          equ	4059	;# 
   216   000FDC                     PREINC2         equ	4060	;# 
   217   000FDD                     POSTDEC2        equ	4061	;# 
   218   000FDE                     POSTINC2        equ	4062	;# 
   219   000FDF                     INDF2           equ	4063	;# 
   220   000FE0                     BSR             equ	4064	;# 
   221   000FE1                     FSR1            equ	4065	;# 
   222   000FE1                     FSR1L           equ	4065	;# 
   223   000FE2                     FSR1H           equ	4066	;# 
   224   000FE3                     PLUSW1          equ	4067	;# 
   225   000FE4                     PREINC1         equ	4068	;# 
   226   000FE5                     POSTDEC1        equ	4069	;# 
   227   000FE6                     POSTINC1        equ	4070	;# 
   228   000FE7                     INDF1           equ	4071	;# 
   229   000FE8                     WREG            equ	4072	;# 
   230   000FE9                     FSR0            equ	4073	;# 
   231   000FE9                     FSR0L           equ	4073	;# 
   232   000FEA                     FSR0H           equ	4074	;# 
   233   000FEB                     PLUSW0          equ	4075	;# 
   234   000FEC                     PREINC0         equ	4076	;# 
   235   000FED                     POSTDEC0        equ	4077	;# 
   236   000FEE                     POSTINC0        equ	4078	;# 
   237   000FEF                     INDF0           equ	4079	;# 
   238   000FF0                     INTCON3         equ	4080	;# 
   239   000FF1                     INTCON2         equ	4081	;# 
   240   000FF2                     INTCON          equ	4082	;# 
   241   000FF3                     PROD            equ	4083	;# 
   242   000FF3                     PRODL           equ	4083	;# 
   243   000FF4                     PRODH           equ	4084	;# 
   244   000FF5                     TABLAT          equ	4085	;# 
   245   000FF6                     TBLPTR          equ	4086	;# 
   246   000FF6                     TBLPTRL         equ	4086	;# 
   247   000FF7                     TBLPTRH         equ	4087	;# 
   248   000FF8                     TBLPTRU         equ	4088	;# 
   249   000FF9                     PCLAT           equ	4089	;# 
   250   000FF9                     PC              equ	4089	;# 
   251   000FF9                     PCL             equ	4089	;# 
   252   000FFA                     PCLATH          equ	4090	;# 
   253   000FFB                     PCLATU          equ	4091	;# 
   254   000FFC                     STKPTR          equ	4092	;# 
   255   000FFD                     TOS             equ	4093	;# 
   256   000FFD                     TOSL            equ	4093	;# 
   257   000FFE                     TOSH            equ	4094	;# 
   258   000FFF                     TOSU            equ	4095	;# 
   259   000FAB                     _RCSTA          set	4011
   260   000FAC                     _TXSTA          set	4012
   261   000FAF                     _SPBRG          set	4015
   262   000FB8                     _BAUDCON        set	4024
   263   000F8C                     _LATD           set	3980
   264   000F95                     _TRISD          set	3989
   265                           
   266                           ; #config settings
   267                           
   268                           	psect	cinit
   269   000818                     __pcinit:
   270                           	callstack 0
   271   000818                     start_initialization:
   272                           	callstack 0
   273   000818                     __initialization:
   274                           	callstack 0
   275   000818                     end_of_initialization:
   276                           	callstack 0
   277   000818                     __end_of__initialization:
   278                           	callstack 0
   279   000818  0100               	movlb	0
   280   00081A  EF01  F004         	goto	_main	;jump to C main() function
   281                           
   282                           	psect	cstackCOMRAM
   283   000000                     __pcstackCOMRAM:
   284                           	callstack 0
   285   000000                     
   286                           ; 1 bytes @ 0x0
   287 ;;
   288 ;;Main: autosize = 0, tempsize = 0, incstack = 0, save=0
   289 ;;
   290 ;; *************** function _main *****************
   291 ;; Defined at:
   292 ;;		line 15 in file "PruebaRS232.c"
   293 ;; Parameters:    Size  Location     Type
   294 ;;		None
   295 ;; Auto vars:     Size  Location     Type
   296 ;;  pwm             1    0        unsigned char 
   297 ;;  a               1    0        unsigned char 
   298 ;;  contador        1    0        unsigned char 
   299 ;; Return value:  Size  Location     Type
   300 ;;                  1    wreg      void 
   301 ;; Registers used:
   302 ;;		wreg, status,2
   303 ;; Tracked objects:
   304 ;;		On entry : 0/0
   305 ;;		On exit  : 0/0
   306 ;;		Unchanged: 0/0
   307 ;; Data sizes:     COMRAM   BANK0   BANK1   BANK2   BANK3   BANK4   BANK5   BANK6   BANK7
   308 ;;      Params:         0       0       0       0       0       0       0       0       0
   309 ;;      Locals:         0       0       0       0       0       0       0       0       0
   310 ;;      Temps:          0       0       0       0       0       0       0       0       0
   311 ;;      Totals:         0       0       0       0       0       0       0       0       0
   312 ;;Total ram usage:        0 bytes
   313 ;; This function calls:
   314 ;;		Nothing
   315 ;; This function is called by:
   316 ;;		Startup code after reset
   317 ;; This function uses a non-reentrant model
   318 ;;
   319                           
   320                           	psect	text0
   321   000802                     __ptext0:
   322                           	callstack 0
   323   000802                     _main:
   324                           	callstack 31
   325                           
   326                           ;PruebaRS232.c: 16: TRISD = 0;
   327                           
   328                           ;incstack = 0
   329   000802  6A95               	clrf	149,c	;volatile
   330                           
   331                           ;PruebaRS232.c: 17: LATD = 0;
   332   000804  6A8C               	clrf	140,c	;volatile
   333                           
   334                           ;PruebaRS232.c: 21: BAUDCON = 0b00001000;
   335   000806  0E08               	movlw	8
   336   000808  6EB8               	movwf	184,c	;volatile
   337                           
   338                           ;PruebaRS232.c: 22: SPBRG = 25;
   339   00080A  0E19               	movlw	25
   340   00080C  6EAF               	movwf	175,c	;volatile
   341                           
   342                           ;PruebaRS232.c: 23: TXSTA = 0b00100100;
   343   00080E  0E24               	movlw	36
   344   000810  6EAC               	movwf	172,c	;volatile
   345                           
   346                           ;PruebaRS232.c: 24: RCSTA = 0b10010000;
   347   000812  0E90               	movlw	144
   348   000814  6EAB               	movwf	171,c	;volatile
   349   000816                     
   350                           ;PruebaRS232.c: 26: while(1){
   351   000816  D7FF               	goto	l798
   352   000818                     __end_of_main:
   353                           	callstack 0
   354                           
   355                           	psect	smallconst
   356   000800                     __psmallconst:
   357                           	callstack 0
   358   000800  00                 	db	0
   359   000801  00                 	db	0	; dummy byte at the end
   360   000000                     __activetblptr  equ	0
   361                           
   362                           	psect	rparam
   363   000001                     ___rparam_used  equ	1
   364   000000                     ___param_bank   equ	0
   365   000000                     __Lparam        equ	__Lrparam
   366   000000                     __Hparam        equ	__Hrparam
   367                           
   368                           	psect	idloc
   369                           
   370                           ;Config register IDLOC0 @ 0x200000
   371                           ;	unspecified, using default values
   372   200000                     	org	2097152
   373   200000  FF                 	db	255
   374                           
   375                           ;Config register IDLOC1 @ 0x200001
   376                           ;	unspecified, using default values
   377   200001                     	org	2097153
   378   200001  FF                 	db	255
   379                           
   380                           ;Config register IDLOC2 @ 0x200002
   381                           ;	unspecified, using default values
   382   200002                     	org	2097154
   383   200002  FF                 	db	255
   384                           
   385                           ;Config register IDLOC3 @ 0x200003
   386                           ;	unspecified, using default values
   387   200003                     	org	2097155
   388   200003  FF                 	db	255
   389                           
   390                           ;Config register IDLOC4 @ 0x200004
   391                           ;	unspecified, using default values
   392   200004                     	org	2097156
   393   200004  FF                 	db	255
   394                           
   395                           ;Config register IDLOC5 @ 0x200005
   396                           ;	unspecified, using default values
   397   200005                     	org	2097157
   398   200005  FF                 	db	255
   399                           
   400                           ;Config register IDLOC6 @ 0x200006
   401                           ;	unspecified, using default values
   402   200006                     	org	2097158
   403   200006  FF                 	db	255
   404                           
   405                           ;Config register IDLOC7 @ 0x200007
   406                           ;	unspecified, using default values
   407   200007                     	org	2097159
   408   200007  FF                 	db	255
   409                           
   410                           	psect	config
   411                           
   412                           ;Config register CONFIG1L @ 0x300000
   413                           ;	unspecified, using default values
   414                           ;	PLL Prescaler Selection bits
   415                           ;	PLLDIV = 0x0, unprogrammed default
   416                           ;	System Clock Postscaler Selection bits
   417                           ;	CPUDIV = 0x0, unprogrammed default
   418                           ;	USB Clock Selection bit (used in Full-Speed USB mode only; UCFG:FSEN = 1)
   419                           ;	USBDIV = 0x0, unprogrammed default
   420   300000                     	org	3145728
   421   300000  00                 	db	0
   422                           
   423                           ;Config register CONFIG1H @ 0x300001
   424                           ;	Oscillator Selection bits
   425                           ;	FOSC = INTOSC_EC, Internal oscillator, CLKO function on RA6, EC used by USB (INTCKO)
   426                           ;	Fail-Safe Clock Monitor Enable bit
   427                           ;	FCMEN = 0x0, unprogrammed default
   428                           ;	Internal/External Oscillator Switchover bit
   429                           ;	IESO = 0x0, unprogrammed default
   430   300001                     	org	3145729
   431   300001  09                 	db	9
   432                           
   433                           ;Config register CONFIG2L @ 0x300002
   434                           ;	unspecified, using default values
   435                           ;	Power-up Timer Enable bit
   436                           ;	PWRT = 0x1, unprogrammed default
   437                           ;	Brown-out Reset Enable bits
   438                           ;	BOR = 0x3, unprogrammed default
   439                           ;	Brown-out Reset Voltage bits
   440                           ;	BORV = 0x3, unprogrammed default
   441                           ;	USB Voltage Regulator Enable bit
   442                           ;	VREGEN = 0x0, unprogrammed default
   443   300002                     	org	3145730
   444   300002  1F                 	db	31
   445                           
   446                           ;Config register CONFIG2H @ 0x300003
   447                           ;	Watchdog Timer Enable bit
   448                           ;	WDT = OFF, WDT disabled (control is placed on the SWDTEN bit)
   449                           ;	Watchdog Timer Postscale Select bits
   450                           ;	WDTPS = 0xF, unprogrammed default
   451   300003                     	org	3145731
   452   300003  1E                 	db	30
   453                           
   454                           ; Padding undefined space
   455   300004                     	org	3145732
   456   300004  FF                 	db	255
   457                           
   458                           ;Config register CONFIG3H @ 0x300005
   459                           ;	unspecified, using default values
   460                           ;	CCP2 MUX bit
   461                           ;	CCP2MX = 0x1, unprogrammed default
   462                           ;	PORTB A/D Enable bit
   463                           ;	PBADEN = 0x1, unprogrammed default
   464                           ;	Low-Power Timer 1 Oscillator Enable bit
   465                           ;	LPT1OSC = 0x0, unprogrammed default
   466                           ;	MCLR Pin Enable bit
   467                           ;	MCLRE = 0x1, unprogrammed default
   468   300005                     	org	3145733
   469   300005  83                 	db	131
   470                           
   471                           ;Config register CONFIG4L @ 0x300006
   472                           ;	unspecified, using default values
   473                           ;	Stack Full/Underflow Reset Enable bit
   474                           ;	STVREN = 0x1, unprogrammed default
   475                           ;	Single-Supply ICSP Enable bit
   476                           ;	LVP = 0x1, unprogrammed default
   477                           ;	Dedicated In-Circuit Debug/Programming Port (ICPORT) Enable bit
   478                           ;	ICPRT = 0x0, unprogrammed default
   479                           ;	Extended Instruction Set Enable bit
   480                           ;	XINST = 0x0, unprogrammed default
   481                           ;	Background Debugger Enable bit
   482                           ;	DEBUG = 0x1, unprogrammed default
   483   300006                     	org	3145734
   484   300006  85                 	db	133
   485                           
   486                           ; Padding undefined space
   487   300007                     	org	3145735
   488   300007  FF                 	db	255
   489                           
   490                           ;Config register CONFIG5L @ 0x300008
   491                           ;	unspecified, using default values
   492                           ;	Code Protection bit
   493                           ;	CP0 = 0x1, unprogrammed default
   494                           ;	Code Protection bit
   495                           ;	CP1 = 0x1, unprogrammed default
   496                           ;	Code Protection bit
   497                           ;	CP2 = 0x1, unprogrammed default
   498                           ;	Code Protection bit
   499                           ;	CP3 = 0x1, unprogrammed default
   500   300008                     	org	3145736
   501   300008  0F                 	db	15
   502                           
   503                           ;Config register CONFIG5H @ 0x300009
   504                           ;	unspecified, using default values
   505                           ;	Boot Block Code Protection bit
   506                           ;	CPB = 0x1, unprogrammed default
   507                           ;	Data EEPROM Code Protection bit
   508                           ;	CPD = 0x1, unprogrammed default
   509   300009                     	org	3145737
   510   300009  C0                 	db	192
   511                           
   512                           ;Config register CONFIG6L @ 0x30000A
   513                           ;	unspecified, using default values
   514                           ;	Write Protection bit
   515                           ;	WRT0 = 0x1, unprogrammed default
   516                           ;	Write Protection bit
   517                           ;	WRT1 = 0x1, unprogrammed default
   518                           ;	Write Protection bit
   519                           ;	WRT2 = 0x1, unprogrammed default
   520                           ;	Write Protection bit
   521                           ;	WRT3 = 0x1, unprogrammed default
   522   30000A                     	org	3145738
   523   30000A  0F                 	db	15
   524                           
   525                           ;Config register CONFIG6H @ 0x30000B
   526                           ;	unspecified, using default values
   527                           ;	Configuration Register Write Protection bit
   528                           ;	WRTC = 0x1, unprogrammed default
   529                           ;	Boot Block Write Protection bit
   530                           ;	WRTB = 0x1, unprogrammed default
   531                           ;	Data EEPROM Write Protection bit
   532                           ;	WRTD = 0x1, unprogrammed default
   533   30000B                     	org	3145739
   534   30000B  E0                 	db	224
   535                           
   536                           ;Config register CONFIG7L @ 0x30000C
   537                           ;	unspecified, using default values
   538                           ;	Table Read Protection bit
   539                           ;	EBTR0 = 0x1, unprogrammed default
   540                           ;	Table Read Protection bit
   541                           ;	EBTR1 = 0x1, unprogrammed default
   542                           ;	Table Read Protection bit
   543                           ;	EBTR2 = 0x1, unprogrammed default
   544                           ;	Table Read Protection bit
   545                           ;	EBTR3 = 0x1, unprogrammed default
   546   30000C                     	org	3145740
   547   30000C  0F                 	db	15
   548                           
   549                           ;Config register CONFIG7H @ 0x30000D
   550                           ;	unspecified, using default values
   551                           ;	Boot Block Table Read Protection bit
   552                           ;	EBTRB = 0x1, unprogrammed default
   553   30000D                     	org	3145741
   554   30000D  40                 	db	64
   555                           tosu	equ	0xFFF
   556                           tosh	equ	0xFFE
   557                           tosl	equ	0xFFD
   558                           stkptr	equ	0xFFC
   559                           pclatu	equ	0xFFB
   560                           pclath	equ	0xFFA
   561                           pcl	equ	0xFF9
   562                           tblptru	equ	0xFF8
   563                           tblptrh	equ	0xFF7
   564                           tblptrl	equ	0xFF6
   565                           tablat	equ	0xFF5
   566                           prodh	equ	0xFF4
   567                           prodl	equ	0xFF3
   568                           indf0	equ	0xFEF
   569                           postinc0	equ	0xFEE
   570                           postdec0	equ	0xFED
   571                           preinc0	equ	0xFEC
   572                           plusw0	equ	0xFEB
   573                           fsr0h	equ	0xFEA
   574                           fsr0l	equ	0xFE9
   575                           wreg	equ	0xFE8
   576                           indf1	equ	0xFE7
   577                           postinc1	equ	0xFE6
   578                           postdec1	equ	0xFE5
   579                           preinc1	equ	0xFE4
   580                           plusw1	equ	0xFE3
   581                           fsr1h	equ	0xFE2
   582                           fsr1l	equ	0xFE1
   583                           bsr	equ	0xFE0
   584                           indf2	equ	0xFDF
   585                           postinc2	equ	0xFDE
   586                           postdec2	equ	0xFDD
   587                           preinc2	equ	0xFDC
   588                           plusw2	equ	0xFDB
   589                           fsr2h	equ	0xFDA
   590                           fsr2l	equ	0xFD9
   591                           status	equ	0xFD8

Data Sizes:
    Strings     0
    Constant    0
    Data        0
    BSS         0
    Persistent  0
    Stack       0

Auto Spaces:
    Space          Size  Autos    Used
    COMRAM           95      0       0
    BANK0           160      0       0
    BANK1           256      0       0
    BANK2           256      0       0
    BANK3           256      0       0
    BANK4           256      0       0
    BANK5           256      0       0
    BANK6           256      0       0
    BANK7           256      0       0

Pointer List with Targets:

    None.

Critical Paths under _main in COMRAM

    None.

Critical Paths under _main in BANK0

    None.

Critical Paths under _main in BANK1

    None.

Critical Paths under _main in BANK2

    None.

Critical Paths under _main in BANK3

    None.

Critical Paths under _main in BANK4

    None.

Critical Paths under _main in BANK5

    None.

Critical Paths under _main in BANK6

    None.

Critical Paths under _main in BANK7

    None.

Call Graph Tables:

 ---------------------------------------------------------------------------------
 (Depth) Function   	        Calls       Base Space   Used Autos Params    Refs
 ---------------------------------------------------------------------------------
 (0) _main                                                 3     3      0       0
 ---------------------------------------------------------------------------------
 Estimated maximum stack depth 0
 ---------------------------------------------------------------------------------

 Call Graph Graphs:

 _main (ROOT)

Address spaces:
Name               Size   Autos  Total    Usage
BITCOMRAM           95      0       0      0.0%
BITBANK0           160      0       0      0.0%
BITBANK1           256      0       0      0.0%
BITBANK2           256      0       0      0.0%
BITBANK3           256      0       0      0.0%
BITBANK4           256      0       0      0.0%
BITBANK5           256      0       0      0.0%
BITBANK6           256      0       0      0.0%
BITBANK7           256      0       0      0.0%
BITBIGSFRh          82      0       0      0.0%
BITBIGSFRll         44      0       0      0.0%
BITBIGSFRlh         31      0       0      0.0%
COMRAM              95      0       0      0.0%
BANK0              160      0       0      0.0%
BANK1              256      0       0      0.0%
BANK2              256      0       0      0.0%
BANK3              256      0       0      0.0%
BANK4              256      0       0      0.0%
BANK5              256      0       0      0.0%
BANK6              256      0       0      0.0%
BANK7              256      0       0      0.0%
BIGRAM            2047      0       0      0.0%
STACK                0      0       0      0.0%
DATA                 0      0       0      0.0%


Microchip Technology PIC18 Macro Assembler V2.50 build 20240725155939 
Symbol Table                                                                                   Thu Mar 06 14:55:04 2025

                    l798 0816                     _LATD 0F8C                     _main 0802  
                   start 0000             ___param_bank 0000                    ?_main 0000  
                  _RCSTA 0FAB                    _SPBRG 0FAF                    _TRISD 0F95  
                  _TXSTA 0FAC          __initialization 0818             __end_of_main 0818  
                 ??_main 0000            __activetblptr 0000                   isa$std 0001  
           __mediumconst 0000               __accesstop 0060  __end_of__initialization 0818  
          ___rparam_used 0001           __pcstackCOMRAM 0000                  _BAUDCON 0FB8  
                __Hparam 0000                  __Lparam 0000             __psmallconst 0800  
                __pcinit 0818                  __ramtop 0800                  __ptext0 0802  
   end_of_initialization 0818      start_initialization 0818              __smallconst 0800  
               __Hrparam 0000                 __Lrparam 0000                 isa$xinst 0000  
