

Microchip MPLAB XC8 Assembler V2.50 build 20240725155939 
                                                                                               Sat Feb 08 16:42:25 2025

Microchip MPLAB XC8 C Compiler v2.50 (Free license) build 20240725155939 Og9 
     1                           	processor	18F4550
     2                           	fnconf	rparam,??,?,0
     3                           	pagewidth 120
     4                           	opt	flic
     5                           	psect	idataCOMRAM,global,class=CODE,space=0,delta=1,noexec
     6                           	psect	cinit,global,reloc=2,class=CODE,space=0,delta=1
     7                           	psect	bssCOMRAM,global,class=COMRAM,space=1,delta=1,lowdata,noexec
     8                           	psect	dataCOMRAM,global,class=COMRAM,space=1,delta=1,lowdata,noexec
     9                           	psect	cstackCOMRAM,global,class=COMRAM,space=1,delta=1,lowdata,noexec
    10                           	psect	text0,global,reloc=2,class=CODE,space=0,delta=1
    11                           	psect	intcode,global,reloc=2,class=CODE,space=0,delta=1
    12                           	psect	intcode_body,global,reloc=2,class=CODE,space=0,delta=1
    13                           	psect	smallconst,global,reloc=2,class=SMALLCONST,space=0,delta=1,noexec
    14                           	psect	intsave_regs,global,class=BIGRAM,space=1,delta=1,noexec
    15                           	psect	rparam,global,class=COMRAM,space=1,delta=1,noexec
    16                           	psect	temp,global,ovrld,common,class=COMRAM,space=1,delta=1,lowdata
    17                           	psect	idloc,global,abs,ovrld,class=IDLOC,space=5,delta=1,noexec
    18                           	psect	config,global,abs,ovrld,class=CONFIG,space=4,delta=1,noexec
    19   000000                     
    20                           ; Generated 25/07/2024 GMT
    21                           ; 
    22                           ; Copyright © 2024, Microchip Technology Inc. and its subsidiaries ("Microchip")
    23                           ; All rights reserved.
    24                           ; 
    25                           ; This software is developed by Microchip Technology Inc. and its subsidiaries ("Microch
      +                          ip").
    26                           ; 
    27                           ; Redistribution and use in source and binary forms, with or without modification, are
    28                           ; permitted provided that the following conditions are met:
    29                           ; 
    30                           ;     1. Redistributions of source code must retain the above copyright notice, this lis
      +                          t of
    31                           ;        conditions and the following disclaimer.
    32                           ; 
    33                           ;     2. Redistributions in binary form must reproduce the above copyright notice, this 
      +                          list
    34                           ;        of conditions and the following disclaimer in the documentation and/or other
    35                           ;        materials provided with the distribution. Publication is not required when
    36                           ;        this file is used in an embedded application.
    37                           ; 
    38                           ;     3. Microchip's name may not be used to endorse or promote products derived from th
      +                          is
    39                           ;        software without specific prior written permission.
    40                           ; 
    41                           ; THIS SOFTWARE IS PROVIDED BY MICROCHIP "AS IS" AND ANY EXPRESS OR IMPLIED WARRANTIES,
    42                           ; INCLUDING, BUT NOT LIMITED TO, THE IMPLIED WARRANTIES OF MERCHANTABILITY AND FITNESS F
      +                          OR
    43                           ; PURPOSE ARE DISCLAIMED.  IN NO EVENT SHALL MICROCHIP BE LIABLE FOR ANY DIRECT, INDIREC
      +                          T,
    44                           ; INCIDENTAL, SPECIAL, EXEMPLARY, OR CONSEQUENTIAL DAMAGES (INCLUDING BUT NOT LIMITED TO
    45                           ; PROCUREMENT OF SUBSTITUTE GOODS OR SERVICES; LOSS OF USE, DATA OR PROFITS; OR BUSINESS
    46                           ; INTERRUPTION) HOWSOEVER CAUSED AND ON ANY THEORY OF LIABILITY, WHETHER IN CONTRACT, ST
      +                          RICT
    47                           ; LIABILITY, OR TORT (INCLUDING NEGLIGENCE OR OTHERWISE) ARISING IN ANY WAY OUT OF THE U
      +                          SE OF
    48                           ; THIS SOFTWARE, EVEN IF ADVISED OF THE POSSIBILITY OF SUCH DAMAGE.
    49                           ; 
    50                           ; 
    51                           ; Code-generator required, PIC18F4550 Definitions
    52                           ; 
    53                           ; SFR Addresses
    54   000FE0                     bsr             equ	4064
    55   000FE9                     fsr0            equ	4073
    56   000FEA                     fsr0h           equ	4074
    57   000FE9                     fsr0l           equ	4073
    58   000FE1                     fsr1            equ	4065
    59   000FE2                     fsr1h           equ	4066
    60   000FE1                     fsr1l           equ	4065
    61   000FD9                     fsr2            equ	4057
    62   000FDA                     fsr2h           equ	4058
    63   000FD9                     fsr2l           equ	4057
    64   000FEF                     indf0           equ	4079
    65   000FE7                     indf1           equ	4071
    66   000FDF                     indf2           equ	4063
    67   000FF2                     intcon          equ	4082
    68   000000                     nvmcon          equ	0
    69   000FF9                     pcl             equ	4089
    70   000FFA                     pclath          equ	4090
    71   000FFB                     pclatu          equ	4091
    72   000FEB                     plusw0          equ	4075
    73   000FE3                     plusw1          equ	4067
    74   000FDB                     plusw2          equ	4059
    75   000FED                     postdec0        equ	4077
    76   000FE5                     postdec1        equ	4069
    77   000FDD                     postdec2        equ	4061
    78   000FEE                     postinc0        equ	4078
    79   000FE6                     postinc1        equ	4070
    80   000FDE                     postinc2        equ	4062
    81   000FEC                     preinc0         equ	4076
    82   000FE4                     preinc1         equ	4068
    83   000FDC                     preinc2         equ	4060
    84   000FF3                     prod            equ	4083
    85   000FF4                     prodh           equ	4084
    86   000FF3                     prodl           equ	4083
    87   000FD8                     status          equ	4056
    88   000FF5                     tablat          equ	4085
    89   000FF6                     tblptr          equ	4086
    90   000FF7                     tblptrh         equ	4087
    91   000FF6                     tblptrl         equ	4086
    92   000FF8                     tblptru         equ	4088
    93   000FFD                     tosl            equ	4093
    94   000FE8                     wreg            equ	4072
    95   000F62                     SPPDATA         equ	3938	;# 
    96   000F63                     SPPCFG          equ	3939	;# 
    97   000F64                     SPPEPS          equ	3940	;# 
    98   000F65                     SPPCON          equ	3941	;# 
    99   000F66                     UFRM            equ	3942	;# 
   100   000F66                     UFRML           equ	3942	;# 
   101   000F67                     UFRMH           equ	3943	;# 
   102   000F68                     UIR             equ	3944	;# 
   103   000F69                     UIE             equ	3945	;# 
   104   000F6A                     UEIR            equ	3946	;# 
   105   000F6B                     UEIE            equ	3947	;# 
   106   000F6C                     USTAT           equ	3948	;# 
   107   000F6D                     UCON            equ	3949	;# 
   108   000F6E                     UADDR           equ	3950	;# 
   109   000F6F                     UCFG            equ	3951	;# 
   110   000F70                     UEP0            equ	3952	;# 
   111   000F71                     UEP1            equ	3953	;# 
   112   000F72                     UEP2            equ	3954	;# 
   113   000F73                     UEP3            equ	3955	;# 
   114   000F74                     UEP4            equ	3956	;# 
   115   000F75                     UEP5            equ	3957	;# 
   116   000F76                     UEP6            equ	3958	;# 
   117   000F77                     UEP7            equ	3959	;# 
   118   000F78                     UEP8            equ	3960	;# 
   119   000F79                     UEP9            equ	3961	;# 
   120   000F7A                     UEP10           equ	3962	;# 
   121   000F7B                     UEP11           equ	3963	;# 
   122   000F7C                     UEP12           equ	3964	;# 
   123   000F7D                     UEP13           equ	3965	;# 
   124   000F7E                     UEP14           equ	3966	;# 
   125   000F7F                     UEP15           equ	3967	;# 
   126   000F80                     PORTA           equ	3968	;# 
   127   000F81                     PORTB           equ	3969	;# 
   128   000F82                     PORTC           equ	3970	;# 
   129   000F83                     PORTD           equ	3971	;# 
   130   000F84                     PORTE           equ	3972	;# 
   131   000F89                     LATA            equ	3977	;# 
   132   000F8A                     LATB            equ	3978	;# 
   133   000F8B                     LATC            equ	3979	;# 
   134   000F8C                     LATD            equ	3980	;# 
   135   000F8D                     LATE            equ	3981	;# 
   136   000F92                     TRISA           equ	3986	;# 
   137   000F92                     DDRA            equ	3986	;# 
   138   000F93                     TRISB           equ	3987	;# 
   139   000F93                     DDRB            equ	3987	;# 
   140   000F94                     TRISC           equ	3988	;# 
   141   000F94                     DDRC            equ	3988	;# 
   142   000F95                     TRISD           equ	3989	;# 
   143   000F95                     DDRD            equ	3989	;# 
   144   000F96                     TRISE           equ	3990	;# 
   145   000F96                     DDRE            equ	3990	;# 
   146   000F9B                     OSCTUNE         equ	3995	;# 
   147   000F9D                     PIE1            equ	3997	;# 
   148   000F9E                     PIR1            equ	3998	;# 
   149   000F9F                     IPR1            equ	3999	;# 
   150   000FA0                     PIE2            equ	4000	;# 
   151   000FA1                     PIR2            equ	4001	;# 
   152   000FA2                     IPR2            equ	4002	;# 
   153   000FA6                     EECON1          equ	4006	;# 
   154   000FA7                     EECON2          equ	4007	;# 
   155   000FA8                     EEDATA          equ	4008	;# 
   156   000FA9                     EEADR           equ	4009	;# 
   157   000FAB                     RCSTA           equ	4011	;# 
   158   000FAB                     RCSTA1          equ	4011	;# 
   159   000FAC                     TXSTA           equ	4012	;# 
   160   000FAC                     TXSTA1          equ	4012	;# 
   161   000FAD                     TXREG           equ	4013	;# 
   162   000FAD                     TXREG1          equ	4013	;# 
   163   000FAE                     RCREG           equ	4014	;# 
   164   000FAE                     RCREG1          equ	4014	;# 
   165   000FAF                     SPBRG           equ	4015	;# 
   166   000FAF                     SPBRG1          equ	4015	;# 
   167   000FB0                     SPBRGH          equ	4016	;# 
   168   000FB1                     T3CON           equ	4017	;# 
   169   000FB2                     TMR3            equ	4018	;# 
   170   000FB2                     TMR3L           equ	4018	;# 
   171   000FB3                     TMR3H           equ	4019	;# 
   172   000FB4                     CMCON           equ	4020	;# 
   173   000FB5                     CVRCON          equ	4021	;# 
   174   000FB6                     ECCP1AS         equ	4022	;# 
   175   000FB6                     CCP1AS          equ	4022	;# 
   176   000FB7                     ECCP1DEL        equ	4023	;# 
   177   000FB7                     CCP1DEL         equ	4023	;# 
   178   000FB8                     BAUDCON         equ	4024	;# 
   179   000FB8                     BAUDCTL         equ	4024	;# 
   180   000FBA                     CCP2CON         equ	4026	;# 
   181   000FBB                     CCPR2           equ	4027	;# 
   182   000FBB                     CCPR2L          equ	4027	;# 
   183   000FBC                     CCPR2H          equ	4028	;# 
   184   000FBD                     CCP1CON         equ	4029	;# 
   185   000FBD                     ECCP1CON        equ	4029	;# 
   186   000FBE                     CCPR1           equ	4030	;# 
   187   000FBE                     CCPR1L          equ	4030	;# 
   188   000FBF                     CCPR1H          equ	4031	;# 
   189   000FC0                     ADCON2          equ	4032	;# 
   190   000FC1                     ADCON1          equ	4033	;# 
   191   000FC2                     ADCON0          equ	4034	;# 
   192   000FC3                     ADRES           equ	4035	;# 
   193   000FC3                     ADRESL          equ	4035	;# 
   194   000FC4                     ADRESH          equ	4036	;# 
   195   000FC5                     SSPCON2         equ	4037	;# 
   196   000FC6                     SSPCON1         equ	4038	;# 
   197   000FC7                     SSPSTAT         equ	4039	;# 
   198   000FC8                     SSPADD          equ	4040	;# 
   199   000FC9                     SSPBUF          equ	4041	;# 
   200   000FCA                     T2CON           equ	4042	;# 
   201   000FCB                     PR2             equ	4043	;# 
   202   000FCB                     MEMCON          equ	4043	;# 
   203   000FCC                     TMR2            equ	4044	;# 
   204   000FCD                     T1CON           equ	4045	;# 
   205   000FCE                     TMR1            equ	4046	;# 
   206   000FCE                     TMR1L           equ	4046	;# 
   207   000FCF                     TMR1H           equ	4047	;# 
   208   000FD0                     RCON            equ	4048	;# 
   209   000FD1                     WDTCON          equ	4049	;# 
   210   000FD2                     HLVDCON         equ	4050	;# 
   211   000FD2                     LVDCON          equ	4050	;# 
   212   000FD3                     OSCCON          equ	4051	;# 
   213   000FD5                     T0CON           equ	4053	;# 
   214   000FD6                     TMR0            equ	4054	;# 
   215   000FD6                     TMR0L           equ	4054	;# 
   216   000FD7                     TMR0H           equ	4055	;# 
   217   000FD8                     STATUS          equ	4056	;# 
   218   000FD9                     FSR2            equ	4057	;# 
   219   000FD9                     FSR2L           equ	4057	;# 
   220   000FDA                     FSR2H           equ	4058	;# 
   221   000FDB                     PLUSW2          equ	4059	;# 
   222   000FDC                     PREINC2         equ	4060	;# 
   223   000FDD                     POSTDEC2        equ	4061	;# 
   224   000FDE                     POSTINC2        equ	4062	;# 
   225   000FDF                     INDF2           equ	4063	;# 
   226   000FE0                     BSR             equ	4064	;# 
   227   000FE1                     FSR1            equ	4065	;# 
   228   000FE1                     FSR1L           equ	4065	;# 
   229   000FE2                     FSR1H           equ	4066	;# 
   230   000FE3                     PLUSW1          equ	4067	;# 
   231   000FE4                     PREINC1         equ	4068	;# 
   232   000FE5                     POSTDEC1        equ	4069	;# 
   233   000FE6                     POSTINC1        equ	4070	;# 
   234   000FE7                     INDF1           equ	4071	;# 
   235   000FE8                     WREG            equ	4072	;# 
   236   000FE9                     FSR0            equ	4073	;# 
   237   000FE9                     FSR0L           equ	4073	;# 
   238   000FEA                     FSR0H           equ	4074	;# 
   239   000FEB                     PLUSW0          equ	4075	;# 
   240   000FEC                     PREINC0         equ	4076	;# 
   241   000FED                     POSTDEC0        equ	4077	;# 
   242   000FEE                     POSTINC0        equ	4078	;# 
   243   000FEF                     INDF0           equ	4079	;# 
   244   000FF0                     INTCON3         equ	4080	;# 
   245   000FF1                     INTCON2         equ	4081	;# 
   246   000FF2                     INTCON          equ	4082	;# 
   247   000FF3                     PROD            equ	4083	;# 
   248   000FF3                     PRODL           equ	4083	;# 
   249   000FF4                     PRODH           equ	4084	;# 
   250   000FF5                     TABLAT          equ	4085	;# 
   251   000FF6                     TBLPTR          equ	4086	;# 
   252   000FF6                     TBLPTRL         equ	4086	;# 
   253   000FF7                     TBLPTRH         equ	4087	;# 
   254   000FF8                     TBLPTRU         equ	4088	;# 
   255   000FF9                     PCLAT           equ	4089	;# 
   256   000FF9                     PC              equ	4089	;# 
   257   000FF9                     PCL             equ	4089	;# 
   258   000FFA                     PCLATH          equ	4090	;# 
   259   000FFB                     PCLATU          equ	4091	;# 
   260   000FFC                     STKPTR          equ	4092	;# 
   261   000FFD                     TOS             equ	4093	;# 
   262   000FFD                     TOSL            equ	4093	;# 
   263   000FFE                     TOSH            equ	4094	;# 
   264   000FFF                     TOSU            equ	4095	;# 
   265                           
   266                           	psect	idataCOMRAM
   267   000946                     __pidataCOMRAM:
   268                           	callstack 0
   269                           
   270                           ;initializer for _interfaz
   271   000946  08                 	db	8
   272   007C61                     _LATD1          set	31841
   273   007F92                     _TMR0IF         set	32658
   274   007C0F                     _RB7            set	31759
   275   007C0E                     _RB6            set	31758
   276   007C0D                     _RB5            set	31757
   277   007C0C                     _RB4            set	31756
   278   007C60                     _LATD0          set	31840
   279   007F97                     _GIE            set	32663
   280   007F93                     _RBIE           set	32659
   281   007F90                     _RBIF           set	32656
   282   007F8F                     _RBPU           set	32655
   283   000FD6                     _TMR0           set	4054
   284   000F81                     _PORTB          set	3969
   285   000F8A                     _LATB           set	3978
   286   000F95                     _TRISD          set	3989
   287   000F93                     _TRISB          set	3987
   288   000F8C                     _LATD           set	3980
   289                           
   290                           ; #config settings
   291                           
   292                           	psect	cinit
   293   000928                     __pcinit:
   294                           	callstack 0
   295   000928                     start_initialization:
   296                           	callstack 0
   297   000928                     __initialization:
   298                           	callstack 0
   299                           
   300                           ; Initialize objects allocated to COMRAM (1 bytes)
   301                           ; load TBLPTR registers with __pidataCOMRAM
   302   000928  0E46               	movlw	low __pidataCOMRAM
   303   00092A  6EF6               	movwf	tblptrl,c
   304   00092C  0E09               	movlw	high __pidataCOMRAM
   305   00092E  6EF7               	movwf	tblptrh,c
   306   000930  0E00               	movlw	low (__pidataCOMRAM shr (0+16))
   307   000932  6EF8               	movwf	tblptru,c
   308   000934  0009               	tblrd		*+	;fetch initializer
   309   000936  CFF5 F005          	movff	tablat,__pdataCOMRAM
   310                           
   311                           ; Clear objects allocated to COMRAM (1 bytes)
   312   00093A  6A04               	clrf	__pbssCOMRAM& (0+255),c
   313   00093C                     end_of_initialization:
   314                           	callstack 0
   315   00093C                     __end_of__initialization:
   316                           	callstack 0
   317   00093C  9006               	bcf	int$flags,0,c	;clear compiler interrupt flag (level 1)
   318   00093E  9206               	bcf	int$flags,1,c	;clear compiler interrupt flag (level 2)
   319   000940  0100               	movlb	0
   320   000942  EF6A  F004         	goto	_main	;jump to C main() function
   321                           
   322                           	psect	bssCOMRAM
   323   000004                     __pbssCOMRAM:
   324                           	callstack 0
   325   000004                     _Tecla:
   326                           	callstack 0
   327   000004                     	ds	1
   328                           
   329                           	psect	dataCOMRAM
   330   000005                     __pdataCOMRAM:
   331                           	callstack 0
   332   000005                     _interfaz:
   333                           	callstack 0
   334   000005                     	ds	1
   335                           
   336                           	psect	cstackCOMRAM
   337   000001                     __pcstackCOMRAM:
   338                           	callstack 0
   339   000001                     ??_ISR:
   340                           
   341                           ; 1 bytes @ 0x0
   342   000001                     	ds	1
   343   000002                     ??_main:
   344                           
   345                           ; 1 bytes @ 0x1
   346   000002                     	ds	1
   347   000003                     main@i:
   348                           	callstack 0
   349                           
   350                           ; 1 bytes @ 0x2
   351   000003                     	ds	1
   352                           
   353 ;;
   354 ;;Main: autosize = 0, tempsize = 1, incstack = 0, save=0
   355 ;;
   356 ;; *************** function _main *****************
   357 ;; Defined at:
   358 ;;		line 15 in file "LAB4.c"
   359 ;; Parameters:    Size  Location     Type
   360 ;;		None
   361 ;; Auto vars:     Size  Location     Type
   362 ;;  i               1    2[COMRAM] unsigned char 
   363 ;; Return value:  Size  Location     Type
   364 ;;                  1    wreg      void 
   365 ;; Registers used:
   366 ;;		wreg, status,2, status,0
   367 ;; Tracked objects:
   368 ;;		On entry : 0/0
   369 ;;		On exit  : 0/0
   370 ;;		Unchanged: 0/0
   371 ;; Data sizes:     COMRAM   BANK0   BANK1   BANK2   BANK3   BANK4   BANK5   BANK6   BANK7
   372 ;;      Params:         0       0       0       0       0       0       0       0       0
   373 ;;      Locals:         1       0       0       0       0       0       0       0       0
   374 ;;      Temps:          1       0       0       0       0       0       0       0       0
   375 ;;      Totals:         2       0       0       0       0       0       0       0       0
   376 ;;Total ram usage:        2 bytes
   377 ;; Hardware stack levels required when called: 1
   378 ;; This function calls:
   379 ;;		Nothing
   380 ;; This function is called by:
   381 ;;		Startup code after reset
   382 ;; This function uses a non-reentrant model
   383 ;;
   384                           
   385                           	psect	text0
   386   0008D4                     __ptext0:
   387                           	callstack 0
   388   0008D4                     _main:
   389                           	callstack 30
   390                           
   391                           ;LAB4.c: 16: unsigned char i;;LAB4.c: 17: TRISB=0b11110000;
   392                           
   393                           ;incstack = 0
   394   0008D4  0EF0               	movlw	240
   395   0008D6  6E93               	movwf	147,c	;volatile
   396                           
   397                           ;LAB4.c: 18: TRISD=0;
   398   0008D8  6A95               	clrf	149,c	;volatile
   399                           
   400                           ;LAB4.c: 19: LATB=0b00000000;
   401   0008DA  6A8A               	clrf	138,c	;volatile
   402                           
   403                           ;LAB4.c: 20: LATD=0;
   404   0008DC  6A8C               	clrf	140,c	;volatile
   405                           
   406                           ;LAB4.c: 21: RBPU=0;
   407   0008DE  9EF1               	bcf	4081,7,c	;volatile
   408                           
   409                           ;LAB4.c: 22: _delay((unsigned long)((100)*(1000000/4000.0)));
   410   0008E0  0E21               	movlw	33
   411   0008E2  6E02               	movwf	??_main^0,c
   412   0008E4  0E76               	movlw	118
   413   0008E6                     u237:
   414   0008E6  2EE8               	decfsz	wreg,f,c
   415   0008E8  D7FE               	bra	u237
   416   0008EA  2E02               	decfsz	??_main^0,f,c
   417   0008EC  D7FC               	bra	u237
   418   0008EE  D000               	nop2	
   419                           
   420                           ;LAB4.c: 28: RBIF=0;
   421   0008F0  90F2               	bcf	4082,0,c	;volatile
   422                           
   423                           ;LAB4.c: 29: RBIE=1;
   424   0008F2  86F2               	bsf	4082,3,c	;volatile
   425                           
   426                           ;LAB4.c: 30: GIE=1;
   427   0008F4  8EF2               	bsf	4082,7,c	;volatile
   428   0008F6                     l985:
   429                           
   430                           ;LAB4.c: 63: for(i=0;i<Tecla;i++){
   431   0008F6  6A03               	clrf	main@i^0,c
   432   0008F8  D011               	goto	l151
   433   0008FA                     l152:
   434                           
   435                           ;LAB4.c: 64: LATD0=1;
   436   0008FA  808C               	bsf	3980,0,c	;volatile
   437                           
   438                           ;LAB4.c: 65: _delay((unsigned long)((400)*(1000000/4000.0)));
   439   0008FC  0E82               	movlw	130
   440   0008FE  6E02               	movwf	??_main^0,c
   441   000900  0EDE               	movlw	222
   442   000902                     u247:
   443   000902  2EE8               	decfsz	wreg,f,c
   444   000904  D7FE               	bra	u247
   445   000906  2E02               	decfsz	??_main^0,f,c
   446   000908  D7FC               	bra	u247
   447                           
   448                           ;LAB4.c: 66: LATD0=0;
   449   00090A  908C               	bcf	3980,0,c	;volatile
   450                           
   451                           ;LAB4.c: 67: _delay((unsigned long)((400)*(1000000/4000.0)));
   452   00090C  0E82               	movlw	130
   453   00090E  6E02               	movwf	??_main^0,c
   454   000910  0EDE               	movlw	222
   455   000912                     u257:
   456   000912  2EE8               	decfsz	wreg,f,c
   457   000914  D7FE               	bra	u257
   458   000916  2E02               	decfsz	??_main^0,f,c
   459   000918  D7FC               	bra	u257
   460   00091A  2A03               	incf	main@i^0,f,c
   461   00091C                     l151:
   462   00091C  5004               	movf	_Tecla^0,w,c
   463   00091E  5C03               	subwf	main@i^0,w,c
   464   000920  A0D8               	btfss	status,0,c
   465   000922  D7EB               	goto	l152
   466                           
   467                           ;LAB4.c: 68: };LAB4.c: 69: Tecla=0;
   468   000924  6A04               	clrf	_Tecla^0,c
   469   000926  D7E7               	goto	l985
   470   000928                     __end_of_main:
   471                           	callstack 0
   472                           
   473 ;; *************** function _ISR *****************
   474 ;; Defined at:
   475 ;;		line 96 in file "LAB4.c"
   476 ;; Parameters:    Size  Location     Type
   477 ;;		None
   478 ;; Auto vars:     Size  Location     Type
   479 ;;		None
   480 ;; Return value:  Size  Location     Type
   481 ;;                  1    wreg      void 
   482 ;; Registers used:
   483 ;;		wreg, status,2, status,0
   484 ;; Tracked objects:
   485 ;;		On entry : 0/0
   486 ;;		On exit  : 0/0
   487 ;;		Unchanged: 0/0
   488 ;; Data sizes:     COMRAM   BANK0   BANK1   BANK2   BANK3   BANK4   BANK5   BANK6   BANK7
   489 ;;      Params:         0       0       0       0       0       0       0       0       0
   490 ;;      Locals:         0       0       0       0       0       0       0       0       0
   491 ;;      Temps:          1       0       0       0       0       0       0       0       0
   492 ;;      Totals:         1       0       0       0       0       0       0       0       0
   493 ;;Total ram usage:        1 bytes
   494 ;; Hardware stack levels used: 1
   495 ;; This function calls:
   496 ;;		Nothing
   497 ;; This function is called by:
   498 ;;		Interrupt level 2
   499 ;; This function uses a non-reentrant model
   500 ;;
   501                           
   502                           	psect	intcode
   503   000008                     __pintcode:
   504                           	callstack 0
   505   000008                     _ISR:
   506                           	callstack 30
   507                           
   508                           ;incstack = 0
   509   000008  8206               	bsf	btemp,1,c	;set compiler interrupt flag (level 2)
   510   00000A  ED01  F004         	call	int_func,f	;refresh shadow registers
   511                           
   512                           	psect	intcode_body
   513   000802                     __pintcode_body:
   514                           	callstack 30
   515   000802                     int_func:
   516                           	callstack 30
   517   000802  0006               	pop		; remove dummy address from shadow register refresh
   518                           
   519                           ;LAB4.c: 97: if(RBIF==1){
   520   000804  A0F2               	btfss	4082,0,c	;volatile
   521   000806  D058               	goto	i2l1051
   522                           
   523                           ;LAB4.c: 98: if(PORTB!=0b11110000){
   524   000808  0EF0               	movlw	240
   525   00080A  1881               	xorwf	129,w,c	;volatile
   526   00080C  B4D8               	btfsc	status,2,c
   527   00080E  D04B               	goto	i2l1047
   528                           
   529                           ;LAB4.c: 99: Tecla=0;
   530   000810  6A04               	clrf	_Tecla^0,c
   531                           
   532                           ;LAB4.c: 100: LATB=0b11111110;
   533   000812  0EFE               	movlw	254
   534   000814  6E8A               	movwf	138,c	;volatile
   535                           
   536                           ;LAB4.c: 101: if(RB4==0) Tecla=1;
   537   000816  B881               	btfsc	3969,4,c	;volatile
   538   000818  D002               	goto	i2l187
   539   00081A  0E01               	movlw	1
   540   00081C  D041               	goto	L15
   541   00081E                     i2l187:
   542                           
   543                           ;LAB4.c: 102: else if(RB5==0) Tecla=2;
   544   00081E  BA81               	btfsc	3969,5,c	;volatile
   545   000820  D002               	goto	i2l189
   546   000822  0E02               	movlw	2
   547   000824  D03D               	goto	L15
   548   000826                     i2l189:
   549                           
   550                           ;LAB4.c: 103: else if(RB6==0) Tecla=3;
   551   000826  BC81               	btfsc	3969,6,c	;volatile
   552   000828  D002               	goto	i2l191
   553   00082A  0E03               	movlw	3
   554   00082C  D039               	goto	L15
   555   00082E                     i2l191:
   556                           
   557                           ;LAB4.c: 104: else if(RB7==0) Tecla=4;
   558   00082E  BE81               	btfsc	3969,7,c	;volatile
   559   000830  D002               	goto	i2l1011
   560   000832  0E04               	movlw	4
   561   000834  D035               	goto	L15
   562   000836                     i2l1011:
   563                           
   564                           ;LAB4.c: 105: else{;LAB4.c: 106: LATB=0b11111101;
   565   000836  0EFD               	movlw	253
   566   000838  6E8A               	movwf	138,c	;volatile
   567                           
   568                           ;LAB4.c: 107: if(RB4==0) Tecla=5;
   569   00083A  B881               	btfsc	3969,4,c	;volatile
   570   00083C  D002               	goto	i2l195
   571   00083E  0E05               	movlw	5
   572   000840  D02F               	goto	L15
   573   000842                     i2l195:
   574                           
   575                           ;LAB4.c: 108: else if(RB5==0) Tecla=6;
   576   000842  BA81               	btfsc	3969,5,c	;volatile
   577   000844  D002               	goto	i2l197
   578   000846  0E06               	movlw	6
   579   000848  D02B               	goto	L15
   580   00084A                     i2l197:
   581                           
   582                           ;LAB4.c: 109: else if(RB6==0) Tecla=7;
   583   00084A  BC81               	btfsc	3969,6,c	;volatile
   584   00084C  D002               	goto	i2l199
   585   00084E  0E07               	movlw	7
   586   000850  D027               	goto	L15
   587   000852                     i2l199:
   588                           
   589                           ;LAB4.c: 110: else if(RB7==0) Tecla=8;
   590   000852  BE81               	btfsc	3969,7,c	;volatile
   591   000854  D002               	goto	i2l1023
   592   000856  0E08               	movlw	8
   593   000858  D023               	goto	L15
   594   00085A                     i2l1023:
   595                           
   596                           ;LAB4.c: 111: else{;LAB4.c: 112: LATB=0b11111011;
   597   00085A  0EFB               	movlw	251
   598   00085C  6E8A               	movwf	138,c	;volatile
   599                           
   600                           ;LAB4.c: 113: if(RB4==0) Tecla=9;
   601   00085E  B881               	btfsc	3969,4,c	;volatile
   602   000860  D002               	goto	i2l203
   603   000862  0E09               	movlw	9
   604   000864  D01D               	goto	L15
   605   000866                     i2l203:
   606                           
   607                           ;LAB4.c: 114: else if(RB5==0) Tecla=10;
   608   000866  BA81               	btfsc	3969,5,c	;volatile
   609   000868  D002               	goto	i2l205
   610   00086A  0E0A               	movlw	10
   611   00086C  D019               	goto	L15
   612   00086E                     i2l205:
   613                           
   614                           ;LAB4.c: 115: else if(RB6==0) Tecla=11;
   615   00086E  BC81               	btfsc	3969,6,c	;volatile
   616   000870  D002               	goto	i2l207
   617   000872  0E0B               	movlw	11
   618   000874  D015               	goto	L15
   619   000876                     i2l207:
   620                           
   621                           ;LAB4.c: 116: else if(RB7==0) Tecla=12;
   622   000876  BE81               	btfsc	3969,7,c	;volatile
   623   000878  D002               	goto	i2l1035
   624   00087A  0E0C               	movlw	12
   625   00087C  D011               	goto	L15
   626   00087E                     i2l1035:
   627                           
   628                           ;LAB4.c: 117: else{;LAB4.c: 118: LATB=0b11110111;
   629   00087E  0EF7               	movlw	247
   630   000880  6E8A               	movwf	138,c	;volatile
   631                           
   632                           ;LAB4.c: 119: if(RB4==0) Tecla=13;
   633   000882  B881               	btfsc	3969,4,c	;volatile
   634   000884  D002               	goto	i2l211
   635   000886  0E0D               	movlw	13
   636   000888  D00B               	goto	L15
   637   00088A                     i2l211:
   638                           
   639                           ;LAB4.c: 120: else if(RB5==0) Tecla=14;
   640   00088A  BA81               	btfsc	3969,5,c	;volatile
   641   00088C  D002               	goto	i2l213
   642   00088E  0E0E               	movlw	14
   643   000890  D007               	goto	L15
   644   000892                     i2l213:
   645                           
   646                           ;LAB4.c: 121: else if(RB6==0) Tecla=15;
   647   000892  BC81               	btfsc	3969,6,c	;volatile
   648   000894  D002               	goto	i2l215
   649   000896  0E0F               	movlw	15
   650   000898  D003               	goto	L15
   651   00089A                     i2l215:
   652                           
   653                           ;LAB4.c: 122: else if(RB7==0) Tecla=16;
   654   00089A  BE81               	btfsc	3969,7,c	;volatile
   655   00089C  D002               	goto	i2l212
   656   00089E  0E10               	movlw	16
   657   0008A0                     L15:
   658   0008A0  6E04               	movwf	_Tecla^0,c
   659   0008A2                     i2l212:
   660                           
   661                           ;LAB4.c: 123: };LAB4.c: 124: };LAB4.c: 125: };LAB4.c: 126: LATB=0b11110000;
   662   0008A2  0EF0               	movlw	240
   663   0008A4  6E8A               	movwf	138,c	;volatile
   664   0008A6                     i2l1047:
   665                           
   666                           ;LAB4.c: 127: };LAB4.c: 128: _delay((unsigned long)((100)*(1000000/4000.0)));
   667   0008A6  0E21               	movlw	33
   668   0008A8  6E01               	movwf	??_ISR^0,c
   669   0008AA  0E76               	movlw	118
   670   0008AC                     i2u26_47:
   671   0008AC  2EE8               	decfsz	wreg,f,c
   672   0008AE  D7FE               	bra	i2u26_47
   673   0008B0  2E01               	decfsz	??_ISR^0,f,c
   674   0008B2  D7FC               	bra	i2u26_47
   675   0008B4  D000               	nop2	
   676                           
   677                           ;LAB4.c: 129: RBIF=0;
   678   0008B6  90F2               	bcf	4082,0,c	;volatile
   679   0008B8                     i2l1051:
   680                           
   681                           ;LAB4.c: 130: };LAB4.c: 131: if(TMR0IF==1){
   682   0008B8  A4F2               	btfss	4082,2,c	;volatile
   683   0008BA  D00A               	goto	i2u22_45
   684                           
   685                           ;LAB4.c: 132: TMR0IF=0;
   686   0008BC  94F2               	bcf	4082,2,c	;volatile
   687                           
   688                           ;LAB4.c: 133: TMR0=3036;
   689   0008BE  0E0B               	movlw	11
   690   0008C0  6ED7               	movwf	215,c	;volatile
   691   0008C2  0EDC               	movlw	220
   692   0008C4  6ED6               	movwf	214,c	;volatile
   693                           
   694                           ;LAB4.c: 134: LATD1=LATD1^1;
   695   0008C6  B28C               	btfsc	3980,1,c	;volatile
   696   0008C8  D002               	goto	i2u21_40
   697   0008CA  828C               	bsf	3980,1,c	;volatile
   698   0008CC  D001               	goto	i2u22_45
   699   0008CE                     i2u21_40:
   700   0008CE  928C               	bcf	3980,1,c	;volatile
   701   0008D0                     i2u22_45:
   702   0008D0  9206               	bcf	btemp,1,c	;clear compiler interrupt flag (level 2)
   703   0008D2  0011               	retfie		f
   704   0008D4                     __end_of_ISR:
   705                           	callstack 0
   706                           
   707                           	psect	smallconst
   708   000800                     __psmallconst:
   709                           	callstack 0
   710   000800  00                 	db	0
   711   000801  00                 	db	0	; dummy byte at the end
   712   000000                     __activetblptr  equ	0
   713                           
   714                           	psect	rparam
   715   000001                     ___rparam_used  equ	1
   716   000000                     ___param_bank   equ	0
   717   000000                     __Lparam        equ	__Lrparam
   718   000000                     __Hparam        equ	__Hrparam
   719                           
   720                           	psect	temp
   721   000006                     btemp:
   722                           	callstack 0
   723   000006                     	ds	1
   724   000006                     int$flags       set	btemp
   725   000007                     wtemp8          set	btemp+1
   726   000007                     ttemp5          set	btemp+1
   727   00000A                     ttemp6          set	btemp+4
   728   00000E                     ttemp7          set	btemp+8
   729                           
   730                           	psect	idloc
   731                           
   732                           ;Config register IDLOC0 @ 0x200000
   733                           ;	unspecified, using default values
   734   200000                     	org	2097152
   735   200000  FF                 	db	255
   736                           
   737                           ;Config register IDLOC1 @ 0x200001
   738                           ;	unspecified, using default values
   739   200001                     	org	2097153
   740   200001  FF                 	db	255
   741                           
   742                           ;Config register IDLOC2 @ 0x200002
   743                           ;	unspecified, using default values
   744   200002                     	org	2097154
   745   200002  FF                 	db	255
   746                           
   747                           ;Config register IDLOC3 @ 0x200003
   748                           ;	unspecified, using default values
   749   200003                     	org	2097155
   750   200003  FF                 	db	255
   751                           
   752                           ;Config register IDLOC4 @ 0x200004
   753                           ;	unspecified, using default values
   754   200004                     	org	2097156
   755   200004  FF                 	db	255
   756                           
   757                           ;Config register IDLOC5 @ 0x200005
   758                           ;	unspecified, using default values
   759   200005                     	org	2097157
   760   200005  FF                 	db	255
   761                           
   762                           ;Config register IDLOC6 @ 0x200006
   763                           ;	unspecified, using default values
   764   200006                     	org	2097158
   765   200006  FF                 	db	255
   766                           
   767                           ;Config register IDLOC7 @ 0x200007
   768                           ;	unspecified, using default values
   769   200007                     	org	2097159
   770   200007  FF                 	db	255
   771                           
   772                           	psect	config
   773                           
   774                           ;Config register CONFIG1L @ 0x300000
   775                           ;	unspecified, using default values
   776                           ;	PLL Prescaler Selection bits
   777                           ;	PLLDIV = 0x0, unprogrammed default
   778                           ;	System Clock Postscaler Selection bits
   779                           ;	CPUDIV = 0x0, unprogrammed default
   780                           ;	USB Clock Selection bit (used in Full-Speed USB mode only; UCFG:FSEN = 1)
   781                           ;	USBDIV = 0x0, unprogrammed default
   782   300000                     	org	3145728
   783   300000  00                 	db	0
   784                           
   785                           ;Config register CONFIG1H @ 0x300001
   786                           ;	Oscillator Selection bits
   787                           ;	FOSC = INTOSC_EC, Internal oscillator, CLKO function on RA6, EC used by USB (INTCKO)
   788                           ;	Fail-Safe Clock Monitor Enable bit
   789                           ;	FCMEN = 0x0, unprogrammed default
   790                           ;	Internal/External Oscillator Switchover bit
   791                           ;	IESO = 0x0, unprogrammed default
   792   300001                     	org	3145729
   793   300001  09                 	db	9
   794                           
   795                           ;Config register CONFIG2L @ 0x300002
   796                           ;	unspecified, using default values
   797                           ;	Power-up Timer Enable bit
   798                           ;	PWRT = 0x1, unprogrammed default
   799                           ;	Brown-out Reset Enable bits
   800                           ;	BOR = 0x3, unprogrammed default
   801                           ;	Brown-out Reset Voltage bits
   802                           ;	BORV = 0x3, unprogrammed default
   803                           ;	USB Voltage Regulator Enable bit
   804                           ;	VREGEN = 0x0, unprogrammed default
   805   300002                     	org	3145730
   806   300002  1F                 	db	31
   807                           
   808                           ;Config register CONFIG2H @ 0x300003
   809                           ;	Watchdog Timer Enable bit
   810                           ;	WDT = OFF, WDT disabled (control is placed on the SWDTEN bit)
   811                           ;	Watchdog Timer Postscale Select bits
   812                           ;	WDTPS = 0xF, unprogrammed default
   813   300003                     	org	3145731
   814   300003  1E                 	db	30
   815                           
   816                           ; Padding undefined space
   817   300004                     	org	3145732
   818   300004  FF                 	db	255
   819                           
   820                           ;Config register CONFIG3H @ 0x300005
   821                           ;	CCP2 MUX bit
   822                           ;	CCP2MX = 0x1, unprogrammed default
   823                           ;	PORTB A/D Enable bit
   824                           ;	PBADEN = OFF, PORTB<4:0> pins are configured as digital I/O on Reset
   825                           ;	Low-Power Timer 1 Oscillator Enable bit
   826                           ;	LPT1OSC = 0x0, unprogrammed default
   827                           ;	MCLR Pin Enable bit
   828                           ;	MCLRE = 0x1, unprogrammed default
   829   300005                     	org	3145733
   830   300005  81                 	db	129
   831                           
   832                           ;Config register CONFIG4L @ 0x300006
   833                           ;	Stack Full/Underflow Reset Enable bit
   834                           ;	STVREN = 0x1, unprogrammed default
   835                           ;	Single-Supply ICSP Enable bit
   836                           ;	LVP = OFF, Single-Supply ICSP disabled
   837                           ;	Dedicated In-Circuit Debug/Programming Port (ICPORT) Enable bit
   838                           ;	ICPRT = 0x0, unprogrammed default
   839                           ;	Extended Instruction Set Enable bit
   840                           ;	XINST = 0x0, unprogrammed default
   841                           ;	Background Debugger Enable bit
   842                           ;	DEBUG = 0x1, unprogrammed default
   843   300006                     	org	3145734
   844   300006  81                 	db	129
   845                           
   846                           ; Padding undefined space
   847   300007                     	org	3145735
   848   300007  FF                 	db	255
   849                           
   850                           ;Config register CONFIG5L @ 0x300008
   851                           ;	unspecified, using default values
   852                           ;	Code Protection bit
   853                           ;	CP0 = 0x1, unprogrammed default
   854                           ;	Code Protection bit
   855                           ;	CP1 = 0x1, unprogrammed default
   856                           ;	Code Protection bit
   857                           ;	CP2 = 0x1, unprogrammed default
   858                           ;	Code Protection bit
   859                           ;	CP3 = 0x1, unprogrammed default
   860   300008                     	org	3145736
   861   300008  0F                 	db	15
   862                           
   863                           ;Config register CONFIG5H @ 0x300009
   864                           ;	unspecified, using default values
   865                           ;	Boot Block Code Protection bit
   866                           ;	CPB = 0x1, unprogrammed default
   867                           ;	Data EEPROM Code Protection bit
   868                           ;	CPD = 0x1, unprogrammed default
   869   300009                     	org	3145737
   870   300009  C0                 	db	192
   871                           
   872                           ;Config register CONFIG6L @ 0x30000A
   873                           ;	unspecified, using default values
   874                           ;	Write Protection bit
   875                           ;	WRT0 = 0x1, unprogrammed default
   876                           ;	Write Protection bit
   877                           ;	WRT1 = 0x1, unprogrammed default
   878                           ;	Write Protection bit
   879                           ;	WRT2 = 0x1, unprogrammed default
   880                           ;	Write Protection bit
   881                           ;	WRT3 = 0x1, unprogrammed default
   882   30000A                     	org	3145738
   883   30000A  0F                 	db	15
   884                           
   885                           ;Config register CONFIG6H @ 0x30000B
   886                           ;	unspecified, using default values
   887                           ;	Configuration Register Write Protection bit
   888                           ;	WRTC = 0x1, unprogrammed default
   889                           ;	Boot Block Write Protection bit
   890                           ;	WRTB = 0x1, unprogrammed default
   891                           ;	Data EEPROM Write Protection bit
   892                           ;	WRTD = 0x1, unprogrammed default
   893   30000B                     	org	3145739
   894   30000B  E0                 	db	224
   895                           
   896                           ;Config register CONFIG7L @ 0x30000C
   897                           ;	unspecified, using default values
   898                           ;	Table Read Protection bit
   899                           ;	EBTR0 = 0x1, unprogrammed default
   900                           ;	Table Read Protection bit
   901                           ;	EBTR1 = 0x1, unprogrammed default
   902                           ;	Table Read Protection bit
   903                           ;	EBTR2 = 0x1, unprogrammed default
   904                           ;	Table Read Protection bit
   905                           ;	EBTR3 = 0x1, unprogrammed default
   906   30000C                     	org	3145740
   907   30000C  0F                 	db	15
   908                           
   909                           ;Config register CONFIG7H @ 0x30000D
   910                           ;	unspecified, using default values
   911                           ;	Boot Block Table Read Protection bit
   912                           ;	EBTRB = 0x1, unprogrammed default
   913   30000D                     	org	3145741
   914   30000D  40                 	db	64
   915                           tosu	equ	0xFFF
   916                           tosh	equ	0xFFE
   917                           tosl	equ	0xFFD
   918                           stkptr	equ	0xFFC
   919                           pclatu	equ	0xFFB
   920                           pclath	equ	0xFFA
   921                           pcl	equ	0xFF9
   922                           tblptru	equ	0xFF8
   923                           tblptrh	equ	0xFF7
   924                           tblptrl	equ	0xFF6
   925                           tablat	equ	0xFF5
   926                           prodh	equ	0xFF4
   927                           prodl	equ	0xFF3
   928                           indf0	equ	0xFEF
   929                           postinc0	equ	0xFEE
   930                           postdec0	equ	0xFED
   931                           preinc0	equ	0xFEC
   932                           plusw0	equ	0xFEB
   933                           fsr0h	equ	0xFEA
   934                           fsr0l	equ	0xFE9
   935                           wreg	equ	0xFE8
   936                           indf1	equ	0xFE7
   937                           postinc1	equ	0xFE6
   938                           postdec1	equ	0xFE5
   939                           preinc1	equ	0xFE4
   940                           plusw1	equ	0xFE3
   941                           fsr1h	equ	0xFE2
   942                           fsr1l	equ	0xFE1
   943                           bsr	equ	0xFE0
   944                           indf2	equ	0xFDF
   945                           postinc2	equ	0xFDE
   946                           postdec2	equ	0xFDD
   947                           preinc2	equ	0xFDC
   948                           plusw2	equ	0xFDB
   949                           fsr2h	equ	0xFDA
   950                           fsr2l	equ	0xFD9
   951                           status	equ	0xFD8

Data Sizes:
    Strings     0
    Constant    0
    Data        1
    BSS         1
    Persistent  0
    Stack       0

Auto Spaces:
    Space          Size  Autos    Used
    COMRAM           94      3       5
    BANK0           160      0       0
    BANK1           256      0       0
    BANK2           256      0       0
    BANK3           256      0       0
    BANK4           256      0       0
    BANK5           256      0       0
    BANK6           256      0       0
    BANK7           256      0       0

Pointer List with Targets:

    None.

Critical Paths under _main in COMRAM

    None.

Critical Paths under _ISR in COMRAM

    None.

Critical Paths under _main in BANK0

    None.

Critical Paths under _ISR in BANK0

    None.

Critical Paths under _main in BANK1

    None.

Critical Paths under _ISR in BANK1

    None.

Critical Paths under _main in BANK2

    None.

Critical Paths under _ISR in BANK2

    None.

Critical Paths under _main in BANK3

    None.

Critical Paths under _ISR in BANK3

    None.

Critical Paths under _main in BANK4

    None.

Critical Paths under _ISR in BANK4

    None.

Critical Paths under _main in BANK5

    None.

Critical Paths under _ISR in BANK5

    None.

Critical Paths under _main in BANK6

    None.

Critical Paths under _ISR in BANK6

    None.

Critical Paths under _main in BANK7

    None.

Critical Paths under _ISR in BANK7

    None.

Call Graph Tables:

 ---------------------------------------------------------------------------------
 (Depth) Function   	        Calls       Base Space   Used Autos Params    Refs
 ---------------------------------------------------------------------------------
 (0) _main                                                 2     2      0      15
                                              1 COMRAM     2     2      0
 ---------------------------------------------------------------------------------
 Estimated maximum stack depth 0
 ---------------------------------------------------------------------------------
 (Depth) Function   	        Calls       Base Space   Used Autos Params    Refs
 ---------------------------------------------------------------------------------
 (1) _ISR                                                  1     1      0       0
                                              0 COMRAM     1     1      0
 ---------------------------------------------------------------------------------
 Estimated maximum stack depth 1
 ---------------------------------------------------------------------------------

 Call Graph Graphs:

 _main (ROOT)

 _ISR (ROOT)

Address spaces:
Name               Size   Autos  Total    Usage
BIGRAM            2047      0       0      0.0%
BITBANK7           256      0       0      0.0%
BANK7              256      0       0      0.0%
BITBANK6           256      0       0      0.0%
BANK6              256      0       0      0.0%
BITBANK5           256      0       0      0.0%
BANK5              256      0       0      0.0%
BITBANK4           256      0       0      0.0%
BANK4              256      0       0      0.0%
BITBANK3           256      0       0      0.0%
BANK3              256      0       0      0.0%
BITBANK2           256      0       0      0.0%
BANK2              256      0       0      0.0%
BITBANK1           256      0       0      0.0%
BANK1              256      0       0      0.0%
BITBANK0           160      0       0      0.0%
BANK0              160      0       0      0.0%
BITBIGSFRh         114      0       0      0.0%
BITCOMRAM           94      0       0      0.0%
COMRAM              94      3       5      5.3%
BITBIGSFRll         33      0       0      0.0%
BITBIGSFRlh         11      0       0      0.0%
STACK                0      0       0      0.0%
DATA                 0      0       5      0.0%


Microchip Technology PIC18 Macro Assembler V2.50 build 20240725155939 
Symbol Table                                                                                   Sat Feb 08 16:42:25 2025

                    l151 091C                      l152 08FA                      l985 08F6  
                    _GIE 7F97                      _RB4 7C0C                      _RB5 7C0D  
                    _RB6 7C0E                      _RB7 7C0F                      u237 08E6  
                    u247 0902                      u257 0912                      _ISR 0008  
                    wreg 0FE8                     ?_ISR 0001                     _LATB 0F8A  
                   _LATD 0F8C                     _RBIE 7F93                     _RBIF 7F90  
                   _RBPU 7F8F                     _TMR0 0FD6                     _main 08D4  
                   btemp 0006                     start 000E             ___param_bank 0000  
                  ??_ISR 0001                    ?_main 0001                    _LATD0 7C60  
                  _LATD1 7C61                    i2l211 088A                    i2l203 0866  
                  i2l212 08A2                    i2l213 0892                    i2l205 086E  
                  i2l215 089A                    i2l207 0876                    i2l191 082E  
                  i2l195 0842                    i2l187 081E                    i2l197 084A  
                  i2l189 0826                    i2l199 0852                    _PORTB 0F81  
                  _TRISB 0F93                    _TRISD 0F95                    _Tecla 0004  
                  main@i 0003                    tablat 0FF5                    ttemp5 0007  
                  ttemp6 000A                    ttemp7 000E                    status 0FD8  
                  wtemp8 0007          __initialization 0928             __end_of_main 0928  
                 ??_main 0002            __activetblptr 0000                   i2l1011 0836  
                 i2l1023 085A                   i2l1035 087E                   i2l1051 08B8  
                 i2l1047 08A6                   _TMR0IF 7F92                   isa$std 0001  
           __pdataCOMRAM 0005             __mediumconst 0000                   tblptrh 0FF7  
                 tblptrl 0FF6                   tblptru 0FF8               __accesstop 0060  
__end_of__initialization 093C            ___rparam_used 0001           __pcstackCOMRAM 0001  
                i2u21_40 08CE                  i2u22_45 08D0                  i2u26_47 08AC  
                __Hparam 0000                  __Lparam 0000             __psmallconst 0800  
                __pcinit 0928                  __ramtop 0800                  __ptext0 08D4  
         __pintcode_body 0802     end_of_initialization 093C                  int_func 0802  
          __pidataCOMRAM 0946      start_initialization 0928              __end_of_ISR 08D4  
            __pbssCOMRAM 0004                __pintcode 0008              __smallconst 0800  
               __Hrparam 0000                 __Lrparam 0000                 _interfaz 0005  
               isa$xinst 0000                 int$flags 0006                 intlevel2 0000  
